mode: atomic
github.com/BenedictKing/claude-proxy/internal/handlers/gemini/channels.go:17.69,18.30 1 1
github.com/BenedictKing/claude-proxy/internal/handlers/gemini/channels.go:18.30,22.41 3 1
github.com/BenedictKing/claude-proxy/internal/handlers/gemini/channels.go:22.41,43.4 3 1
github.com/BenedictKing/claude-proxy/internal/handlers/gemini/channels.go:45.3,48.5 1 1
github.com/BenedictKing/claude-proxy/internal/handlers/gemini/channels.go:53.68,54.30 1 3
github.com/BenedictKing/claude-proxy/internal/handlers/gemini/channels.go:54.30,56.53 2 3
github.com/BenedictKing/claude-proxy/internal/handlers/gemini/channels.go:56.53,59.4 2 1
github.com/BenedictKing/claude-proxy/internal/handlers/gemini/channels.go:61.3,61.64 1 2
github.com/BenedictKing/claude-proxy/internal/handlers/gemini/channels.go:61.64,64.4 2 1
github.com/BenedictKing/claude-proxy/internal/handlers/gemini/channels.go:66.3,66.70 1 1
github.com/BenedictKing/claude-proxy/internal/handlers/gemini/channels.go:71.104,72.30 1 4
github.com/BenedictKing/claude-proxy/internal/handlers/gemini/channels.go:72.30,75.17 3 5
github.com/BenedictKing/claude-proxy/internal/handlers/gemini/channels.go:75.17,78.4 2 1
github.com/BenedictKing/claude-proxy/internal/handlers/gemini/channels.go:80.3,81.52 2 4
github.com/BenedictKing/claude-proxy/internal/handlers/gemini/channels.go:81.52,84.4 2 1
github.com/BenedictKing/claude-proxy/internal/handlers/gemini/channels.go:86.3,87.17 2 3
github.com/BenedictKing/claude-proxy/internal/handlers/gemini/channels.go:87.17,90.4 2 1
github.com/BenedictKing/claude-proxy/internal/handlers/gemini/channels.go:93.3,93.25 1 2
github.com/BenedictKing/claude-proxy/internal/handlers/gemini/channels.go:93.25,95.4 1 1
github.com/BenedictKing/claude-proxy/internal/handlers/gemini/channels.go:97.3,97.72 1 2
github.com/BenedictKing/claude-proxy/internal/handlers/gemini/channels.go:102.71,103.30 1 3
github.com/BenedictKing/claude-proxy/internal/handlers/gemini/channels.go:103.30,106.17 3 3
github.com/BenedictKing/claude-proxy/internal/handlers/gemini/channels.go:106.17,109.4 2 1
github.com/BenedictKing/claude-proxy/internal/handlers/gemini/channels.go:111.3,111.64 1 2
github.com/BenedictKing/claude-proxy/internal/handlers/gemini/channels.go:111.64,114.4 2 1
github.com/BenedictKing/claude-proxy/internal/handlers/gemini/channels.go:116.3,116.72 1 1
github.com/BenedictKing/claude-proxy/internal/handlers/gemini/channels.go:121.66,122.30 1 2
github.com/BenedictKing/claude-proxy/internal/handlers/gemini/channels.go:122.30,125.17 3 5
github.com/BenedictKing/claude-proxy/internal/handlers/gemini/channels.go:125.17,128.4 2 1
github.com/BenedictKing/claude-proxy/internal/handlers/gemini/channels.go:130.3,133.48 2 4
github.com/BenedictKing/claude-proxy/internal/handlers/gemini/channels.go:133.48,136.4 2 1
github.com/BenedictKing/claude-proxy/internal/handlers/gemini/channels.go:138.3,138.68 1 3
github.com/BenedictKing/claude-proxy/internal/handlers/gemini/channels.go:138.68,139.62 1 2
github.com/BenedictKing/claude-proxy/internal/handlers/gemini/channels.go:139.62,141.5 1 1
github.com/BenedictKing/claude-proxy/internal/handlers/gemini/channels.go:141.10,141.66 1 1
github.com/BenedictKing/claude-proxy/internal/handlers/gemini/channels.go:141.66,143.5 1 1
github.com/BenedictKing/claude-proxy/internal/handlers/gemini/channels.go:143.10,145.5 1 0
github.com/BenedictKing/claude-proxy/internal/handlers/gemini/channels.go:146.4,146.10 1 2
github.com/BenedictKing/claude-proxy/internal/handlers/gemini/channels.go:149.3,152.5 1 1
github.com/BenedictKing/claude-proxy/internal/handlers/gemini/channels.go:157.69,158.30 1 3
github.com/BenedictKing/claude-proxy/internal/handlers/gemini/channels.go:158.30,161.17 3 5
github.com/BenedictKing/claude-proxy/internal/handlers/gemini/channels.go:161.17,164.4 2 1
github.com/BenedictKing/claude-proxy/internal/handlers/gemini/channels.go:166.3,167.19 2 4
github.com/BenedictKing/claude-proxy/internal/handlers/gemini/channels.go:167.19,170.4 2 1
github.com/BenedictKing/claude-proxy/internal/handlers/gemini/channels.go:172.3,172.67 1 3
github.com/BenedictKing/claude-proxy/internal/handlers/gemini/channels.go:172.67,173.62 1 2
github.com/BenedictKing/claude-proxy/internal/handlers/gemini/channels.go:173.62,175.5 1 1
github.com/BenedictKing/claude-proxy/internal/handlers/gemini/channels.go:175.10,175.66 1 1
github.com/BenedictKing/claude-proxy/internal/handlers/gemini/channels.go:175.66,177.5 1 1
github.com/BenedictKing/claude-proxy/internal/handlers/gemini/channels.go:177.10,179.5 1 0
github.com/BenedictKing/claude-proxy/internal/handlers/gemini/channels.go:180.4,180.10 1 2
github.com/BenedictKing/claude-proxy/internal/handlers/gemini/channels.go:183.3,185.5 1 1
github.com/BenedictKing/claude-proxy/internal/handlers/gemini/channels.go:190.72,191.30 1 2
github.com/BenedictKing/claude-proxy/internal/handlers/gemini/channels.go:191.30,195.70 3 2
github.com/BenedictKing/claude-proxy/internal/handlers/gemini/channels.go:195.70,198.4 2 1
github.com/BenedictKing/claude-proxy/internal/handlers/gemini/channels.go:199.3,199.54 1 1
github.com/BenedictKing/claude-proxy/internal/handlers/gemini/channels.go:204.75,205.30 1 2
github.com/BenedictKing/claude-proxy/internal/handlers/gemini/channels.go:205.30,209.73 3 2
github.com/BenedictKing/claude-proxy/internal/handlers/gemini/channels.go:209.73,212.4 2 1
github.com/BenedictKing/claude-proxy/internal/handlers/gemini/channels.go:213.3,213.54 1 1
github.com/BenedictKing/claude-proxy/internal/handlers/gemini/channels.go:218.72,219.30 1 3
github.com/BenedictKing/claude-proxy/internal/handlers/gemini/channels.go:219.30,223.48 2 3
github.com/BenedictKing/claude-proxy/internal/handlers/gemini/channels.go:223.48,226.4 2 1
github.com/BenedictKing/claude-proxy/internal/handlers/gemini/channels.go:228.3,228.70 1 2
github.com/BenedictKing/claude-proxy/internal/handlers/gemini/channels.go:228.70,231.4 2 1
github.com/BenedictKing/claude-proxy/internal/handlers/gemini/channels.go:233.3,236.5 1 1
github.com/BenedictKing/claude-proxy/internal/handlers/gemini/channels.go:241.73,242.30 1 4
github.com/BenedictKing/claude-proxy/internal/handlers/gemini/channels.go:242.30,245.17 3 5
github.com/BenedictKing/claude-proxy/internal/handlers/gemini/channels.go:245.17,248.4 2 1
github.com/BenedictKing/claude-proxy/internal/handlers/gemini/channels.go:250.3,253.48 2 4
github.com/BenedictKing/claude-proxy/internal/handlers/gemini/channels.go:253.48,256.4 2 0
github.com/BenedictKing/claude-proxy/internal/handlers/gemini/channels.go:258.3,258.75 1 4
github.com/BenedictKing/claude-proxy/internal/handlers/gemini/channels.go:258.75,259.62 1 3
github.com/BenedictKing/claude-proxy/internal/handlers/gemini/channels.go:259.62,261.5 1 2
github.com/BenedictKing/claude-proxy/internal/handlers/gemini/channels.go:261.10,263.5 1 1
github.com/BenedictKing/claude-proxy/internal/handlers/gemini/channels.go:264.4,264.10 1 3
github.com/BenedictKing/claude-proxy/internal/handlers/gemini/channels.go:267.3,271.5 1 1
github.com/BenedictKing/claude-proxy/internal/handlers/gemini/channels.go:276.76,277.30 1 1
github.com/BenedictKing/claude-proxy/internal/handlers/gemini/channels.go:277.30,280.17 3 4
github.com/BenedictKing/claude-proxy/internal/handlers/gemini/channels.go:280.17,283.4 2 1
github.com/BenedictKing/claude-proxy/internal/handlers/gemini/channels.go:285.3,288.48 2 3
github.com/BenedictKing/claude-proxy/internal/handlers/gemini/channels.go:288.48,291.4 2 1
github.com/BenedictKing/claude-proxy/internal/handlers/gemini/channels.go:293.3,294.76 2 2
github.com/BenedictKing/claude-proxy/internal/handlers/gemini/channels.go:294.76,297.4 2 0
github.com/BenedictKing/claude-proxy/internal/handlers/gemini/channels.go:299.3,299.24 1 2
github.com/BenedictKing/claude-proxy/internal/handlers/gemini/channels.go:299.24,304.4 1 1
github.com/BenedictKing/claude-proxy/internal/handlers/gemini/channels.go:304.9,310.4 1 1
github.com/BenedictKing/claude-proxy/internal/handlers/gemini/channels.go:315.68,316.30 1 2
github.com/BenedictKing/claude-proxy/internal/handlers/gemini/channels.go:316.30,319.17 3 5
github.com/BenedictKing/claude-proxy/internal/handlers/gemini/channels.go:319.17,322.4 2 1
github.com/BenedictKing/claude-proxy/internal/handlers/gemini/channels.go:324.3,325.46 2 4
github.com/BenedictKing/claude-proxy/internal/handlers/gemini/channels.go:325.46,328.4 2 1
github.com/BenedictKing/claude-proxy/internal/handlers/gemini/channels.go:330.3,332.20 3 3
github.com/BenedictKing/claude-proxy/internal/handlers/gemini/channels.go:332.20,335.4 2 1
github.com/BenedictKing/claude-proxy/internal/handlers/gemini/channels.go:338.3,342.32 4 2
github.com/BenedictKing/claude-proxy/internal/handlers/gemini/channels.go:342.32,344.4 1 2
github.com/BenedictKing/claude-proxy/internal/handlers/gemini/channels.go:346.3,350.17 4 2
github.com/BenedictKing/claude-proxy/internal/handlers/gemini/channels.go:350.17,357.4 2 1
github.com/BenedictKing/claude-proxy/internal/handlers/gemini/channels.go:358.3,364.5 2 1
github.com/BenedictKing/claude-proxy/internal/handlers/gemini/channels.go:369.72,370.30 1 1
github.com/BenedictKing/claude-proxy/internal/handlers/gemini/channels.go:370.30,376.47 4 1
github.com/BenedictKing/claude-proxy/internal/handlers/gemini/channels.go:376.47,378.21 2 3
github.com/BenedictKing/claude-proxy/internal/handlers/gemini/channels.go:378.21,385.13 2 1
github.com/BenedictKing/claude-proxy/internal/handlers/gemini/channels.go:388.4,390.33 3 2
github.com/BenedictKing/claude-proxy/internal/handlers/gemini/channels.go:390.33,392.5 1 2
github.com/BenedictKing/claude-proxy/internal/handlers/gemini/channels.go:394.4,398.18 4 2
github.com/BenedictKing/claude-proxy/internal/handlers/gemini/channels.go:398.18,406.13 2 1
github.com/BenedictKing/claude-proxy/internal/handlers/gemini/channels.go:408.4,416.5 2 1
github.com/BenedictKing/claude-proxy/internal/handlers/gemini/channels.go:419.3,421.5 1 1
github.com/BenedictKing/claude-proxy/internal/handlers/gemini/channels.go:426.74,427.30 1 1
github.com/BenedictKing/claude-proxy/internal/handlers/gemini/channels.go:427.30,431.48 2 3
github.com/BenedictKing/claude-proxy/internal/handlers/gemini/channels.go:431.48,434.4 2 1
github.com/BenedictKing/claude-proxy/internal/handlers/gemini/channels.go:436.3,436.71 1 2
github.com/BenedictKing/claude-proxy/internal/handlers/gemini/channels.go:436.71,439.4 2 1
github.com/BenedictKing/claude-proxy/internal/handlers/gemini/channels.go:441.3,445.5 1 1
github.com/BenedictKing/claude-proxy/internal/handlers/gemini/handler.go:48.42,49.45 1 37
github.com/BenedictKing/claude-proxy/internal/handlers/gemini/handler.go:49.45,51.3 1 29
github.com/BenedictKing/claude-proxy/internal/handlers/gemini/handler.go:52.2,61.4 1 8
github.com/BenedictKing/claude-proxy/internal/handlers/gemini/handler.go:64.46,66.24 2 7
github.com/BenedictKing/claude-proxy/internal/handlers/gemini/handler.go:66.24,68.3 1 6
github.com/BenedictKing/claude-proxy/internal/handlers/gemini/handler.go:69.2,69.29 1 1
github.com/BenedictKing/claude-proxy/internal/handlers/gemini/handler.go:87.19,96.2 2 13
github.com/BenedictKing/claude-proxy/internal/handlers/gemini/handler.go:100.42,107.18 5 13
github.com/BenedictKing/claude-proxy/internal/handlers/gemini/handler.go:107.18,110.20 2 10
github.com/BenedictKing/claude-proxy/internal/handlers/gemini/handler.go:110.20,112.4 1 0
github.com/BenedictKing/claude-proxy/internal/handlers/gemini/handler.go:115.2,124.33 4 13
github.com/BenedictKing/claude-proxy/internal/handlers/gemini/handler.go:124.33,127.3 2 2
github.com/BenedictKing/claude-proxy/internal/handlers/gemini/handler.go:129.2,129.15 1 13
github.com/BenedictKing/claude-proxy/internal/handlers/gemini/handler.go:129.15,130.27 1 13
github.com/BenedictKing/claude-proxy/internal/handlers/gemini/handler.go:130.27,132.4 1 11
github.com/BenedictKing/claude-proxy/internal/handlers/gemini/handler.go:134.3,136.81 3 2
github.com/BenedictKing/claude-proxy/internal/handlers/gemini/handler.go:136.81,138.4 1 0
github.com/BenedictKing/claude-proxy/internal/handlers/gemini/handler.go:140.3,141.26 2 2
github.com/BenedictKing/claude-proxy/internal/handlers/gemini/handler.go:141.26,143.4 1 2
github.com/BenedictKing/claude-proxy/internal/handlers/gemini/handler.go:145.3,146.54 2 2
github.com/BenedictKing/claude-proxy/internal/handlers/gemini/handler.go:146.54,148.4 1 0
github.com/BenedictKing/claude-proxy/internal/handlers/gemini/handler.go:150.3,151.36 2 2
github.com/BenedictKing/claude-proxy/internal/handlers/gemini/handler.go:151.36,153.4 1 1
github.com/BenedictKing/claude-proxy/internal/handlers/gemini/handler.go:155.3,172.18 1 2
github.com/BenedictKing/claude-proxy/internal/handlers/gemini/handler.go:172.18,174.4 1 0
github.com/BenedictKing/claude-proxy/internal/handlers/gemini/handler.go:178.2,180.16 3 13
github.com/BenedictKing/claude-proxy/internal/handlers/gemini/handler.go:180.16,184.3 3 0
github.com/BenedictKing/claude-proxy/internal/handlers/gemini/handler.go:187.2,188.24 2 13
github.com/BenedictKing/claude-proxy/internal/handlers/gemini/handler.go:188.24,189.63 1 13
github.com/BenedictKing/claude-proxy/internal/handlers/gemini/handler.go:189.63,200.4 4 1
github.com/BenedictKing/claude-proxy/internal/handlers/gemini/handler.go:206.2,210.17 4 12
github.com/BenedictKing/claude-proxy/internal/handlers/gemini/handler.go:210.17,221.3 4 1
github.com/BenedictKing/claude-proxy/internal/handlers/gemini/handler.go:224.2,238.20 8 11
github.com/BenedictKing/claude-proxy/internal/handlers/gemini/handler.go:238.20,240.3 1 1
github.com/BenedictKing/claude-proxy/internal/handlers/gemini/handler.go:240.8,242.3 1 10
github.com/BenedictKing/claude-proxy/internal/handlers/gemini/handler.go:246.49,248.53 1 15
github.com/BenedictKing/claude-proxy/internal/handlers/gemini/handler.go:248.53,250.3 1 4
github.com/BenedictKing/claude-proxy/internal/handlers/gemini/handler.go:252.2,252.38 1 11
github.com/BenedictKing/claude-proxy/internal/handlers/gemini/handler.go:252.38,254.3 1 1
github.com/BenedictKing/claude-proxy/internal/handlers/gemini/handler.go:255.2,255.11 1 10
github.com/BenedictKing/claude-proxy/internal/handlers/gemini/handler.go:261.44,262.17 1 15
github.com/BenedictKing/claude-proxy/internal/handlers/gemini/handler.go:262.17,264.3 1 2
github.com/BenedictKing/claude-proxy/internal/handlers/gemini/handler.go:266.2,266.47 1 13
github.com/BenedictKing/claude-proxy/internal/handlers/gemini/handler.go:266.47,268.3 1 12
github.com/BenedictKing/claude-proxy/internal/handlers/gemini/handler.go:269.2,269.14 1 1
github.com/BenedictKing/claude-proxy/internal/handlers/gemini/handler.go:285.3,292.81 5 1
github.com/BenedictKing/claude-proxy/internal/handlers/gemini/handler.go:292.81,294.17 2 2
github.com/BenedictKing/claude-proxy/internal/handlers/gemini/handler.go:294.17,296.9 2 0
github.com/BenedictKing/claude-proxy/internal/handlers/gemini/handler.go:299.3,301.20 3 2
github.com/BenedictKing/claude-proxy/internal/handlers/gemini/handler.go:301.20,305.4 3 2
github.com/BenedictKing/claude-proxy/internal/handlers/gemini/handler.go:307.3,307.31 1 2
github.com/BenedictKing/claude-proxy/internal/handlers/gemini/handler.go:307.31,310.4 1 2
github.com/BenedictKing/claude-proxy/internal/handlers/gemini/handler.go:312.3,318.14 2 2
github.com/BenedictKing/claude-proxy/internal/handlers/gemini/handler.go:318.14,319.24 1 1
github.com/BenedictKing/claude-proxy/internal/handlers/gemini/handler.go:319.24,320.22 1 1
github.com/BenedictKing/claude-proxy/internal/handlers/gemini/handler.go:320.22,326.6 5 1
github.com/BenedictKing/claude-proxy/internal/handlers/gemini/handler.go:327.5,327.125 1 1
github.com/BenedictKing/claude-proxy/internal/handlers/gemini/handler.go:329.4,329.41 1 1
github.com/BenedictKing/claude-proxy/internal/handlers/gemini/handler.go:329.41,332.5 2 0
github.com/BenedictKing/claude-proxy/internal/handlers/gemini/handler.go:333.4,334.10 2 1
github.com/BenedictKing/claude-proxy/internal/handlers/gemini/handler.go:337.3,339.25 2 1
github.com/BenedictKing/claude-proxy/internal/handlers/gemini/handler.go:339.25,342.4 2 1
github.com/BenedictKing/claude-proxy/internal/handlers/gemini/handler.go:344.3,344.132 1 1
github.com/BenedictKing/claude-proxy/internal/handlers/gemini/handler.go:347.2,348.19 2 0
github.com/BenedictKing/claude-proxy/internal/handlers/gemini/handler.go:348.19,350.23 2 0
github.com/BenedictKing/claude-proxy/internal/handlers/gemini/handler.go:350.23,352.4 1 0
github.com/BenedictKing/claude-proxy/internal/handlers/gemini/handler.go:352.9,352.38 1 0
github.com/BenedictKing/claude-proxy/internal/handlers/gemini/handler.go:352.38,354.4 1 0
github.com/BenedictKing/claude-proxy/internal/handlers/gemini/handler.go:356.2,356.58 1 0
github.com/BenedictKing/claude-proxy/internal/handlers/gemini/handler.go:373.60,374.32 1 3
github.com/BenedictKing/claude-proxy/internal/handlers/gemini/handler.go:374.32,376.3 1 0
github.com/BenedictKing/claude-proxy/internal/handlers/gemini/handler.go:378.2,389.20 7 3
github.com/BenedictKing/claude-proxy/internal/handlers/gemini/handler.go:389.20,391.3 1 0
github.com/BenedictKing/claude-proxy/internal/handlers/gemini/handler.go:393.2,393.53 1 3
github.com/BenedictKing/claude-proxy/internal/handlers/gemini/handler.go:393.53,399.53 5 4
github.com/BenedictKing/claude-proxy/internal/handlers/gemini/handler.go:399.53,403.18 3 5
github.com/BenedictKing/claude-proxy/internal/handlers/gemini/handler.go:403.18,404.10 1 0
github.com/BenedictKing/claude-proxy/internal/handlers/gemini/handler.go:406.4,406.21 1 5
github.com/BenedictKing/claude-proxy/internal/handlers/gemini/handler.go:406.21,411.5 4 2
github.com/BenedictKing/claude-proxy/internal/handlers/gemini/handler.go:414.4,414.82 1 5
github.com/BenedictKing/claude-proxy/internal/handlers/gemini/handler.go:414.82,417.13 3 0
github.com/BenedictKing/claude-proxy/internal/handlers/gemini/handler.go:420.4,420.32 1 5
github.com/BenedictKing/claude-proxy/internal/handlers/gemini/handler.go:420.32,423.5 1 5
github.com/BenedictKing/claude-proxy/internal/handlers/gemini/handler.go:426.4,427.18 2 5
github.com/BenedictKing/claude-proxy/internal/handlers/gemini/handler.go:427.18,430.13 3 0
github.com/BenedictKing/claude-proxy/internal/handlers/gemini/handler.go:433.4,434.18 2 5
github.com/BenedictKing/claude-proxy/internal/handlers/gemini/handler.go:434.18,440.13 6 0
github.com/BenedictKing/claude-proxy/internal/handlers/gemini/handler.go:443.4,443.55 1 5
github.com/BenedictKing/claude-proxy/internal/handlers/gemini/handler.go:443.55,449.23 5 3
github.com/BenedictKing/claude-proxy/internal/handlers/gemini/handler.go:449.23,461.24 7 3
github.com/BenedictKing/claude-proxy/internal/handlers/gemini/handler.go:461.24,463.7 1 1
github.com/BenedictKing/claude-proxy/internal/handlers/gemini/handler.go:464.6,464.14 1 3
github.com/BenedictKing/claude-proxy/internal/handlers/gemini/handler.go:468.5,469.22 2 0
github.com/BenedictKing/claude-proxy/internal/handlers/gemini/handler.go:469.22,472.6 2 0
github.com/BenedictKing/claude-proxy/internal/handlers/gemini/handler.go:473.5,474.33 2 0
github.com/BenedictKing/claude-proxy/internal/handlers/gemini/handler.go:477.4,477.39 1 2
github.com/BenedictKing/claude-proxy/internal/handlers/gemini/handler.go:477.39,478.45 1 1
github.com/BenedictKing/claude-proxy/internal/handlers/gemini/handler.go:478.45,480.6 1 1
github.com/BenedictKing/claude-proxy/internal/handlers/gemini/handler.go:483.4,486.21 3 2
github.com/BenedictKing/claude-proxy/internal/handlers/gemini/handler.go:486.21,490.5 3 1
github.com/BenedictKing/claude-proxy/internal/handlers/gemini/handler.go:491.4,491.48 1 2
github.com/BenedictKing/claude-proxy/internal/handlers/gemini/handler.go:494.3,494.42 1 2
github.com/BenedictKing/claude-proxy/internal/handlers/gemini/handler.go:494.42,496.4 1 1
github.com/BenedictKing/claude-proxy/internal/handlers/gemini/handler.go:499.2,499.45 1 1
github.com/BenedictKing/claude-proxy/internal/handlers/gemini/handler.go:514.3,516.16 2 10
github.com/BenedictKing/claude-proxy/internal/handlers/gemini/handler.go:516.16,517.20 1 1
github.com/BenedictKing/claude-proxy/internal/handlers/gemini/handler.go:517.20,520.4 2 1
github.com/BenedictKing/claude-proxy/internal/handlers/gemini/handler.go:521.3,528.9 2 1
github.com/BenedictKing/claude-proxy/internal/handlers/gemini/handler.go:531.2,531.32 1 9
github.com/BenedictKing/claude-proxy/internal/handlers/gemini/handler.go:531.32,532.20 1 1
github.com/BenedictKing/claude-proxy/internal/handlers/gemini/handler.go:532.20,538.4 5 1
github.com/BenedictKing/claude-proxy/internal/handlers/gemini/handler.go:539.3,546.9 2 1
github.com/BenedictKing/claude-proxy/internal/handlers/gemini/handler.go:549.2,552.19 3 8
github.com/BenedictKing/claude-proxy/internal/handlers/gemini/handler.go:552.19,556.3 3 8
github.com/BenedictKing/claude-proxy/internal/handlers/gemini/handler.go:558.2,563.20 5 8
github.com/BenedictKing/claude-proxy/internal/handlers/gemini/handler.go:563.20,565.3 1 0
github.com/BenedictKing/claude-proxy/internal/handlers/gemini/handler.go:567.2,567.51 1 8
github.com/BenedictKing/claude-proxy/internal/handlers/gemini/handler.go:567.51,571.53 3 8
github.com/BenedictKing/claude-proxy/internal/handlers/gemini/handler.go:571.53,575.18 3 10
github.com/BenedictKing/claude-proxy/internal/handlers/gemini/handler.go:575.18,577.10 2 0
github.com/BenedictKing/claude-proxy/internal/handlers/gemini/handler.go:579.4,579.21 1 10
github.com/BenedictKing/claude-proxy/internal/handlers/gemini/handler.go:579.21,582.5 2 10
github.com/BenedictKing/claude-proxy/internal/handlers/gemini/handler.go:584.4,584.82 1 10
github.com/BenedictKing/claude-proxy/internal/handlers/gemini/handler.go:584.82,587.13 3 0
github.com/BenedictKing/claude-proxy/internal/handlers/gemini/handler.go:590.4,590.32 1 10
github.com/BenedictKing/claude-proxy/internal/handlers/gemini/handler.go:590.32,594.5 2 10
github.com/BenedictKing/claude-proxy/internal/handlers/gemini/handler.go:596.4,597.18 2 10
github.com/BenedictKing/claude-proxy/internal/handlers/gemini/handler.go:597.18,601.13 4 0
github.com/BenedictKing/claude-proxy/internal/handlers/gemini/handler.go:604.4,605.18 2 10
github.com/BenedictKing/claude-proxy/internal/handlers/gemini/handler.go:605.18,611.13 6 0
github.com/BenedictKing/claude-proxy/internal/handlers/gemini/handler.go:614.4,614.55 1 10
github.com/BenedictKing/claude-proxy/internal/handlers/gemini/handler.go:614.55,620.23 5 4
github.com/BenedictKing/claude-proxy/internal/handlers/gemini/handler.go:620.23,632.24 7 3
github.com/BenedictKing/claude-proxy/internal/handlers/gemini/handler.go:632.24,634.7 1 1
github.com/BenedictKing/claude-proxy/internal/handlers/gemini/handler.go:635.6,635.14 1 3
github.com/BenedictKing/claude-proxy/internal/handlers/gemini/handler.go:638.5,639.22 2 1
github.com/BenedictKing/claude-proxy/internal/handlers/gemini/handler.go:639.22,642.6 2 1
github.com/BenedictKing/claude-proxy/internal/handlers/gemini/handler.go:643.5,644.11 2 1
github.com/BenedictKing/claude-proxy/internal/handlers/gemini/handler.go:647.4,647.39 1 6
github.com/BenedictKing/claude-proxy/internal/handlers/gemini/handler.go:647.39,648.45 1 1
github.com/BenedictKing/claude-proxy/internal/handlers/gemini/handler.go:648.45,650.6 1 1
github.com/BenedictKing/claude-proxy/internal/handlers/gemini/handler.go:653.4,655.21 3 6
github.com/BenedictKing/claude-proxy/internal/handlers/gemini/handler.go:655.21,659.5 3 6
github.com/BenedictKing/claude-proxy/internal/handlers/gemini/handler.go:660.4,660.10 1 6
github.com/BenedictKing/claude-proxy/internal/handlers/gemini/handler.go:664.2,665.19 2 1
github.com/BenedictKing/claude-proxy/internal/handlers/gemini/handler.go:665.19,667.23 2 1
github.com/BenedictKing/claude-proxy/internal/handlers/gemini/handler.go:667.23,669.4 1 1
github.com/BenedictKing/claude-proxy/internal/handlers/gemini/handler.go:669.9,669.38 1 0
github.com/BenedictKing/claude-proxy/internal/handlers/gemini/handler.go:669.38,671.4 1 0
github.com/BenedictKing/claude-proxy/internal/handlers/gemini/handler.go:673.2,673.54 1 1
github.com/BenedictKing/claude-proxy/internal/handlers/gemini/handler.go:685.26,693.30 5 26
github.com/BenedictKing/claude-proxy/internal/handlers/gemini/handler.go:694.16,697.17 2 19
github.com/BenedictKing/claude-proxy/internal/handlers/gemini/handler.go:697.17,699.4 1 0
github.com/BenedictKing/claude-proxy/internal/handlers/gemini/handler.go:701.3,702.15 2 19
github.com/BenedictKing/claude-proxy/internal/handlers/gemini/handler.go:702.15,704.4 1 4
github.com/BenedictKing/claude-proxy/internal/handlers/gemini/handler.go:705.3,706.15 2 19
github.com/BenedictKing/claude-proxy/internal/handlers/gemini/handler.go:706.15,708.4 1 4
github.com/BenedictKing/claude-proxy/internal/handlers/gemini/handler.go:710.16,713.17 2 3
github.com/BenedictKing/claude-proxy/internal/handlers/gemini/handler.go:713.17,715.4 1 0
github.com/BenedictKing/claude-proxy/internal/handlers/gemini/handler.go:716.3,718.17 3 3
github.com/BenedictKing/claude-proxy/internal/handlers/gemini/handler.go:718.17,720.4 1 0
github.com/BenedictKing/claude-proxy/internal/handlers/gemini/handler.go:721.3,721.71 1 3
github.com/BenedictKing/claude-proxy/internal/handlers/gemini/handler.go:723.16,726.17 2 3
github.com/BenedictKing/claude-proxy/internal/handlers/gemini/handler.go:726.17,728.4 1 0
github.com/BenedictKing/claude-proxy/internal/handlers/gemini/handler.go:729.3,731.17 3 3
github.com/BenedictKing/claude-proxy/internal/handlers/gemini/handler.go:731.17,733.4 1 0
github.com/BenedictKing/claude-proxy/internal/handlers/gemini/handler.go:734.3,734.79 1 3
github.com/BenedictKing/claude-proxy/internal/handlers/gemini/handler.go:736.10,739.17 2 1
github.com/BenedictKing/claude-proxy/internal/handlers/gemini/handler.go:739.17,741.4 1 0
github.com/BenedictKing/claude-proxy/internal/handlers/gemini/handler.go:742.3,743.15 2 1
github.com/BenedictKing/claude-proxy/internal/handlers/gemini/handler.go:743.15,745.4 1 0
github.com/BenedictKing/claude-proxy/internal/handlers/gemini/handler.go:746.3,747.15 2 1
github.com/BenedictKing/claude-proxy/internal/handlers/gemini/handler.go:747.15,749.4 1 0
github.com/BenedictKing/claude-proxy/internal/handlers/gemini/handler.go:752.2,753.16 2 26
github.com/BenedictKing/claude-proxy/internal/handlers/gemini/handler.go:753.16,755.3 1 0
github.com/BenedictKing/claude-proxy/internal/handlers/gemini/handler.go:759.2,765.30 3 26
github.com/BenedictKing/claude-proxy/internal/handlers/gemini/handler.go:766.16,767.58 1 19
github.com/BenedictKing/claude-proxy/internal/handlers/gemini/handler.go:768.16,770.52 2 3
github.com/BenedictKing/claude-proxy/internal/handlers/gemini/handler.go:771.16,772.52 1 3
github.com/BenedictKing/claude-proxy/internal/handlers/gemini/handler.go:773.10,774.58 1 1
github.com/BenedictKing/claude-proxy/internal/handlers/gemini/handler.go:777.2,777.17 1 26
github.com/BenedictKing/claude-proxy/internal/handlers/gemini/handler.go:790.16,793.14 2 18
github.com/BenedictKing/claude-proxy/internal/handlers/gemini/handler.go:793.14,795.3 1 2
github.com/BenedictKing/claude-proxy/internal/handlers/gemini/handler.go:798.2,799.16 2 16
github.com/BenedictKing/claude-proxy/internal/handlers/gemini/handler.go:799.16,808.3 2 2
github.com/BenedictKing/claude-proxy/internal/handlers/gemini/handler.go:810.2,810.31 1 14
github.com/BenedictKing/claude-proxy/internal/handlers/gemini/handler.go:810.31,813.3 2 0
github.com/BenedictKing/claude-proxy/internal/handlers/gemini/handler.go:816.2,818.22 2 14
github.com/BenedictKing/claude-proxy/internal/handlers/gemini/handler.go:819.16,821.64 1 8
github.com/BenedictKing/claude-proxy/internal/handlers/gemini/handler.go:821.64,824.4 2 1
github.com/BenedictKing/claude-proxy/internal/handlers/gemini/handler.go:826.16,829.64 2 2
github.com/BenedictKing/claude-proxy/internal/handlers/gemini/handler.go:829.64,832.4 2 0
github.com/BenedictKing/claude-proxy/internal/handlers/gemini/handler.go:833.3,834.17 2 2
github.com/BenedictKing/claude-proxy/internal/handlers/gemini/handler.go:834.17,837.4 2 0
github.com/BenedictKing/claude-proxy/internal/handlers/gemini/handler.go:839.16,842.64 2 2
github.com/BenedictKing/claude-proxy/internal/handlers/gemini/handler.go:842.64,845.4 2 0
github.com/BenedictKing/claude-proxy/internal/handlers/gemini/handler.go:846.3,847.17 2 2
github.com/BenedictKing/claude-proxy/internal/handlers/gemini/handler.go:847.17,850.4 2 0
github.com/BenedictKing/claude-proxy/internal/handlers/gemini/handler.go:852.10,855.13 2 2
github.com/BenedictKing/claude-proxy/internal/handlers/gemini/handler.go:859.2,860.16 2 11
github.com/BenedictKing/claude-proxy/internal/handlers/gemini/handler.go:860.16,863.3 2 0
github.com/BenedictKing/claude-proxy/internal/handlers/gemini/handler.go:865.2,869.37 3 11
github.com/BenedictKing/claude-proxy/internal/handlers/gemini/handler.go:869.37,874.3 1 9
github.com/BenedictKing/claude-proxy/internal/handlers/gemini/handler.go:876.2,876.14 1 11
github.com/BenedictKing/claude-proxy/internal/handlers/gemini/handler.go:880.98,881.24 1 3
github.com/BenedictKing/claude-proxy/internal/handlers/gemini/handler.go:881.24,884.3 2 2
github.com/BenedictKing/claude-proxy/internal/handlers/gemini/handler.go:886.2,887.22 2 1
github.com/BenedictKing/claude-proxy/internal/handlers/gemini/handler.go:887.22,889.3 1 0
github.com/BenedictKing/claude-proxy/internal/handlers/gemini/handler.go:891.2,897.4 1 1
github.com/BenedictKing/claude-proxy/internal/handlers/gemini/handler.go:901.94,902.24 1 3
github.com/BenedictKing/claude-proxy/internal/handlers/gemini/handler.go:902.24,905.3 2 1
github.com/BenedictKing/claude-proxy/internal/handlers/gemini/handler.go:907.2,908.22 2 2
github.com/BenedictKing/claude-proxy/internal/handlers/gemini/handler.go:908.22,910.3 1 1
github.com/BenedictKing/claude-proxy/internal/handlers/gemini/handler.go:912.2,918.4 1 2
github.com/BenedictKing/claude-proxy/internal/handlers/gemini/stream.go:25.16,33.9 6 5
github.com/BenedictKing/claude-proxy/internal/handlers/gemini/stream.go:33.9,35.3 1 0
github.com/BenedictKing/claude-proxy/internal/handlers/gemini/stream.go:37.2,39.22 2 5
github.com/BenedictKing/claude-proxy/internal/handlers/gemini/stream.go:40.16,41.62 1 2
github.com/BenedictKing/claude-proxy/internal/handlers/gemini/stream.go:42.16,43.69 1 1
github.com/BenedictKing/claude-proxy/internal/handlers/gemini/stream.go:44.16,45.69 1 1
github.com/BenedictKing/claude-proxy/internal/handlers/gemini/stream.go:46.10,48.62 1 1
github.com/BenedictKing/claude-proxy/internal/handlers/gemini/stream.go:51.2,51.31 1 5
github.com/BenedictKing/claude-proxy/internal/handlers/gemini/stream.go:51.31,54.3 2 4
github.com/BenedictKing/claude-proxy/internal/handlers/gemini/stream.go:56.2,56.19 1 5
github.com/BenedictKing/claude-proxy/internal/handlers/gemini/stream.go:65.16,71.21 4 4
github.com/BenedictKing/claude-proxy/internal/handlers/gemini/stream.go:71.21,75.40 2 8
github.com/BenedictKing/claude-proxy/internal/handlers/gemini/stream.go:75.40,80.67 3 6
github.com/BenedictKing/claude-proxy/internal/handlers/gemini/stream.go:80.67,81.35 1 5
github.com/BenedictKing/claude-proxy/internal/handlers/gemini/stream.go:81.35,86.6 1 3
github.com/BenedictKing/claude-proxy/internal/handlers/gemini/stream.go:89.4,89.39 1 6
github.com/BenedictKing/claude-proxy/internal/handlers/gemini/stream.go:90.9,90.24 1 2
github.com/BenedictKing/claude-proxy/internal/handlers/gemini/stream.go:90.24,92.4 1 1
github.com/BenedictKing/claude-proxy/internal/handlers/gemini/stream.go:92.9,94.4 1 1
github.com/BenedictKing/claude-proxy/internal/handlers/gemini/stream.go:96.3,96.21 1 8
github.com/BenedictKing/claude-proxy/internal/handlers/gemini/stream.go:96.21,98.4 1 6
github.com/BenedictKing/claude-proxy/internal/handlers/gemini/stream.go:101.2,101.19 1 4
github.com/BenedictKing/claude-proxy/internal/handlers/gemini/stream.go:111.16,118.21 5 1
github.com/BenedictKing/claude-proxy/internal/handlers/gemini/stream.go:118.21,121.41 2 2
github.com/BenedictKing/claude-proxy/internal/handlers/gemini/stream.go:121.41,122.12 1 0
github.com/BenedictKing/claude-proxy/internal/handlers/gemini/stream.go:125.3,126.27 2 2
github.com/BenedictKing/claude-proxy/internal/handlers/gemini/stream.go:126.27,127.9 1 0
github.com/BenedictKing/claude-proxy/internal/handlers/gemini/stream.go:130.3,131.66 2 2
github.com/BenedictKing/claude-proxy/internal/handlers/gemini/stream.go:131.66,132.12 1 0
github.com/BenedictKing/claude-proxy/internal/handlers/gemini/stream.go:135.3,137.20 2 2
github.com/BenedictKing/claude-proxy/internal/handlers/gemini/stream.go:138.30,141.11 2 1
github.com/BenedictKing/claude-proxy/internal/handlers/gemini/stream.go:141.11,142.13 1 0
github.com/BenedictKing/claude-proxy/internal/handlers/gemini/stream.go:144.4,145.33 2 1
github.com/BenedictKing/claude-proxy/internal/handlers/gemini/stream.go:145.33,165.23 6 1
github.com/BenedictKing/claude-proxy/internal/handlers/gemini/stream.go:165.23,167.6 1 1
github.com/BenedictKing/claude-proxy/internal/handlers/gemini/stream.go:170.24,172.64 1 1
github.com/BenedictKing/claude-proxy/internal/handlers/gemini/stream.go:172.64,175.53 3 1
github.com/BenedictKing/claude-proxy/internal/handlers/gemini/stream.go:175.53,177.6 1 1
github.com/BenedictKing/claude-proxy/internal/handlers/gemini/stream.go:178.5,178.54 1 1
github.com/BenedictKing/claude-proxy/internal/handlers/gemini/stream.go:178.54,180.6 1 1
github.com/BenedictKing/claude-proxy/internal/handlers/gemini/stream.go:181.5,201.23 5 1
github.com/BenedictKing/claude-proxy/internal/handlers/gemini/stream.go:201.23,203.6 1 1
github.com/BenedictKing/claude-proxy/internal/handlers/gemini/stream.go:208.2,208.19 1 1
github.com/BenedictKing/claude-proxy/internal/handlers/gemini/stream.go:218.16,225.21 5 2
github.com/BenedictKing/claude-proxy/internal/handlers/gemini/stream.go:225.21,228.41 2 11
github.com/BenedictKing/claude-proxy/internal/handlers/gemini/stream.go:228.41,229.12 1 1
github.com/BenedictKing/claude-proxy/internal/handlers/gemini/stream.go:232.3,233.27 2 10
github.com/BenedictKing/claude-proxy/internal/handlers/gemini/stream.go:233.27,234.9 1 2
github.com/BenedictKing/claude-proxy/internal/handlers/gemini/stream.go:237.3,238.66 2 8
github.com/BenedictKing/claude-proxy/internal/handlers/gemini/stream.go:238.66,239.12 1 1
github.com/BenedictKing/claude-proxy/internal/handlers/gemini/stream.go:242.3,243.31 2 7
github.com/BenedictKing/claude-proxy/internal/handlers/gemini/stream.go:243.31,245.64 1 2
github.com/BenedictKing/claude-proxy/internal/handlers/gemini/stream.go:245.64,248.54 3 2
github.com/BenedictKing/claude-proxy/internal/handlers/gemini/stream.go:248.54,250.6 1 2
github.com/BenedictKing/claude-proxy/internal/handlers/gemini/stream.go:251.5,251.58 1 2
github.com/BenedictKing/claude-proxy/internal/handlers/gemini/stream.go:251.58,253.6 1 2
github.com/BenedictKing/claude-proxy/internal/handlers/gemini/stream.go:254.5,269.23 5 2
github.com/BenedictKing/claude-proxy/internal/handlers/gemini/stream.go:269.23,271.6 1 2
github.com/BenedictKing/claude-proxy/internal/handlers/gemini/stream.go:273.4,273.12 1 2
github.com/BenedictKing/claude-proxy/internal/handlers/gemini/stream.go:276.3,277.10 2 5
github.com/BenedictKing/claude-proxy/internal/handlers/gemini/stream.go:277.10,278.12 1 1
github.com/BenedictKing/claude-proxy/internal/handlers/gemini/stream.go:282.3,286.10 3 4
github.com/BenedictKing/claude-proxy/internal/handlers/gemini/stream.go:286.10,287.39 1 2
github.com/BenedictKing/claude-proxy/internal/handlers/gemini/stream.go:287.39,299.23 5 1
github.com/BenedictKing/claude-proxy/internal/handlers/gemini/stream.go:299.23,301.6 1 1
github.com/BenedictKing/claude-proxy/internal/handlers/gemini/stream.go:303.4,303.12 1 2
github.com/BenedictKing/claude-proxy/internal/handlers/gemini/stream.go:307.3,308.20 2 2
github.com/BenedictKing/claude-proxy/internal/handlers/gemini/stream.go:308.20,326.22 5 1
github.com/BenedictKing/claude-proxy/internal/handlers/gemini/stream.go:326.22,328.5 1 1
github.com/BenedictKing/claude-proxy/internal/handlers/gemini/stream.go:332.3,332.38 1 2
github.com/BenedictKing/claude-proxy/internal/handlers/gemini/stream.go:332.38,343.22 5 1
github.com/BenedictKing/claude-proxy/internal/handlers/gemini/stream.go:343.22,345.5 1 1
github.com/BenedictKing/claude-proxy/internal/handlers/gemini/stream.go:349.2,349.19 1 2
github.com/BenedictKing/claude-proxy/internal/handlers/gemini/stream.go:353.61,354.22 1 9
github.com/BenedictKing/claude-proxy/internal/handlers/gemini/stream.go:355.14,356.16 1 3
github.com/BenedictKing/claude-proxy/internal/handlers/gemini/stream.go:357.16,358.22 1 2
github.com/BenedictKing/claude-proxy/internal/handlers/gemini/stream.go:359.20,360.16 1 1
github.com/BenedictKing/claude-proxy/internal/handlers/gemini/stream.go:361.24,362.18 1 2
github.com/BenedictKing/claude-proxy/internal/handlers/gemini/stream.go:363.10,364.16 1 1
github.com/BenedictKing/claude-proxy/internal/handlers/responses/channels.go:14.69,15.30 1 1
github.com/BenedictKing/claude-proxy/internal/handlers/responses/channels.go:15.30,19.44 3 1
github.com/BenedictKing/claude-proxy/internal/handlers/responses/channels.go:19.44,40.4 3 1
github.com/BenedictKing/claude-proxy/internal/handlers/responses/channels.go:42.3,45.5 1 1
github.com/BenedictKing/claude-proxy/internal/handlers/responses/channels.go:50.68,51.30 1 3
github.com/BenedictKing/claude-proxy/internal/handlers/responses/channels.go:51.30,53.53 2 3
github.com/BenedictKing/claude-proxy/internal/handlers/responses/channels.go:53.53,56.4 2 1
github.com/BenedictKing/claude-proxy/internal/handlers/responses/channels.go:58.3,58.67 1 2
github.com/BenedictKing/claude-proxy/internal/handlers/responses/channels.go:58.67,61.4 2 1
github.com/BenedictKing/claude-proxy/internal/handlers/responses/channels.go:63.3,63.73 1 1
github.com/BenedictKing/claude-proxy/internal/handlers/responses/channels.go:68.104,69.30 1 4
github.com/BenedictKing/claude-proxy/internal/handlers/responses/channels.go:69.30,72.17 3 5
github.com/BenedictKing/claude-proxy/internal/handlers/responses/channels.go:72.17,75.4 2 1
github.com/BenedictKing/claude-proxy/internal/handlers/responses/channels.go:77.3,78.52 2 4
github.com/BenedictKing/claude-proxy/internal/handlers/responses/channels.go:78.52,81.4 2 1
github.com/BenedictKing/claude-proxy/internal/handlers/responses/channels.go:83.3,84.17 2 3
github.com/BenedictKing/claude-proxy/internal/handlers/responses/channels.go:84.17,87.4 2 1
github.com/BenedictKing/claude-proxy/internal/handlers/responses/channels.go:90.3,90.25 1 2
github.com/BenedictKing/claude-proxy/internal/handlers/responses/channels.go:90.25,92.4 1 1
github.com/BenedictKing/claude-proxy/internal/handlers/responses/channels.go:94.3,94.75 1 2
github.com/BenedictKing/claude-proxy/internal/handlers/responses/channels.go:99.71,100.30 1 2
github.com/BenedictKing/claude-proxy/internal/handlers/responses/channels.go:100.30,103.17 3 3
github.com/BenedictKing/claude-proxy/internal/handlers/responses/channels.go:103.17,106.4 2 1
github.com/BenedictKing/claude-proxy/internal/handlers/responses/channels.go:108.3,108.67 1 2
github.com/BenedictKing/claude-proxy/internal/handlers/responses/channels.go:108.67,111.4 2 1
github.com/BenedictKing/claude-proxy/internal/handlers/responses/channels.go:113.3,113.75 1 1
github.com/BenedictKing/claude-proxy/internal/handlers/responses/channels.go:118.66,119.30 1 4
github.com/BenedictKing/claude-proxy/internal/handlers/responses/channels.go:119.30,122.17 3 6
github.com/BenedictKing/claude-proxy/internal/handlers/responses/channels.go:122.17,125.4 2 1
github.com/BenedictKing/claude-proxy/internal/handlers/responses/channels.go:127.3,130.48 2 5
github.com/BenedictKing/claude-proxy/internal/handlers/responses/channels.go:130.48,133.4 2 1
github.com/BenedictKing/claude-proxy/internal/handlers/responses/channels.go:135.3,135.71 1 4
github.com/BenedictKing/claude-proxy/internal/handlers/responses/channels.go:135.71,136.62 1 3
github.com/BenedictKing/claude-proxy/internal/handlers/responses/channels.go:136.62,138.5 1 1
github.com/BenedictKing/claude-proxy/internal/handlers/responses/channels.go:138.10,138.66 1 2
github.com/BenedictKing/claude-proxy/internal/handlers/responses/channels.go:138.66,140.5 1 1
github.com/BenedictKing/claude-proxy/internal/handlers/responses/channels.go:140.10,142.5 1 1
github.com/BenedictKing/claude-proxy/internal/handlers/responses/channels.go:143.4,143.10 1 3
github.com/BenedictKing/claude-proxy/internal/handlers/responses/channels.go:146.3,149.5 1 1
github.com/BenedictKing/claude-proxy/internal/handlers/responses/channels.go:154.69,155.30 1 3
github.com/BenedictKing/claude-proxy/internal/handlers/responses/channels.go:155.30,158.17 3 5
github.com/BenedictKing/claude-proxy/internal/handlers/responses/channels.go:158.17,161.4 2 1
github.com/BenedictKing/claude-proxy/internal/handlers/responses/channels.go:163.3,164.19 2 4
github.com/BenedictKing/claude-proxy/internal/handlers/responses/channels.go:164.19,167.4 2 1
github.com/BenedictKing/claude-proxy/internal/handlers/responses/channels.go:169.3,169.70 1 3
github.com/BenedictKing/claude-proxy/internal/handlers/responses/channels.go:169.70,170.62 1 2
github.com/BenedictKing/claude-proxy/internal/handlers/responses/channels.go:170.62,172.5 1 1
github.com/BenedictKing/claude-proxy/internal/handlers/responses/channels.go:172.10,172.66 1 1
github.com/BenedictKing/claude-proxy/internal/handlers/responses/channels.go:172.66,174.5 1 1
github.com/BenedictKing/claude-proxy/internal/handlers/responses/channels.go:174.10,176.5 1 0
github.com/BenedictKing/claude-proxy/internal/handlers/responses/channels.go:177.4,177.10 1 2
github.com/BenedictKing/claude-proxy/internal/handlers/responses/channels.go:180.3,182.5 1 1
github.com/BenedictKing/claude-proxy/internal/handlers/responses/channels.go:187.72,188.30 1 2
github.com/BenedictKing/claude-proxy/internal/handlers/responses/channels.go:188.30,192.73 3 2
github.com/BenedictKing/claude-proxy/internal/handlers/responses/channels.go:192.73,195.4 2 1
github.com/BenedictKing/claude-proxy/internal/handlers/responses/channels.go:196.3,196.54 1 1
github.com/BenedictKing/claude-proxy/internal/handlers/responses/channels.go:201.75,202.30 1 2
github.com/BenedictKing/claude-proxy/internal/handlers/responses/channels.go:202.30,206.76 3 2
github.com/BenedictKing/claude-proxy/internal/handlers/responses/channels.go:206.76,209.4 2 1
github.com/BenedictKing/claude-proxy/internal/handlers/responses/channels.go:210.3,210.54 1 1
github.com/BenedictKing/claude-proxy/internal/handlers/responses/channels.go:215.74,216.30 1 3
github.com/BenedictKing/claude-proxy/internal/handlers/responses/channels.go:216.30,220.48 2 4
github.com/BenedictKing/claude-proxy/internal/handlers/responses/channels.go:220.48,223.4 2 1
github.com/BenedictKing/claude-proxy/internal/handlers/responses/channels.go:225.3,225.74 1 3
github.com/BenedictKing/claude-proxy/internal/handlers/responses/channels.go:225.74,226.68 1 2
github.com/BenedictKing/claude-proxy/internal/handlers/responses/channels.go:226.68,228.5 1 1
github.com/BenedictKing/claude-proxy/internal/handlers/responses/channels.go:228.10,230.5 1 1
github.com/BenedictKing/claude-proxy/internal/handlers/responses/channels.go:231.4,231.10 1 2
github.com/BenedictKing/claude-proxy/internal/handlers/responses/channels.go:234.3,237.5 1 1
github.com/BenedictKing/claude-proxy/internal/handlers/responses/channels.go:242.72,243.30 1 3
github.com/BenedictKing/claude-proxy/internal/handlers/responses/channels.go:243.30,247.48 2 3
github.com/BenedictKing/claude-proxy/internal/handlers/responses/channels.go:247.48,250.4 2 1
github.com/BenedictKing/claude-proxy/internal/handlers/responses/channels.go:252.3,252.73 1 2
github.com/BenedictKing/claude-proxy/internal/handlers/responses/channels.go:252.73,255.4 2 1
github.com/BenedictKing/claude-proxy/internal/handlers/responses/channels.go:257.3,260.5 1 1
github.com/BenedictKing/claude-proxy/internal/handlers/responses/channels.go:265.73,266.30 1 2
github.com/BenedictKing/claude-proxy/internal/handlers/responses/channels.go:266.30,269.17 3 4
github.com/BenedictKing/claude-proxy/internal/handlers/responses/channels.go:269.17,272.4 2 1
github.com/BenedictKing/claude-proxy/internal/handlers/responses/channels.go:274.3,277.48 2 3
github.com/BenedictKing/claude-proxy/internal/handlers/responses/channels.go:277.48,280.4 2 1
github.com/BenedictKing/claude-proxy/internal/handlers/responses/channels.go:282.3,282.78 1 2
github.com/BenedictKing/claude-proxy/internal/handlers/responses/channels.go:282.78,283.62 1 1
github.com/BenedictKing/claude-proxy/internal/handlers/responses/channels.go:283.62,285.5 1 1
github.com/BenedictKing/claude-proxy/internal/handlers/responses/channels.go:285.10,287.5 1 0
github.com/BenedictKing/claude-proxy/internal/handlers/responses/channels.go:288.4,288.10 1 1
github.com/BenedictKing/claude-proxy/internal/handlers/responses/channels.go:291.3,295.5 1 1
github.com/BenedictKing/claude-proxy/internal/handlers/responses/compact.go:35.19,36.46 1 10
github.com/BenedictKing/claude-proxy/internal/handlers/responses/compact.go:36.46,39.20 2 10
github.com/BenedictKing/claude-proxy/internal/handlers/responses/compact.go:39.20,41.4 1 0
github.com/BenedictKing/claude-proxy/internal/handlers/responses/compact.go:44.3,46.17 3 10
github.com/BenedictKing/claude-proxy/internal/handlers/responses/compact.go:46.17,48.4 1 0
github.com/BenedictKing/claude-proxy/internal/handlers/responses/compact.go:51.3,56.21 3 10
github.com/BenedictKing/claude-proxy/internal/handlers/responses/compact.go:56.21,58.4 1 5
github.com/BenedictKing/claude-proxy/internal/handlers/responses/compact.go:58.9,60.4 1 5
github.com/BenedictKing/claude-proxy/internal/handlers/responses/compact.go:70.3,72.16 2 5
github.com/BenedictKing/claude-proxy/internal/handlers/responses/compact.go:72.16,75.3 2 1
github.com/BenedictKing/claude-proxy/internal/handlers/responses/compact.go:77.2,77.32 1 4
github.com/BenedictKing/claude-proxy/internal/handlers/responses/compact.go:77.32,80.3 2 1
github.com/BenedictKing/claude-proxy/internal/handlers/responses/compact.go:83.2,86.63 3 3
github.com/BenedictKing/claude-proxy/internal/handlers/responses/compact.go:86.63,88.17 2 5
github.com/BenedictKing/claude-proxy/internal/handlers/responses/compact.go:88.17,89.9 1 0
github.com/BenedictKing/claude-proxy/internal/handlers/responses/compact.go:92.3,93.14 2 5
github.com/BenedictKing/claude-proxy/internal/handlers/responses/compact.go:93.14,95.4 1 1
github.com/BenedictKing/claude-proxy/internal/handlers/responses/compact.go:97.3,97.24 1 4
github.com/BenedictKing/claude-proxy/internal/handlers/responses/compact.go:97.24,99.33 2 4
github.com/BenedictKing/claude-proxy/internal/handlers/responses/compact.go:99.33,102.13 3 3
github.com/BenedictKing/claude-proxy/internal/handlers/responses/compact.go:105.4,106.10 2 1
github.com/BenedictKing/claude-proxy/internal/handlers/responses/compact.go:111.2,111.38 1 1
github.com/BenedictKing/claude-proxy/internal/handlers/responses/compact.go:111.38,120.3 2 0
github.com/BenedictKing/claude-proxy/internal/handlers/responses/compact.go:122.2,122.20 1 1
github.com/BenedictKing/claude-proxy/internal/handlers/responses/compact.go:122.20,124.3 1 1
github.com/BenedictKing/claude-proxy/internal/handlers/responses/compact.go:124.8,126.3 1 0
github.com/BenedictKing/claude-proxy/internal/handlers/responses/compact.go:137.3,142.53 4 5
github.com/BenedictKing/claude-proxy/internal/handlers/responses/compact.go:142.53,144.17 2 8
github.com/BenedictKing/claude-proxy/internal/handlers/responses/compact.go:144.17,145.9 1 0
github.com/BenedictKing/claude-proxy/internal/handlers/responses/compact.go:148.3,154.14 4 8
github.com/BenedictKing/claude-proxy/internal/handlers/responses/compact.go:154.14,155.24 1 3
github.com/BenedictKing/claude-proxy/internal/handlers/responses/compact.go:155.24,157.5 1 2
github.com/BenedictKing/claude-proxy/internal/handlers/responses/compact.go:158.4,159.10 2 3
github.com/BenedictKing/claude-proxy/internal/handlers/responses/compact.go:162.3,163.24 2 5
github.com/BenedictKing/claude-proxy/internal/handlers/responses/compact.go:163.24,165.4 1 5
github.com/BenedictKing/claude-proxy/internal/handlers/responses/compact.go:169.2,169.38 1 2
github.com/BenedictKing/claude-proxy/internal/handlers/responses/compact.go:169.38,178.3 2 1
github.com/BenedictKing/claude-proxy/internal/handlers/responses/compact.go:180.2,180.20 1 1
github.com/BenedictKing/claude-proxy/internal/handlers/responses/compact.go:180.20,182.3 1 1
github.com/BenedictKing/claude-proxy/internal/handlers/responses/compact.go:182.8,184.3 1 0
github.com/BenedictKing/claude-proxy/internal/handlers/responses/compact.go:195.33,196.32 1 8
github.com/BenedictKing/claude-proxy/internal/handlers/responses/compact.go:196.32,198.3 1 0
github.com/BenedictKing/claude-proxy/internal/handlers/responses/compact.go:200.2,207.20 5 8
github.com/BenedictKing/claude-proxy/internal/handlers/responses/compact.go:207.20,209.3 1 0
github.com/BenedictKing/claude-proxy/internal/handlers/responses/compact.go:211.2,211.63 1 8
github.com/BenedictKing/claude-proxy/internal/handlers/responses/compact.go:211.63,213.17 2 9
github.com/BenedictKing/claude-proxy/internal/handlers/responses/compact.go:213.17,214.9 1 0
github.com/BenedictKing/claude-proxy/internal/handlers/responses/compact.go:218.3,218.83 1 9
github.com/BenedictKing/claude-proxy/internal/handlers/responses/compact.go:218.83,221.12 3 1
github.com/BenedictKing/claude-proxy/internal/handlers/responses/compact.go:224.3,225.14 2 8
github.com/BenedictKing/claude-proxy/internal/handlers/responses/compact.go:225.14,227.4 1 2
github.com/BenedictKing/claude-proxy/internal/handlers/responses/compact.go:229.3,229.24 1 6
github.com/BenedictKing/claude-proxy/internal/handlers/responses/compact.go:229.24,231.33 2 6
github.com/BenedictKing/claude-proxy/internal/handlers/responses/compact.go:231.33,235.13 4 5
github.com/BenedictKing/claude-proxy/internal/handlers/responses/compact.go:238.4,239.24 2 1
github.com/BenedictKing/claude-proxy/internal/handlers/responses/compact.go:243.2,243.27 1 5
github.com/BenedictKing/claude-proxy/internal/handlers/responses/compact.go:254.25,257.16 3 13
github.com/BenedictKing/claude-proxy/internal/handlers/responses/compact.go:257.16,259.3 1 0
github.com/BenedictKing/claude-proxy/internal/handlers/responses/compact.go:261.2,268.16 7 13
github.com/BenedictKing/claude-proxy/internal/handlers/responses/compact.go:268.16,270.3 1 0
github.com/BenedictKing/claude-proxy/internal/handlers/responses/compact.go:271.2,277.53 4 13
github.com/BenedictKing/claude-proxy/internal/handlers/responses/compact.go:277.53,280.3 2 10
github.com/BenedictKing/claude-proxy/internal/handlers/responses/compact.go:283.2,285.18 3 3
github.com/BenedictKing/claude-proxy/internal/handlers/responses/compact.go:289.62,292.41 3 15
github.com/BenedictKing/claude-proxy/internal/handlers/responses/compact.go:292.41,294.3 1 1
github.com/BenedictKing/claude-proxy/internal/handlers/responses/compact.go:295.2,295.42 1 14
github.com/BenedictKing/claude-proxy/internal/handlers/responses/handler.go:52.42,53.45 1 50
github.com/BenedictKing/claude-proxy/internal/handlers/responses/handler.go:53.45,55.3 1 49
github.com/BenedictKing/claude-proxy/internal/handlers/responses/handler.go:56.2,65.4 1 1
github.com/BenedictKing/claude-proxy/internal/handlers/responses/handler.go:68.46,70.24 2 6
github.com/BenedictKing/claude-proxy/internal/handlers/responses/handler.go:70.24,72.3 1 6
github.com/BenedictKing/claude-proxy/internal/handlers/responses/handler.go:73.2,73.29 1 0
github.com/BenedictKing/claude-proxy/internal/handlers/responses/handler.go:97.19,109.2 2 14
github.com/BenedictKing/claude-proxy/internal/handlers/responses/handler.go:113.42,122.55 7 14
github.com/BenedictKing/claude-proxy/internal/handlers/responses/handler.go:122.55,124.3 1 0
github.com/BenedictKing/claude-proxy/internal/handlers/responses/handler.go:124.8,126.3 1 14
github.com/BenedictKing/claude-proxy/internal/handlers/responses/handler.go:127.2,127.19 1 14
github.com/BenedictKing/claude-proxy/internal/handlers/responses/handler.go:127.19,129.3 1 0
github.com/BenedictKing/claude-proxy/internal/handlers/responses/handler.go:131.2,141.33 4 14
github.com/BenedictKing/claude-proxy/internal/handlers/responses/handler.go:141.33,144.3 2 0
github.com/BenedictKing/claude-proxy/internal/handlers/responses/handler.go:146.2,146.15 1 14
github.com/BenedictKing/claude-proxy/internal/handlers/responses/handler.go:146.15,147.27 1 14
github.com/BenedictKing/claude-proxy/internal/handlers/responses/handler.go:147.27,149.4 1 13
github.com/BenedictKing/claude-proxy/internal/handlers/responses/handler.go:151.3,153.81 3 1
github.com/BenedictKing/claude-proxy/internal/handlers/responses/handler.go:153.81,155.4 1 0
github.com/BenedictKing/claude-proxy/internal/handlers/responses/handler.go:157.3,158.26 2 1
github.com/BenedictKing/claude-proxy/internal/handlers/responses/handler.go:158.26,160.4 1 1
github.com/BenedictKing/claude-proxy/internal/handlers/responses/handler.go:162.3,163.54 2 1
github.com/BenedictKing/claude-proxy/internal/handlers/responses/handler.go:163.54,165.4 1 0
github.com/BenedictKing/claude-proxy/internal/handlers/responses/handler.go:167.3,184.18 1 1
github.com/BenedictKing/claude-proxy/internal/handlers/responses/handler.go:184.18,186.4 1 0
github.com/BenedictKing/claude-proxy/internal/handlers/responses/handler.go:190.2,191.27 2 14
github.com/BenedictKing/claude-proxy/internal/handlers/responses/handler.go:191.27,194.17 3 1
github.com/BenedictKing/claude-proxy/internal/handlers/responses/handler.go:194.17,197.45 3 0
github.com/BenedictKing/claude-proxy/internal/handlers/responses/handler.go:197.45,199.5 1 0
github.com/BenedictKing/claude-proxy/internal/handlers/responses/handler.go:199.10,202.5 2 0
github.com/BenedictKing/claude-proxy/internal/handlers/responses/handler.go:203.4,203.10 1 0
github.com/BenedictKing/claude-proxy/internal/handlers/responses/handler.go:207.2,207.15 1 14
github.com/BenedictKing/claude-proxy/internal/handlers/responses/handler.go:207.15,208.47 1 14
github.com/BenedictKing/claude-proxy/internal/handlers/responses/handler.go:208.47,210.4 1 0
github.com/BenedictKing/claude-proxy/internal/handlers/responses/handler.go:214.2,216.16 3 14
github.com/BenedictKing/claude-proxy/internal/handlers/responses/handler.go:216.16,220.3 3 0
github.com/BenedictKing/claude-proxy/internal/handlers/responses/handler.go:223.2,224.24 2 14
github.com/BenedictKing/claude-proxy/internal/handlers/responses/handler.go:224.24,226.3 1 14
github.com/BenedictKing/claude-proxy/internal/handlers/responses/handler.go:227.2,240.20 7 14
github.com/BenedictKing/claude-proxy/internal/handlers/responses/handler.go:240.20,242.3 1 3
github.com/BenedictKing/claude-proxy/internal/handlers/responses/handler.go:242.8,244.3 1 11
github.com/BenedictKing/claude-proxy/internal/handlers/responses/handler.go:261.3,268.81 5 3
github.com/BenedictKing/claude-proxy/internal/handlers/responses/handler.go:268.81,270.17 2 5
github.com/BenedictKing/claude-proxy/internal/handlers/responses/handler.go:270.17,272.9 2 0
github.com/BenedictKing/claude-proxy/internal/handlers/responses/handler.go:275.3,277.20 3 5
github.com/BenedictKing/claude-proxy/internal/handlers/responses/handler.go:277.20,281.4 3 5
github.com/BenedictKing/claude-proxy/internal/handlers/responses/handler.go:283.3,283.31 1 5
github.com/BenedictKing/claude-proxy/internal/handlers/responses/handler.go:283.31,286.4 1 5
github.com/BenedictKing/claude-proxy/internal/handlers/responses/handler.go:288.3,290.14 2 5
github.com/BenedictKing/claude-proxy/internal/handlers/responses/handler.go:290.14,291.24 1 2
github.com/BenedictKing/claude-proxy/internal/handlers/responses/handler.go:291.24,293.46 2 2
github.com/BenedictKing/claude-proxy/internal/handlers/responses/handler.go:293.46,295.6 1 0
github.com/BenedictKing/claude-proxy/internal/handlers/responses/handler.go:296.5,296.22 1 2
github.com/BenedictKing/claude-proxy/internal/handlers/responses/handler.go:296.22,303.6 6 2
github.com/BenedictKing/claude-proxy/internal/handlers/responses/handler.go:304.5,304.146 1 2
github.com/BenedictKing/claude-proxy/internal/handlers/responses/handler.go:306.4,306.41 1 2
github.com/BenedictKing/claude-proxy/internal/handlers/responses/handler.go:306.41,309.5 2 0
github.com/BenedictKing/claude-proxy/internal/handlers/responses/handler.go:310.4,311.10 2 2
github.com/BenedictKing/claude-proxy/internal/handlers/responses/handler.go:314.3,316.25 2 3
github.com/BenedictKing/claude-proxy/internal/handlers/responses/handler.go:316.25,319.4 2 3
github.com/BenedictKing/claude-proxy/internal/handlers/responses/handler.go:321.3,321.135 1 3
github.com/BenedictKing/claude-proxy/internal/handlers/responses/handler.go:324.2,325.19 2 1
github.com/BenedictKing/claude-proxy/internal/handlers/responses/handler.go:325.19,327.23 2 1
github.com/BenedictKing/claude-proxy/internal/handlers/responses/handler.go:327.23,329.4 1 1
github.com/BenedictKing/claude-proxy/internal/handlers/responses/handler.go:329.9,329.38 1 0
github.com/BenedictKing/claude-proxy/internal/handlers/responses/handler.go:329.38,331.4 1 0
github.com/BenedictKing/claude-proxy/internal/handlers/responses/handler.go:333.2,333.112 1 1
github.com/BenedictKing/claude-proxy/internal/handlers/responses/handler.go:352.60,353.32 1 5
github.com/BenedictKing/claude-proxy/internal/handlers/responses/handler.go:353.32,355.3 1 0
github.com/BenedictKing/claude-proxy/internal/handlers/responses/handler.go:357.2,369.20 8 5
github.com/BenedictKing/claude-proxy/internal/handlers/responses/handler.go:369.20,371.3 1 0
github.com/BenedictKing/claude-proxy/internal/handlers/responses/handler.go:374.2,374.53 1 5
github.com/BenedictKing/claude-proxy/internal/handlers/responses/handler.go:374.53,380.53 5 6
github.com/BenedictKing/claude-proxy/internal/handlers/responses/handler.go:380.53,385.18 3 6
github.com/BenedictKing/claude-proxy/internal/handlers/responses/handler.go:385.18,386.10 1 0
github.com/BenedictKing/claude-proxy/internal/handlers/responses/handler.go:388.4,388.21 1 6
github.com/BenedictKing/claude-proxy/internal/handlers/responses/handler.go:388.21,393.5 4 6
github.com/BenedictKing/claude-proxy/internal/handlers/responses/handler.go:396.4,396.82 1 6
github.com/BenedictKing/claude-proxy/internal/handlers/responses/handler.go:396.82,399.13 3 0
github.com/BenedictKing/claude-proxy/internal/handlers/responses/handler.go:402.4,402.32 1 6
github.com/BenedictKing/claude-proxy/internal/handlers/responses/handler.go:402.32,404.5 1 6
github.com/BenedictKing/claude-proxy/internal/handlers/responses/handler.go:407.4,412.18 4 6
github.com/BenedictKing/claude-proxy/internal/handlers/responses/handler.go:412.18,415.13 3 0
github.com/BenedictKing/claude-proxy/internal/handlers/responses/handler.go:418.4,419.18 2 6
github.com/BenedictKing/claude-proxy/internal/handlers/responses/handler.go:419.18,426.13 6 0
github.com/BenedictKing/claude-proxy/internal/handlers/responses/handler.go:429.4,429.55 1 6
github.com/BenedictKing/claude-proxy/internal/handlers/responses/handler.go:429.55,435.23 5 4
github.com/BenedictKing/claude-proxy/internal/handlers/responses/handler.go:435.23,448.24 7 4
github.com/BenedictKing/claude-proxy/internal/handlers/responses/handler.go:448.24,450.7 1 1
github.com/BenedictKing/claude-proxy/internal/handlers/responses/handler.go:451.6,451.14 1 4
github.com/BenedictKing/claude-proxy/internal/handlers/responses/handler.go:455.5,456.22 2 0
github.com/BenedictKing/claude-proxy/internal/handlers/responses/handler.go:456.22,459.6 2 0
github.com/BenedictKing/claude-proxy/internal/handlers/responses/handler.go:460.5,461.33 2 0
github.com/BenedictKing/claude-proxy/internal/handlers/responses/handler.go:464.4,464.39 1 2
github.com/BenedictKing/claude-proxy/internal/handlers/responses/handler.go:464.39,465.45 1 1
github.com/BenedictKing/claude-proxy/internal/handlers/responses/handler.go:465.45,467.6 1 1
github.com/BenedictKing/claude-proxy/internal/handlers/responses/handler.go:471.4,475.66 3 2
github.com/BenedictKing/claude-proxy/internal/handlers/responses/handler.go:475.66,477.5 1 0
github.com/BenedictKing/claude-proxy/internal/handlers/responses/handler.go:478.4,478.21 1 2
github.com/BenedictKing/claude-proxy/internal/handlers/responses/handler.go:478.21,482.5 3 2
github.com/BenedictKing/claude-proxy/internal/handlers/responses/handler.go:483.4,483.48 1 2
github.com/BenedictKing/claude-proxy/internal/handlers/responses/handler.go:486.3,486.42 1 4
github.com/BenedictKing/claude-proxy/internal/handlers/responses/handler.go:486.42,488.4 1 1
github.com/BenedictKing/claude-proxy/internal/handlers/responses/handler.go:491.2,491.45 1 3
github.com/BenedictKing/claude-proxy/internal/handlers/responses/handler.go:507.3,509.16 2 12
github.com/BenedictKing/claude-proxy/internal/handlers/responses/handler.go:509.16,510.20 1 1
github.com/BenedictKing/claude-proxy/internal/handlers/responses/handler.go:510.20,513.4 2 1
github.com/BenedictKing/claude-proxy/internal/handlers/responses/handler.go:514.3,518.9 2 1
github.com/BenedictKing/claude-proxy/internal/handlers/responses/handler.go:521.2,521.32 1 11
github.com/BenedictKing/claude-proxy/internal/handlers/responses/handler.go:521.32,522.20 1 1
github.com/BenedictKing/claude-proxy/internal/handlers/responses/handler.go:522.20,528.4 5 1
github.com/BenedictKing/claude-proxy/internal/handlers/responses/handler.go:529.3,533.9 2 1
github.com/BenedictKing/claude-proxy/internal/handlers/responses/handler.go:536.2,538.19 2 10
github.com/BenedictKing/claude-proxy/internal/handlers/responses/handler.go:538.19,542.3 3 9
github.com/BenedictKing/claude-proxy/internal/handlers/responses/handler.go:544.2,553.20 7 10
github.com/BenedictKing/claude-proxy/internal/handlers/responses/handler.go:553.20,555.3 1 0
github.com/BenedictKing/claude-proxy/internal/handlers/responses/handler.go:558.2,558.51 1 10
github.com/BenedictKing/claude-proxy/internal/handlers/responses/handler.go:558.51,562.53 3 11
github.com/BenedictKing/claude-proxy/internal/handlers/responses/handler.go:562.53,566.18 3 15
github.com/BenedictKing/claude-proxy/internal/handlers/responses/handler.go:566.18,568.10 2 0
github.com/BenedictKing/claude-proxy/internal/handlers/responses/handler.go:570.4,570.21 1 15
github.com/BenedictKing/claude-proxy/internal/handlers/responses/handler.go:570.21,573.5 2 12
github.com/BenedictKing/claude-proxy/internal/handlers/responses/handler.go:576.4,576.82 1 15
github.com/BenedictKing/claude-proxy/internal/handlers/responses/handler.go:576.82,579.13 3 1
github.com/BenedictKing/claude-proxy/internal/handlers/responses/handler.go:582.4,582.32 1 14
github.com/BenedictKing/claude-proxy/internal/handlers/responses/handler.go:582.32,585.5 2 14
github.com/BenedictKing/claude-proxy/internal/handlers/responses/handler.go:588.4,593.18 4 14
github.com/BenedictKing/claude-proxy/internal/handlers/responses/handler.go:593.18,597.13 4 1
github.com/BenedictKing/claude-proxy/internal/handlers/responses/handler.go:600.4,601.18 2 13
github.com/BenedictKing/claude-proxy/internal/handlers/responses/handler.go:601.18,607.13 6 0
github.com/BenedictKing/claude-proxy/internal/handlers/responses/handler.go:610.4,610.55 1 13
github.com/BenedictKing/claude-proxy/internal/handlers/responses/handler.go:610.55,616.23 5 7
github.com/BenedictKing/claude-proxy/internal/handlers/responses/handler.go:616.23,623.61 6 5
github.com/BenedictKing/claude-proxy/internal/handlers/responses/handler.go:623.61,625.30 2 2
github.com/BenedictKing/claude-proxy/internal/handlers/responses/handler.go:625.30,627.8 1 0
github.com/BenedictKing/claude-proxy/internal/handlers/responses/handler.go:627.13,629.8 1 2
github.com/BenedictKing/claude-proxy/internal/handlers/responses/handler.go:630.7,630.71 1 2
github.com/BenedictKing/claude-proxy/internal/handlers/responses/handler.go:631.12,631.42 1 3
github.com/BenedictKing/claude-proxy/internal/handlers/responses/handler.go:631.42,633.7 1 0
github.com/BenedictKing/claude-proxy/internal/handlers/responses/handler.go:635.6,640.24 2 5
github.com/BenedictKing/claude-proxy/internal/handlers/responses/handler.go:640.24,642.7 1 4
github.com/BenedictKing/claude-proxy/internal/handlers/responses/handler.go:643.6,643.14 1 5
github.com/BenedictKing/claude-proxy/internal/handlers/responses/handler.go:647.5,647.34 1 2
github.com/BenedictKing/claude-proxy/internal/handlers/responses/handler.go:647.34,649.32 2 1
github.com/BenedictKing/claude-proxy/internal/handlers/responses/handler.go:649.32,651.30 2 1
github.com/BenedictKing/claude-proxy/internal/handlers/responses/handler.go:651.30,653.8 1 1
github.com/BenedictKing/claude-proxy/internal/handlers/responses/handler.go:653.13,655.8 1 0
github.com/BenedictKing/claude-proxy/internal/handlers/responses/handler.go:656.7,659.44 3 1
github.com/BenedictKing/claude-proxy/internal/handlers/responses/handler.go:659.44,660.27 1 4
github.com/BenedictKing/claude-proxy/internal/handlers/responses/handler.go:660.27,662.9 1 4
github.com/BenedictKing/claude-proxy/internal/handlers/responses/handler.go:664.7,665.30 2 1
github.com/BenedictKing/claude-proxy/internal/handlers/responses/handler.go:665.30,667.8 1 1
github.com/BenedictKing/claude-proxy/internal/handlers/responses/handler.go:667.13,669.8 1 0
github.com/BenedictKing/claude-proxy/internal/handlers/responses/handler.go:670.7,670.87 1 1
github.com/BenedictKing/claude-proxy/internal/handlers/responses/handler.go:673.5,674.22 2 2
github.com/BenedictKing/claude-proxy/internal/handlers/responses/handler.go:674.22,677.6 2 2
github.com/BenedictKing/claude-proxy/internal/handlers/responses/handler.go:678.5,679.11 2 2
github.com/BenedictKing/claude-proxy/internal/handlers/responses/handler.go:682.4,682.39 1 6
github.com/BenedictKing/claude-proxy/internal/handlers/responses/handler.go:682.39,683.45 1 2
github.com/BenedictKing/claude-proxy/internal/handlers/responses/handler.go:683.45,684.63 1 2
github.com/BenedictKing/claude-proxy/internal/handlers/responses/handler.go:684.63,686.7 1 1
github.com/BenedictKing/claude-proxy/internal/handlers/responses/handler.go:690.4,692.45 3 6
github.com/BenedictKing/claude-proxy/internal/handlers/responses/handler.go:692.45,694.5 1 1
github.com/BenedictKing/claude-proxy/internal/handlers/responses/handler.go:695.4,696.21 2 6
github.com/BenedictKing/claude-proxy/internal/handlers/responses/handler.go:696.21,701.5 4 5
github.com/BenedictKing/claude-proxy/internal/handlers/responses/handler.go:703.4,703.66 1 6
github.com/BenedictKing/claude-proxy/internal/handlers/responses/handler.go:703.66,705.5 1 0
github.com/BenedictKing/claude-proxy/internal/handlers/responses/handler.go:706.4,706.10 1 6
github.com/BenedictKing/claude-proxy/internal/handlers/responses/handler.go:710.2,711.19 2 2
github.com/BenedictKing/claude-proxy/internal/handlers/responses/handler.go:711.19,713.23 2 2
github.com/BenedictKing/claude-proxy/internal/handlers/responses/handler.go:713.23,715.4 1 2
github.com/BenedictKing/claude-proxy/internal/handlers/responses/handler.go:715.9,715.38 1 0
github.com/BenedictKing/claude-proxy/internal/handlers/responses/handler.go:715.38,717.4 1 0
github.com/BenedictKing/claude-proxy/internal/handlers/responses/handler.go:719.2,719.108 1 2
github.com/BenedictKing/claude-proxy/internal/handlers/responses/handler.go:733.16,738.14 3 8
github.com/BenedictKing/claude-proxy/internal/handlers/responses/handler.go:738.14,740.3 1 2
github.com/BenedictKing/claude-proxy/internal/handlers/responses/handler.go:743.2,744.16 2 6
github.com/BenedictKing/claude-proxy/internal/handlers/responses/handler.go:744.16,747.3 2 0
github.com/BenedictKing/claude-proxy/internal/handlers/responses/handler.go:749.2,749.31 1 6
github.com/BenedictKing/claude-proxy/internal/handlers/responses/handler.go:749.31,752.29 3 3
github.com/BenedictKing/claude-proxy/internal/handlers/responses/handler.go:752.29,754.41 2 3
github.com/BenedictKing/claude-proxy/internal/handlers/responses/handler.go:754.41,755.24 1 9
github.com/BenedictKing/claude-proxy/internal/handlers/responses/handler.go:755.24,757.6 1 9
github.com/BenedictKing/claude-proxy/internal/handlers/responses/handler.go:759.4,760.27 2 3
github.com/BenedictKing/claude-proxy/internal/handlers/responses/handler.go:760.27,762.5 1 1
github.com/BenedictKing/claude-proxy/internal/handlers/responses/handler.go:762.10,764.5 1 2
github.com/BenedictKing/claude-proxy/internal/handlers/responses/handler.go:765.4,768.27 3 3
github.com/BenedictKing/claude-proxy/internal/handlers/responses/handler.go:768.27,770.5 1 1
github.com/BenedictKing/claude-proxy/internal/handlers/responses/handler.go:770.10,772.5 1 2
github.com/BenedictKing/claude-proxy/internal/handlers/responses/handler.go:773.4,773.68 1 3
github.com/BenedictKing/claude-proxy/internal/handlers/responses/handler.go:777.2,785.16 3 6
github.com/BenedictKing/claude-proxy/internal/handlers/responses/handler.go:785.16,788.3 2 0
github.com/BenedictKing/claude-proxy/internal/handlers/responses/handler.go:791.2,794.52 2 6
github.com/BenedictKing/claude-proxy/internal/handlers/responses/handler.go:794.52,796.17 2 6
github.com/BenedictKing/claude-proxy/internal/handlers/responses/handler.go:796.17,798.36 2 6
github.com/BenedictKing/claude-proxy/internal/handlers/responses/handler.go:798.36,800.5 1 6
github.com/BenedictKing/claude-proxy/internal/handlers/responses/handler.go:802.4,802.46 1 6
github.com/BenedictKing/claude-proxy/internal/handlers/responses/handler.go:802.46,804.5 1 6
github.com/BenedictKing/claude-proxy/internal/handlers/responses/handler.go:806.4,809.33 3 6
github.com/BenedictKing/claude-proxy/internal/handlers/responses/handler.go:809.33,811.5 1 6
github.com/BenedictKing/claude-proxy/internal/handlers/responses/handler.go:815.2,824.3 3 6
github.com/BenedictKing/claude-proxy/internal/handlers/responses/handler.go:828.103,843.96 4 9
github.com/BenedictKing/claude-proxy/internal/handlers/responses/handler.go:843.96,849.32 6 1
github.com/BenedictKing/claude-proxy/internal/handlers/responses/handler.go:849.32,851.4 1 1
github.com/BenedictKing/claude-proxy/internal/handlers/responses/handler.go:852.3,852.9 1 1
github.com/BenedictKing/claude-proxy/internal/handlers/responses/handler.go:856.2,860.20 4 8
github.com/BenedictKing/claude-proxy/internal/handlers/responses/handler.go:860.20,863.3 2 5
github.com/BenedictKing/claude-proxy/internal/handlers/responses/handler.go:864.2,864.21 1 8
github.com/BenedictKing/claude-proxy/internal/handlers/responses/handler.go:864.21,867.3 2 6
github.com/BenedictKing/claude-proxy/internal/handlers/responses/handler.go:870.2,870.109 1 8
github.com/BenedictKing/claude-proxy/internal/handlers/responses/handler.go:870.109,872.3 1 6
github.com/BenedictKing/claude-proxy/internal/handlers/responses/handler.go:874.2,874.31 1 8
github.com/BenedictKing/claude-proxy/internal/handlers/responses/handler.go:874.31,875.14 1 5
github.com/BenedictKing/claude-proxy/internal/handlers/responses/handler.go:875.14,878.4 1 5
github.com/BenedictKing/claude-proxy/internal/handlers/responses/handler.go:879.3,883.24 1 5
github.com/BenedictKing/claude-proxy/internal/handlers/responses/handler.go:888.73,889.22 1 9
github.com/BenedictKing/claude-proxy/internal/handlers/responses/handler.go:889.22,891.3 1 1
github.com/BenedictKing/claude-proxy/internal/handlers/responses/handler.go:893.2,894.30 2 8
github.com/BenedictKing/claude-proxy/internal/handlers/responses/handler.go:894.30,896.26 1 13
github.com/BenedictKing/claude-proxy/internal/handlers/responses/handler.go:896.26,897.36 1 12
github.com/BenedictKing/claude-proxy/internal/handlers/responses/handler.go:898.16,899.37 1 5
github.com/BenedictKing/claude-proxy/internal/handlers/responses/handler.go:900.23,901.29 1 5
github.com/BenedictKing/claude-proxy/internal/handlers/responses/handler.go:901.29,902.53 1 6
github.com/BenedictKing/claude-proxy/internal/handlers/responses/handler.go:902.53,903.45 1 5
github.com/BenedictKing/claude-proxy/internal/handlers/responses/handler.go:903.45,905.8 1 5
github.com/BenedictKing/claude-proxy/internal/handlers/responses/handler.go:908.30,910.29 1 1
github.com/BenedictKing/claude-proxy/internal/handlers/responses/handler.go:910.29,911.26 1 1
github.com/BenedictKing/claude-proxy/internal/handlers/responses/handler.go:911.26,913.7 1 1
github.com/BenedictKing/claude-proxy/internal/handlers/responses/handler.go:915.12,918.48 2 1
github.com/BenedictKing/claude-proxy/internal/handlers/responses/handler.go:923.3,923.26 1 13
github.com/BenedictKing/claude-proxy/internal/handlers/responses/handler.go:923.26,924.31 1 1
github.com/BenedictKing/claude-proxy/internal/handlers/responses/handler.go:924.31,926.5 1 1
github.com/BenedictKing/claude-proxy/internal/handlers/responses/handler.go:927.4,927.33 1 1
github.com/BenedictKing/claude-proxy/internal/handlers/responses/handler.go:927.33,930.5 2 1
github.com/BenedictKing/claude-proxy/internal/handlers/responses/handler.go:934.3,934.35 1 13
github.com/BenedictKing/claude-proxy/internal/handlers/responses/handler.go:934.35,936.51 1 1
github.com/BenedictKing/claude-proxy/internal/handlers/responses/handler.go:936.51,938.5 1 1
github.com/BenedictKing/claude-proxy/internal/handlers/responses/handler.go:942.2,942.14 1 8
github.com/BenedictKing/claude-proxy/internal/handlers/responses/handler.go:954.16,955.31 1 2
github.com/BenedictKing/claude-proxy/internal/handlers/responses/handler.go:955.31,958.3 2 1
github.com/BenedictKing/claude-proxy/internal/handlers/responses/handler.go:960.2,971.26 9 2
github.com/BenedictKing/claude-proxy/internal/handlers/responses/handler.go:971.26,973.3 1 1
github.com/BenedictKing/claude-proxy/internal/handlers/responses/handler.go:975.2,994.21 15 2
github.com/BenedictKing/claude-proxy/internal/handlers/responses/handler.go:994.21,997.27 2 5
github.com/BenedictKing/claude-proxy/internal/handlers/responses/handler.go:997.27,999.26 2 2
github.com/BenedictKing/claude-proxy/internal/handlers/responses/handler.go:999.26,1001.5 1 2
github.com/BenedictKing/claude-proxy/internal/handlers/responses/handler.go:1005.3,1007.18 2 5
github.com/BenedictKing/claude-proxy/internal/handlers/responses/handler.go:1007.18,1017.4 2 3
github.com/BenedictKing/claude-proxy/internal/handlers/responses/handler.go:1017.9,1019.4 1 2
github.com/BenedictKing/claude-proxy/internal/handlers/responses/handler.go:1021.3,1021.41 1 5
github.com/BenedictKing/claude-proxy/internal/handlers/responses/handler.go:1021.41,1023.52 1 12
github.com/BenedictKing/claude-proxy/internal/handlers/responses/handler.go:1023.52,1025.5 1 12
github.com/BenedictKing/claude-proxy/internal/handlers/responses/handler.go:1028.4,1029.16 2 12
github.com/BenedictKing/claude-proxy/internal/handlers/responses/handler.go:1029.16,1030.18 1 1
github.com/BenedictKing/claude-proxy/internal/handlers/responses/handler.go:1030.18,1033.77 3 1
github.com/BenedictKing/claude-proxy/internal/handlers/responses/handler.go:1033.77,1035.7 1 0
github.com/BenedictKing/claude-proxy/internal/handlers/responses/handler.go:1037.5,1037.59 1 1
github.com/BenedictKing/claude-proxy/internal/handlers/responses/handler.go:1041.4,1042.40 2 12
github.com/BenedictKing/claude-proxy/internal/handlers/responses/handler.go:1042.40,1043.18 1 2
github.com/BenedictKing/claude-proxy/internal/handlers/responses/handler.go:1043.18,1051.64 6 1
github.com/BenedictKing/claude-proxy/internal/handlers/responses/handler.go:1051.64,1053.7 1 1
github.com/BenedictKing/claude-proxy/internal/handlers/responses/handler.go:1054.11,1054.30 1 1
github.com/BenedictKing/claude-proxy/internal/handlers/responses/handler.go:1054.30,1057.6 1 1
github.com/BenedictKing/claude-proxy/internal/handlers/responses/handler.go:1061.4,1061.19 1 12
github.com/BenedictKing/claude-proxy/internal/handlers/responses/handler.go:1061.19,1063.19 2 12
github.com/BenedictKing/claude-proxy/internal/handlers/responses/handler.go:1063.19,1065.39 2 0
github.com/BenedictKing/claude-proxy/internal/handlers/responses/handler.go:1065.39,1067.7 1 0
github.com/BenedictKing/claude-proxy/internal/handlers/responses/handler.go:1067.12,1067.41 1 0
github.com/BenedictKing/claude-proxy/internal/handlers/responses/handler.go:1067.41,1069.7 1 0
github.com/BenedictKing/claude-proxy/internal/handlers/responses/handler.go:1070.11,1070.30 1 12
github.com/BenedictKing/claude-proxy/internal/handlers/responses/handler.go:1070.30,1072.6 1 12
github.com/BenedictKing/claude-proxy/internal/handlers/responses/handler.go:1077.2,1077.38 1 2
github.com/BenedictKing/claude-proxy/internal/handlers/responses/handler.go:1077.38,1079.3 1 0
github.com/BenedictKing/claude-proxy/internal/handlers/responses/handler.go:1081.2,1081.31 1 2
github.com/BenedictKing/claude-proxy/internal/handlers/responses/handler.go:1081.31,1086.84 3 1
github.com/BenedictKing/claude-proxy/internal/handlers/responses/handler.go:1086.84,1092.4 1 1
github.com/BenedictKing/claude-proxy/internal/handlers/responses/handler.go:1094.3,1094.29 1 1
github.com/BenedictKing/claude-proxy/internal/handlers/responses/handler.go:1094.29,1095.26 1 1
github.com/BenedictKing/claude-proxy/internal/handlers/responses/handler.go:1095.26,1098.49 3 1
github.com/BenedictKing/claude-proxy/internal/handlers/responses/handler.go:1098.49,1100.6 1 1
github.com/BenedictKing/claude-proxy/internal/handlers/responses/handler.go:1100.11,1100.35 1 0
github.com/BenedictKing/claude-proxy/internal/handlers/responses/handler.go:1100.35,1102.6 1 0
github.com/BenedictKing/claude-proxy/internal/handlers/responses/handler.go:1103.10,1103.34 1 0
github.com/BenedictKing/claude-proxy/internal/handlers/responses/handler.go:1103.34,1105.5 1 0
github.com/BenedictKing/claude-proxy/internal/handlers/responses/handler.go:1110.2,1115.3 1 2
github.com/BenedictKing/claude-proxy/internal/handlers/responses/handler.go:1132.69,1133.50 1 13
github.com/BenedictKing/claude-proxy/internal/handlers/responses/handler.go:1133.50,1134.41 1 55
github.com/BenedictKing/claude-proxy/internal/handlers/responses/handler.go:1134.41,1135.12 1 34
github.com/BenedictKing/claude-proxy/internal/handlers/responses/handler.go:1137.3,1140.64 3 21
github.com/BenedictKing/claude-proxy/internal/handlers/responses/handler.go:1140.64,1141.12 1 1
github.com/BenedictKing/claude-proxy/internal/handlers/responses/handler.go:1144.3,1147.20 2 20
github.com/BenedictKing/claude-proxy/internal/handlers/responses/handler.go:1148.37,1149.47 1 4
github.com/BenedictKing/claude-proxy/internal/handlers/responses/handler.go:1149.47,1151.5 1 4
github.com/BenedictKing/claude-proxy/internal/handlers/responses/handler.go:1152.49,1153.47 1 1
github.com/BenedictKing/claude-proxy/internal/handlers/responses/handler.go:1153.47,1155.5 1 1
github.com/BenedictKing/claude-proxy/internal/handlers/responses/handler.go:1156.48,1157.45 1 1
github.com/BenedictKing/claude-proxy/internal/handlers/responses/handler.go:1157.45,1159.5 1 1
github.com/BenedictKing/claude-proxy/internal/handlers/responses/handler.go:1160.37,1162.47 1 1
github.com/BenedictKing/claude-proxy/internal/handlers/responses/handler.go:1162.47,1164.5 1 1
github.com/BenedictKing/claude-proxy/internal/handlers/responses/handler.go:1165.38,1167.47 1 2
github.com/BenedictKing/claude-proxy/internal/handlers/responses/handler.go:1167.47,1169.5 1 1
github.com/BenedictKing/claude-proxy/internal/handlers/responses/handler.go:1169.10,1169.52 1 1
github.com/BenedictKing/claude-proxy/internal/handlers/responses/handler.go:1169.52,1171.5 1 1
github.com/BenedictKing/claude-proxy/internal/handlers/responses/handler.go:1172.66,1174.47 1 2
github.com/BenedictKing/claude-proxy/internal/handlers/responses/handler.go:1174.47,1176.5 1 2
github.com/BenedictKing/claude-proxy/internal/handlers/responses/handler.go:1182.96,1184.29 2 16
github.com/BenedictKing/claude-proxy/internal/handlers/responses/handler.go:1184.29,1187.39 2 47
github.com/BenedictKing/claude-proxy/internal/handlers/responses/handler.go:1187.39,1190.4 2 16
[...]
github.com/BenedictKing/claude-proxy/internal/handlers/messages/handler.go:405.4,405.55 1 11
github.com/BenedictKing/claude-proxy/internal/handlers/messages/handler.go:405.55,412.23 6 7
github.com/BenedictKing/claude-proxy/internal/handlers/messages/handler.go:412.23,420.61 6 7
github.com/BenedictKing/claude-proxy/internal/handlers/messages/handler.go:420.61,422.30 2 4
github.com/BenedictKing/claude-proxy/internal/handlers/messages/handler.go:422.30,424.8 1 1
github.com/BenedictKing/claude-proxy/internal/handlers/messages/handler.go:424.13,426.8 1 3
github.com/BenedictKing/claude-proxy/internal/handlers/messages/handler.go:427.7,427.70 1 4
github.com/BenedictKing/claude-proxy/internal/handlers/messages/handler.go:428.12,428.42 1 3
github.com/BenedictKing/claude-proxy/internal/handlers/messages/handler.go:428.42,430.7 1 0
github.com/BenedictKing/claude-proxy/internal/handlers/messages/handler.go:432.6,437.24 2 7
github.com/BenedictKing/claude-proxy/internal/handlers/messages/handler.go:437.24,440.7 2 2
github.com/BenedictKing/claude-proxy/internal/handlers/messages/handler.go:441.6,441.14 1 7
github.com/BenedictKing/claude-proxy/internal/handlers/messages/handler.go:445.5,446.22 2 0
github.com/BenedictKing/claude-proxy/internal/handlers/messages/handler.go:446.22,449.6 2 0
github.com/BenedictKing/claude-proxy/internal/handlers/messages/handler.go:450.5,451.28 2 0
github.com/BenedictKing/claude-proxy/internal/handlers/messages/handler.go:455.4,455.39 1 4
github.com/BenedictKing/claude-proxy/internal/handlers/messages/handler.go:455.39,456.45 1 2
github.com/BenedictKing/claude-proxy/internal/handlers/messages/handler.go:456.45,457.63 1 2
github.com/BenedictKing/claude-proxy/internal/handlers/messages/handler.go:457.63,459.7 1 1
github.com/BenedictKing/claude-proxy/internal/handlers/messages/handler.go:464.4,466.24 2 4
github.com/BenedictKing/claude-proxy/internal/handlers/messages/handler.go:466.24,468.22 2 1
github.com/BenedictKing/claude-proxy/internal/handlers/messages/handler.go:468.22,472.26 4 1
github.com/BenedictKing/claude-proxy/internal/handlers/messages/handler.go:472.26,474.7 1 0
github.com/BenedictKing/claude-proxy/internal/handlers/messages/handler.go:476.10,478.5 1 3
github.com/BenedictKing/claude-proxy/internal/handlers/messages/handler.go:479.4,479.41 1 4
github.com/BenedictKing/claude-proxy/internal/handlers/messages/handler.go:482.3,482.42 1 6
github.com/BenedictKing/claude-proxy/internal/handlers/messages/handler.go:482.42,484.4 1 2
github.com/BenedictKing/claude-proxy/internal/handlers/messages/handler.go:487.2,487.40 1 4
github.com/BenedictKing/claude-proxy/internal/handlers/messages/handler.go:502.3,504.16 2 9
github.com/BenedictKing/claude-proxy/internal/handlers/messages/handler.go:504.16,505.20 1 1
github.com/BenedictKing/claude-proxy/internal/handlers/messages/handler.go:505.20,508.4 2 1
github.com/BenedictKing/claude-proxy/internal/handlers/messages/handler.go:509.3,513.9 2 1
github.com/BenedictKing/claude-proxy/internal/handlers/messages/handler.go:516.2,516.32 1 8
github.com/BenedictKing/claude-proxy/internal/handlers/messages/handler.go:516.32,517.20 1 1
github.com/BenedictKing/claude-proxy/internal/handlers/messages/handler.go:517.20,523.4 5 1
github.com/BenedictKing/claude-proxy/internal/handlers/messages/handler.go:524.3,528.9 2 1
github.com/BenedictKing/claude-proxy/internal/handlers/messages/handler.go:531.2,532.21 2 7
github.com/BenedictKing/claude-proxy/internal/handlers/messages/handler.go:532.21,533.20 1 1
github.com/BenedictKing/claude-proxy/internal/handlers/messages/handler.go:533.20,539.4 5 1
github.com/BenedictKing/claude-proxy/internal/handlers/messages/handler.go:540.3,541.9 2 1
github.com/BenedictKing/claude-proxy/internal/handlers/messages/handler.go:544.2,544.19 1 6
github.com/BenedictKing/claude-proxy/internal/handlers/messages/handler.go:544.19,548.3 3 6
github.com/BenedictKing/claude-proxy/internal/handlers/messages/handler.go:550.2,559.20 7 6
github.com/BenedictKing/claude-proxy/internal/handlers/messages/handler.go:559.20,561.3 1 0
github.com/BenedictKing/claude-proxy/internal/handlers/messages/handler.go:564.2,564.51 1 6
github.com/BenedictKing/claude-proxy/internal/handlers/messages/handler.go:564.51,568.53 3 6
github.com/BenedictKing/claude-proxy/internal/handlers/messages/handler.go:568.53,572.18 3 9
github.com/BenedictKing/claude-proxy/internal/handlers/messages/handler.go:572.18,574.10 2 0
github.com/BenedictKing/claude-proxy/internal/handlers/messages/handler.go:576.4,576.21 1 9
github.com/BenedictKing/claude-proxy/internal/handlers/messages/handler.go:576.21,579.5 2 9
github.com/BenedictKing/claude-proxy/internal/handlers/messages/handler.go:582.4,582.82 1 9
github.com/BenedictKing/claude-proxy/internal/handlers/messages/handler.go:582.82,585.13 3 1
github.com/BenedictKing/claude-proxy/internal/handlers/messages/handler.go:588.4,588.32 1 8
github.com/BenedictKing/claude-proxy/internal/handlers/messages/handler.go:588.32,591.5 2 8
github.com/BenedictKing/claude-proxy/internal/handlers/messages/handler.go:594.4,599.18 4 8
github.com/BenedictKing/claude-proxy/internal/handlers/messages/handler.go:599.18,603.13 4 0
github.com/BenedictKing/claude-proxy/internal/handlers/messages/handler.go:606.4,607.18 2 8
github.com/BenedictKing/claude-proxy/internal/handlers/messages/handler.go:607.18,613.13 6 0
github.com/BenedictKing/claude-proxy/internal/handlers/messages/handler.go:616.4,616.55 1 8
github.com/BenedictKing/claude-proxy/internal/handlers/messages/handler.go:616.55,623.23 6 5
github.com/BenedictKing/claude-proxy/internal/handlers/messages/handler.go:623.23,630.61 6 3
github.com/BenedictKing/claude-proxy/internal/handlers/messages/handler.go:630.61,632.30 2 1
github.com/BenedictKing/claude-proxy/internal/handlers/messages/handler.go:632.30,634.8 1 0
github.com/BenedictKing/claude-proxy/internal/handlers/messages/handler.go:634.13,636.8 1 1
github.com/BenedictKing/claude-proxy/internal/handlers/messages/handler.go:637.7,637.70 1 1
github.com/BenedictKing/claude-proxy/internal/handlers/messages/handler.go:638.12,638.42 1 2
github.com/BenedictKing/claude-proxy/internal/handlers/messages/handler.go:638.42,640.7 1 0
github.com/BenedictKing/claude-proxy/internal/handlers/messages/handler.go:642.6,647.24 2 3
github.com/BenedictKing/claude-proxy/internal/handlers/messages/handler.go:647.24,650.7 2 3
github.com/BenedictKing/claude-proxy/internal/handlers/messages/handler.go:651.6,651.14 1 3
github.com/BenedictKing/claude-proxy/internal/handlers/messages/handler.go:655.5,655.34 1 2
github.com/BenedictKing/claude-proxy/internal/handlers/messages/handler.go:655.34,657.32 2 1
github.com/BenedictKing/claude-proxy/internal/handlers/messages/handler.go:657.32,659.30 2 1
github.com/BenedictKing/claude-proxy/internal/handlers/messages/handler.go:659.30,661.8 1 1
github.com/BenedictKing/claude-proxy/internal/handlers/messages/handler.go:661.13,663.8 1 0
github.com/BenedictKing/claude-proxy/internal/handlers/messages/handler.go:664.7,667.44 3 1
github.com/BenedictKing/claude-proxy/internal/handlers/messages/handler.go:667.44,668.27 1 4
github.com/BenedictKing/claude-proxy/internal/handlers/messages/handler.go:668.27,670.9 1 4
github.com/BenedictKing/claude-proxy/internal/handlers/messages/handler.go:672.7,673.30 2 1
github.com/BenedictKing/claude-proxy/internal/handlers/messages/handler.go:673.30,675.8 1 1
github.com/BenedictKing/claude-proxy/internal/handlers/messages/handler.go:675.13,677.8 1 0
github.com/BenedictKing/claude-proxy/internal/handlers/messages/handler.go:678.7,678.86 1 1
github.com/BenedictKing/claude-proxy/internal/handlers/messages/handler.go:681.5,682.22 2 2
github.com/BenedictKing/claude-proxy/internal/handlers/messages/handler.go:682.22,685.6 2 2
github.com/BenedictKing/claude-proxy/internal/handlers/messages/handler.go:686.5,687.11 2 2
github.com/BenedictKing/claude-proxy/internal/handlers/messages/handler.go:691.4,691.39 1 3
github.com/BenedictKing/claude-proxy/internal/handlers/messages/handler.go:691.39,692.45 1 1
github.com/BenedictKing/claude-proxy/internal/handlers/messages/handler.go:692.45,693.63 1 1
github.com/BenedictKing/claude-proxy/internal/handlers/messages/handler.go:693.63,695.7 1 0
github.com/BenedictKing/claude-proxy/internal/handlers/messages/handler.go:699.4,700.24 2 3
github.com/BenedictKing/claude-proxy/internal/handlers/messages/handler.go:700.24,702.22 2 0
github.com/BenedictKing/claude-proxy/internal/handlers/messages/handler.go:702.22,706.26 4 0
github.com/BenedictKing/claude-proxy/internal/handlers/messages/handler.go:706.26,708.7 1 0
github.com/BenedictKing/claude-proxy/internal/handlers/messages/handler.go:710.10,712.5 1 3
github.com/BenedictKing/claude-proxy/internal/handlers/messages/handler.go:713.4,713.10 1 3
github.com/BenedictKing/claude-proxy/internal/handlers/messages/handler.go:717.2,718.19 2 1
github.com/BenedictKing/claude-proxy/internal/handlers/messages/handler.go:718.19,720.23 2 1
github.com/BenedictKing/claude-proxy/internal/handlers/messages/handler.go:720.23,722.4 1 1
github.com/BenedictKing/claude-proxy/internal/handlers/messages/handler.go:722.9,722.38 1 0
github.com/BenedictKing/claude-proxy/internal/handlers/messages/handler.go:722.38,724.4 1 0
github.com/BenedictKing/claude-proxy/internal/handlers/messages/handler.go:726.2,726.107 1 1
github.com/BenedictKing/claude-proxy/internal/handlers/messages/handler.go:744.3,748.16 3 6
github.com/BenedictKing/claude-proxy/internal/handlers/messages/handler.go:748.16,751.3 2 0
github.com/BenedictKing/claude-proxy/internal/handlers/messages/handler.go:753.2,753.31 1 6
github.com/BenedictKing/claude-proxy/internal/handlers/messages/handler.go:753.31,756.29 3 4
github.com/BenedictKing/claude-proxy/internal/handlers/messages/handler.go:756.29,758.41 2 4
github.com/BenedictKing/claude-proxy/internal/handlers/messages/handler.go:758.41,759.24 1 12
github.com/BenedictKing/claude-proxy/internal/handlers/messages/handler.go:759.24,761.6 1 12
github.com/BenedictKing/claude-proxy/internal/handlers/messages/handler.go:763.4,764.27 2 4
github.com/BenedictKing/claude-proxy/internal/handlers/messages/handler.go:764.27,766.5 1 1
github.com/BenedictKing/claude-proxy/internal/handlers/messages/handler.go:766.10,768.5 1 3
github.com/BenedictKing/claude-proxy/internal/handlers/messages/handler.go:769.4,772.27 3 4
github.com/BenedictKing/claude-proxy/internal/handlers/messages/handler.go:772.27,774.5 1 1
github.com/BenedictKing/claude-proxy/internal/handlers/messages/handler.go:774.10,776.5 1 3
github.com/BenedictKing/claude-proxy/internal/handlers/messages/handler.go:777.4,777.67 1 4
github.com/BenedictKing/claude-proxy/internal/handlers/messages/handler.go:781.2,789.16 3 6
github.com/BenedictKing/claude-proxy/internal/handlers/messages/handler.go:789.16,792.3 2 0
github.com/BenedictKing/claude-proxy/internal/handlers/messages/handler.go:795.2,795.29 1 6
github.com/BenedictKing/claude-proxy/internal/handlers/messages/handler.go:795.29,802.32 4 1
github.com/BenedictKing/claude-proxy/internal/handlers/messages/handler.go:802.32,804.4 1 1
github.com/BenedictKing/claude-proxy/internal/handlers/messages/handler.go:805.8,812.59 5 5
github.com/BenedictKing/claude-proxy/internal/handlers/messages/handler.go:812.59,815.4 2 4
github.com/BenedictKing/claude-proxy/internal/handlers/messages/handler.go:816.3,816.41 1 5
github.com/BenedictKing/claude-proxy/internal/handlers/messages/handler.go:816.41,819.4 2 4
github.com/BenedictKing/claude-proxy/internal/handlers/messages/handler.go:820.3,820.32 1 5
github.com/BenedictKing/claude-proxy/internal/handlers/messages/handler.go:820.32,821.15 1 3
github.com/BenedictKing/claude-proxy/internal/handlers/messages/handler.go:821.15,824.5 1 3
github.com/BenedictKing/claude-proxy/internal/handlers/messages/handler.go:825.4,829.31 1 3
github.com/BenedictKing/claude-proxy/internal/handlers/messages/handler.go:834.2,835.12 2 6
github.com/BenedictKing/claude-proxy/internal/handlers/messages/handler.go:835.12,837.26 2 6
github.com/BenedictKing/claude-proxy/internal/handlers/messages/handler.go:837.26,838.33 1 0
github.com/BenedictKing/claude-proxy/internal/handlers/messages/handler.go:838.33,841.5 2 0
github.com/BenedictKing/claude-proxy/internal/handlers/messages/handler.go:846.2,852.54 4 6
github.com/BenedictKing/claude-proxy/internal/handlers/messages/handler.go:852.54,854.3 1 1
github.com/BenedictKing/claude-proxy/internal/handlers/messages/handler.go:857.2,858.19 2 6
github.com/BenedictKing/claude-proxy/internal/handlers/messages/handler.go:858.19,863.3 4 5
github.com/BenedictKing/claude-proxy/internal/handlers/messages/handler.go:866.2,866.75 1 6
github.com/BenedictKing/claude-proxy/internal/handlers/messages/handler.go:866.75,868.3 1 0
github.com/BenedictKing/claude-proxy/internal/handlers/messages/handler.go:870.2,870.31 1 6
github.com/BenedictKing/claude-proxy/internal/handlers/messages/handler.go:870.31,873.3 2 4
github.com/BenedictKing/claude-proxy/internal/handlers/messages/handler.go:877.147,878.30 1 1
github.com/BenedictKing/claude-proxy/internal/handlers/messages/handler.go:878.30,880.20 2 2
github.com/BenedictKing/claude-proxy/internal/handlers/messages/handler.go:880.20,882.4 1 0
github.com/BenedictKing/claude-proxy/internal/handlers/messages/handler.go:885.3,886.17 2 2
github.com/BenedictKing/claude-proxy/internal/handlers/messages/handler.go:886.17,889.4 1 0
github.com/BenedictKing/claude-proxy/internal/handlers/messages/handler.go:891.3,897.57 2 2
github.com/BenedictKing/claude-proxy/internal/handlers/messages/handler.go:897.57,900.4 2 1
github.com/BenedictKing/claude-proxy/internal/handlers/messages/handler.go:902.3,908.32 3 1
github.com/BenedictKing/claude-proxy/internal/handlers/messages/handler.go:908.32,910.4 1 0
github.com/BenedictKing/claude-proxy/internal/handlers/messages/models.go:41.45,42.30 1 9
github.com/BenedictKing/claude-proxy/internal/handlers/messages/models.go:42.30,44.3 1 2
github.com/BenedictKing/claude-proxy/internal/handlers/messages/models.go:46.2,47.60 2 7
github.com/BenedictKing/claude-proxy/internal/handlers/messages/models.go:50.71,51.14 1 4
github.com/BenedictKing/claude-proxy/internal/handlers/messages/models.go:51.14,53.3 1 1
github.com/BenedictKing/claude-proxy/internal/handlers/messages/models.go:55.2,55.32 1 3
github.com/BenedictKing/claude-proxy/internal/handlers/messages/models.go:55.32,57.3 1 2
github.com/BenedictKing/claude-proxy/internal/handlers/messages/models.go:59.2,60.23 2 3
github.com/BenedictKing/claude-proxy/internal/handlers/messages/models.go:60.23,62.3 1 1
github.com/BenedictKing/claude-proxy/internal/handlers/messages/models.go:64.2,64.49 1 3
github.com/BenedictKing/claude-proxy/internal/handlers/messages/models.go:68.178,69.30 1 5
github.com/BenedictKing/claude-proxy/internal/handlers/messages/models.go:69.30,71.20 2 6
github.com/BenedictKing/claude-proxy/internal/handlers/messages/models.go:71.20,73.4 1 1
github.com/BenedictKing/claude-proxy/internal/handlers/messages/models.go:75.3,76.48 2 5
github.com/BenedictKing/claude-proxy/internal/handlers/messages/models.go:76.48,79.4 2 2
github.com/BenedictKing/claude-proxy/internal/handlers/messages/models.go:82.3,88.29 4 3
github.com/BenedictKing/claude-proxy/internal/handlers/messages/models.go:88.29,96.4 2 2
github.com/BenedictKing/claude-proxy/internal/handlers/messages/models.go:98.3,107.17 4 1
github.com/BenedictKing/claude-proxy/internal/handlers/messages/models.go:107.17,110.4 2 0
github.com/BenedictKing/claude-proxy/internal/handlers/messages/models.go:112.3,117.54 2 1
github.com/BenedictKing/claude-proxy/internal/handlers/messages/models.go:122.148,123.30 1 5
github.com/BenedictKing/claude-proxy/internal/handlers/messages/models.go:123.30,125.20 2 5
github.com/BenedictKing/claude-proxy/internal/handlers/messages/models.go:125.20,127.4 1 1
github.com/BenedictKing/claude-proxy/internal/handlers/messages/models.go:129.3,130.20 2 4
github.com/BenedictKing/claude-proxy/internal/handlers/messages/models.go:130.20,138.4 2 1
github.com/BenedictKing/claude-proxy/internal/handlers/messages/models.go:141.3,141.99 1 3
github.com/BenedictKing/claude-proxy/internal/handlers/messages/models.go:141.99,144.4 2 1
github.com/BenedictKing/claude-proxy/internal/handlers/messages/models.go:147.3,147.98 1 2
github.com/BenedictKing/claude-proxy/internal/handlers/messages/models.go:147.98,150.4 2 1
github.com/BenedictKing/claude-proxy/internal/handlers/messages/models.go:152.3,157.5 1 1
github.com/BenedictKing/claude-proxy/internal/handlers/messages/models.go:162.157,164.9 2 6
github.com/BenedictKing/claude-proxy/internal/handlers/messages/models.go:164.9,166.3 1 2
github.com/BenedictKing/claude-proxy/internal/handlers/messages/models.go:168.2,169.52 2 4
github.com/BenedictKing/claude-proxy/internal/handlers/messages/models.go:169.52,171.18 2 2
github.com/BenedictKing/claude-proxy/internal/handlers/messages/models.go:171.18,173.4 1 1
github.com/BenedictKing/claude-proxy/internal/handlers/messages/models.go:174.3,175.13 2 2
github.com/BenedictKing/claude-proxy/internal/handlers/messages/models.go:178.2,178.18 1 2
github.com/BenedictKing/claude-proxy/internal/handlers/messages/models.go:182.62,187.28 3 4
github.com/BenedictKing/claude-proxy/internal/handlers/messages/models.go:187.28,188.18 1 4
github.com/BenedictKing/claude-proxy/internal/handlers/messages/models.go:188.18,191.4 2 3
github.com/BenedictKing/claude-proxy/internal/handlers/messages/models.go:195.2,195.28 1 4
github.com/BenedictKing/claude-proxy/internal/handlers/messages/models.go:195.28,196.18 1 3
github.com/BenedictKing/claude-proxy/internal/handlers/messages/models.go:196.18,199.4 2 1
github.com/BenedictKing/claude-proxy/internal/handlers/messages/models.go:202.2,202.15 1 4
github.com/BenedictKing/claude-proxy/internal/handlers/messages/models.go:206.175,211.17 4 17
github.com/BenedictKing/claude-proxy/internal/handlers/messages/models.go:211.17,213.3 1 5
github.com/BenedictKing/claude-proxy/internal/handlers/messages/models.go:215.2,215.59 1 17
github.com/BenedictKing/claude-proxy/internal/handlers/messages/models.go:215.59,218.17 2 26
github.com/BenedictKing/claude-proxy/internal/handlers/messages/models.go:218.17,220.9 2 10
github.com/BenedictKing/claude-proxy/internal/handlers/messages/models.go:223.3,226.33 2 16
github.com/BenedictKing/claude-proxy/internal/handlers/messages/models.go:226.33,228.12 2 0
github.com/BenedictKing/claude-proxy/internal/handlers/messages/models.go:231.3,236.17 4 16
github.com/BenedictKing/claude-proxy/internal/handlers/messages/models.go:236.17,239.12 3 0
github.com/BenedictKing/claude-proxy/internal/handlers/messages/models.go:242.3,243.17 2 16
github.com/BenedictKing/claude-proxy/internal/handlers/messages/models.go:243.17,246.12 3 1
github.com/BenedictKing/claude-proxy/internal/handlers/messages/models.go:248.3,252.17 4 15
github.com/BenedictKing/claude-proxy/internal/handlers/messages/models.go:252.17,256.12 3 1
github.com/BenedictKing/claude-proxy/internal/handlers/messages/models.go:259.3,259.39 1 14
github.com/BenedictKing/claude-proxy/internal/handlers/messages/models.go:259.39,262.18 3 8
github.com/BenedictKing/claude-proxy/internal/handlers/messages/models.go:262.18,265.13 3 1
github.com/BenedictKing/claude-proxy/internal/handlers/messages/models.go:267.4,269.21 2 7
github.com/BenedictKing/claude-proxy/internal/handlers/messages/models.go:272.3,275.48 3 6
github.com/BenedictKing/claude-proxy/internal/handlers/messages/models.go:278.2,279.19 2 10
github.com/BenedictKing/claude-proxy/internal/handlers/messages/models.go:283.44,285.23 2 23
github.com/BenedictKing/claude-proxy/internal/handlers/messages/models.go:285.23,287.3 1 3
github.com/BenedictKing/claude-proxy/internal/handlers/messages/models.go:288.2,294.45 5 23
github.com/BenedictKing/claude-proxy/internal/handlers/messages/models.go:294.45,296.3 1 18
github.com/BenedictKing/claude-proxy/internal/handlers/messages/models.go:298.2,298.27 1 23
