mode: set
github.com/BenedictKing/claude-proxy/internal/scheduler/channel_scheduler.go:43.21,56.2 1 1
github.com/BenedictKing/claude-proxy/internal/scheduler/channel_scheduler.go:59.88,60.17 1 1
github.com/BenedictKing/claude-proxy/internal/scheduler/channel_scheduler.go:60.17,62.3 1 1
github.com/BenedictKing/claude-proxy/internal/scheduler/channel_scheduler.go:63.2,63.33 1 1
github.com/BenedictKing/claude-proxy/internal/scheduler/channel_scheduler.go:80.29,86.30 4 1
github.com/BenedictKing/claude-proxy/internal/scheduler/channel_scheduler.go:86.30,88.3 1 0
github.com/BenedictKing/claude-proxy/internal/scheduler/channel_scheduler.go:91.2,95.27 3 1
github.com/BenedictKing/claude-proxy/internal/scheduler/channel_scheduler.go:95.27,97.71 2 1
github.com/BenedictKing/claude-proxy/internal/scheduler/channel_scheduler.go:97.71,99.52 2 1
github.com/BenedictKing/claude-proxy/internal/scheduler/channel_scheduler.go:99.52,103.50 3 1
github.com/BenedictKing/claude-proxy/internal/scheduler/channel_scheduler.go:103.50,105.6 1 0
github.com/BenedictKing/claude-proxy/internal/scheduler/channel_scheduler.go:107.5,107.40 1 1
github.com/BenedictKing/claude-proxy/internal/scheduler/channel_scheduler.go:107.40,108.39 1 1
github.com/BenedictKing/claude-proxy/internal/scheduler/channel_scheduler.go:108.39,116.7 2 1
github.com/BenedictKing/claude-proxy/internal/scheduler/channel_scheduler.go:117.6,118.81 1 1
github.com/BenedictKing/claude-proxy/internal/scheduler/channel_scheduler.go:119.11,120.85 1 0
github.com/BenedictKing/claude-proxy/internal/scheduler/channel_scheduler.go:120.85,128.7 2 0
github.com/BenedictKing/claude-proxy/internal/scheduler/channel_scheduler.go:129.6,130.61 1 0
github.com/BenedictKing/claude-proxy/internal/scheduler/channel_scheduler.go:132.10,132.30 1 0
github.com/BenedictKing/claude-proxy/internal/scheduler/channel_scheduler.go:132.30,134.5 1 0
github.com/BenedictKing/claude-proxy/internal/scheduler/channel_scheduler.go:135.9,135.36 1 1
github.com/BenedictKing/claude-proxy/internal/scheduler/channel_scheduler.go:135.36,137.4 1 1
github.com/BenedictKing/claude-proxy/internal/scheduler/channel_scheduler.go:141.2,141.68 1 1
github.com/BenedictKing/claude-proxy/internal/scheduler/channel_scheduler.go:141.68,142.107 1 1
github.com/BenedictKing/claude-proxy/internal/scheduler/channel_scheduler.go:142.107,144.34 2 1
github.com/BenedictKing/claude-proxy/internal/scheduler/channel_scheduler.go:144.34,145.48 1 1
github.com/BenedictKing/claude-proxy/internal/scheduler/channel_scheduler.go:145.48,147.11 2 1
github.com/BenedictKing/claude-proxy/internal/scheduler/channel_scheduler.go:151.4,151.26 1 1
github.com/BenedictKing/claude-proxy/internal/scheduler/channel_scheduler.go:151.26,152.39 1 1
github.com/BenedictKing/claude-proxy/internal/scheduler/channel_scheduler.go:152.39,154.6 1 0
github.com/BenedictKing/claude-proxy/internal/scheduler/channel_scheduler.go:154.11,156.45 2 1
github.com/BenedictKing/claude-proxy/internal/scheduler/channel_scheduler.go:156.45,158.68 2 1
github.com/BenedictKing/claude-proxy/internal/scheduler/channel_scheduler.go:158.68,162.8 2 1
github.com/BenedictKing/claude-proxy/internal/scheduler/channel_scheduler.go:165.6,165.23 1 1
github.com/BenedictKing/claude-proxy/internal/scheduler/channel_scheduler.go:165.23,167.134 2 1
github.com/BenedictKing/claude-proxy/internal/scheduler/channel_scheduler.go:167.134,174.8 2 1
github.com/BenedictKing/claude-proxy/internal/scheduler/channel_scheduler.go:182.2,183.36 2 1
github.com/BenedictKing/claude-proxy/internal/scheduler/channel_scheduler.go:183.36,184.31 1 1
github.com/BenedictKing/claude-proxy/internal/scheduler/channel_scheduler.go:184.31,185.12 1 1
github.com/BenedictKing/claude-proxy/internal/scheduler/channel_scheduler.go:187.3,187.55 1 1
github.com/BenedictKing/claude-proxy/internal/scheduler/channel_scheduler.go:187.55,188.12 1 0
github.com/BenedictKing/claude-proxy/internal/scheduler/channel_scheduler.go:191.3,192.52 2 1
github.com/BenedictKing/claude-proxy/internal/scheduler/channel_scheduler.go:192.52,193.12 1 0
github.com/BenedictKing/claude-proxy/internal/scheduler/channel_scheduler.go:196.3,196.83 1 1
github.com/BenedictKing/claude-proxy/internal/scheduler/channel_scheduler.go:196.83,199.12 3 1
github.com/BenedictKing/claude-proxy/internal/scheduler/channel_scheduler.go:201.3,201.52 1 1
github.com/BenedictKing/claude-proxy/internal/scheduler/channel_scheduler.go:204.2,204.32 1 1
github.com/BenedictKing/claude-proxy/internal/scheduler/channel_scheduler.go:204.32,208.40 4 1
github.com/BenedictKing/claude-proxy/internal/scheduler/channel_scheduler.go:208.40,209.60 1 1
github.com/BenedictKing/claude-proxy/internal/scheduler/channel_scheduler.go:209.60,210.10 1 1
github.com/BenedictKing/claude-proxy/internal/scheduler/channel_scheduler.go:212.4,212.45 1 1
github.com/BenedictKing/claude-proxy/internal/scheduler/channel_scheduler.go:215.3,217.22 3 1
github.com/BenedictKing/claude-proxy/internal/scheduler/channel_scheduler.go:217.22,224.4 2 1
github.com/BenedictKing/claude-proxy/internal/scheduler/channel_scheduler.go:228.2,228.77 1 1
github.com/BenedictKing/claude-proxy/internal/scheduler/channel_scheduler.go:236.15,240.30 3 1
github.com/BenedictKing/claude-proxy/internal/scheduler/channel_scheduler.go:240.30,241.31 1 1
github.com/BenedictKing/claude-proxy/internal/scheduler/channel_scheduler.go:241.31,242.12 1 0
github.com/BenedictKing/claude-proxy/internal/scheduler/channel_scheduler.go:244.3,244.28 1 1
github.com/BenedictKing/claude-proxy/internal/scheduler/channel_scheduler.go:244.28,245.12 1 0
github.com/BenedictKing/claude-proxy/internal/scheduler/channel_scheduler.go:247.3,248.52 2 1
github.com/BenedictKing/claude-proxy/internal/scheduler/channel_scheduler.go:248.52,249.12 1 0
github.com/BenedictKing/claude-proxy/internal/scheduler/channel_scheduler.go:251.3,251.83 1 1
github.com/BenedictKing/claude-proxy/internal/scheduler/channel_scheduler.go:251.83,252.12 1 0
github.com/BenedictKing/claude-proxy/internal/scheduler/channel_scheduler.go:255.3,255.45 1 1
github.com/BenedictKing/claude-proxy/internal/scheduler/channel_scheduler.go:255.45,258.4 2 1
github.com/BenedictKing/claude-proxy/internal/scheduler/channel_scheduler.go:261.2,261.30 1 1
github.com/BenedictKing/claude-proxy/internal/scheduler/channel_scheduler.go:264.116,265.26 1 1
github.com/BenedictKing/claude-proxy/internal/scheduler/channel_scheduler.go:265.26,267.3 1 0
github.com/BenedictKing/claude-proxy/internal/scheduler/channel_scheduler.go:269.2,269.47 1 1
github.com/BenedictKing/claude-proxy/internal/scheduler/channel_scheduler.go:270.33,271.59 1 1
github.com/BenedictKing/claude-proxy/internal/scheduler/channel_scheduler.go:272.29,273.18 1 0
github.com/BenedictKing/claude-proxy/internal/scheduler/channel_scheduler.go:273.18,275.4 1 0
github.com/BenedictKing/claude-proxy/internal/scheduler/channel_scheduler.go:276.3,276.70 1 0
github.com/BenedictKing/claude-proxy/internal/scheduler/channel_scheduler.go:277.10,278.41 1 1
github.com/BenedictKing/claude-proxy/internal/scheduler/channel_scheduler.go:282.63,283.26 1 1
github.com/BenedictKing/claude-proxy/internal/scheduler/channel_scheduler.go:283.26,285.3 1 0
github.com/BenedictKing/claude-proxy/internal/scheduler/channel_scheduler.go:286.2,286.26 1 1
github.com/BenedictKing/claude-proxy/internal/scheduler/channel_scheduler.go:286.26,288.3 1 0
github.com/BenedictKing/claude-proxy/internal/scheduler/channel_scheduler.go:290.2,291.32 2 1
github.com/BenedictKing/claude-proxy/internal/scheduler/channel_scheduler.go:291.32,293.13 2 1
github.com/BenedictKing/claude-proxy/internal/scheduler/channel_scheduler.go:293.13,295.4 1 1
github.com/BenedictKing/claude-proxy/internal/scheduler/channel_scheduler.go:296.3,296.13 1 1
github.com/BenedictKing/claude-proxy/internal/scheduler/channel_scheduler.go:298.2,298.16 1 1
github.com/BenedictKing/claude-proxy/internal/scheduler/channel_scheduler.go:298.16,300.3 1 0
github.com/BenedictKing/claude-proxy/internal/scheduler/channel_scheduler.go:302.2,303.32 2 1
github.com/BenedictKing/claude-proxy/internal/scheduler/channel_scheduler.go:303.32,305.13 2 1
github.com/BenedictKing/claude-proxy/internal/scheduler/channel_scheduler.go:305.13,307.4 1 1
github.com/BenedictKing/claude-proxy/internal/scheduler/channel_scheduler.go:308.3,308.12 1 1
github.com/BenedictKing/claude-proxy/internal/scheduler/channel_scheduler.go:308.12,310.4 1 1
github.com/BenedictKing/claude-proxy/internal/scheduler/channel_scheduler.go:311.3,311.9 1 0
github.com/BenedictKing/claude-proxy/internal/scheduler/channel_scheduler.go:313.2,313.38 1 0
github.com/BenedictKing/claude-proxy/internal/scheduler/channel_scheduler.go:316.76,317.26 1 0
github.com/BenedictKing/claude-proxy/internal/scheduler/channel_scheduler.go:317.26,319.3 1 0
github.com/BenedictKing/claude-proxy/internal/scheduler/channel_scheduler.go:320.2,320.26 1 0
github.com/BenedictKing/claude-proxy/internal/scheduler/channel_scheduler.go:320.26,321.24 1 0
github.com/BenedictKing/claude-proxy/internal/scheduler/channel_scheduler.go:321.24,323.4 1 0
github.com/BenedictKing/claude-proxy/internal/scheduler/channel_scheduler.go:324.3,324.23 1 0
github.com/BenedictKing/claude-proxy/internal/scheduler/channel_scheduler.go:327.2,328.43 2 0
github.com/BenedictKing/claude-proxy/internal/scheduler/channel_scheduler.go:328.43,329.33 1 0
github.com/BenedictKing/claude-proxy/internal/scheduler/channel_scheduler.go:329.33,330.31 1 0
github.com/BenedictKing/claude-proxy/internal/scheduler/channel_scheduler.go:330.31,332.10 2 0
github.com/BenedictKing/claude-proxy/internal/scheduler/channel_scheduler.go:337.2,338.23 2 0
github.com/BenedictKing/claude-proxy/internal/scheduler/channel_scheduler.go:338.23,340.3 1 0
github.com/BenedictKing/claude-proxy/internal/scheduler/channel_scheduler.go:341.2,341.17 1 0
github.com/BenedictKing/claude-proxy/internal/scheduler/channel_scheduler.go:345.109,346.32 1 1
github.com/BenedictKing/claude-proxy/internal/scheduler/channel_scheduler.go:346.32,348.28 2 1
github.com/BenedictKing/claude-proxy/internal/scheduler/channel_scheduler.go:348.28,349.12 1 0
github.com/BenedictKing/claude-proxy/internal/scheduler/channel_scheduler.go:351.3,352.22 2 1
github.com/BenedictKing/claude-proxy/internal/scheduler/channel_scheduler.go:352.22,353.45 1 1
github.com/BenedictKing/claude-proxy/internal/scheduler/channel_scheduler.go:353.45,356.5 2 1
github.com/BenedictKing/claude-proxy/internal/scheduler/channel_scheduler.go:359.2,359.12 1 1
github.com/BenedictKing/claude-proxy/internal/scheduler/channel_scheduler.go:367.29,379.32 5 1
github.com/BenedictKing/claude-proxy/internal/scheduler/channel_scheduler.go:379.32,381.31 2 1
github.com/BenedictKing/claude-proxy/internal/scheduler/channel_scheduler.go:381.31,382.12 1 0
github.com/BenedictKing/claude-proxy/internal/scheduler/channel_scheduler.go:384.3,384.55 1 1
github.com/BenedictKing/claude-proxy/internal/scheduler/channel_scheduler.go:384.55,385.12 1 0
github.com/BenedictKing/claude-proxy/internal/scheduler/channel_scheduler.go:388.3,389.52 2 1
github.com/BenedictKing/claude-proxy/internal/scheduler/channel_scheduler.go:389.52,390.12 1 0
github.com/BenedictKing/claude-proxy/internal/scheduler/channel_scheduler.go:393.3,398.5 2 1
github.com/BenedictKing/claude-proxy/internal/scheduler/channel_scheduler.go:401.2,401.26 1 1
github.com/BenedictKing/claude-proxy/internal/scheduler/channel_scheduler.go:401.26,403.3 1 0
github.com/BenedictKing/claude-proxy/internal/scheduler/channel_scheduler.go:405.2,405.40 1 1
github.com/BenedictKing/claude-proxy/internal/scheduler/channel_scheduler.go:405.40,406.17 1 1
github.com/BenedictKing/claude-proxy/internal/scheduler/channel_scheduler.go:407.17,408.12 1 1
github.com/BenedictKing/claude-proxy/internal/scheduler/channel_scheduler.go:409.19,410.12 1 0
github.com/BenedictKing/claude-proxy/internal/scheduler/channel_scheduler.go:411.11,412.12 1 0
github.com/BenedictKing/claude-proxy/internal/scheduler/channel_scheduler.go:416.2,416.45 1 1
github.com/BenedictKing/claude-proxy/internal/scheduler/channel_scheduler.go:416.45,419.15 3 1
github.com/BenedictKing/claude-proxy/internal/scheduler/channel_scheduler.go:419.15,421.4 1 0
github.com/BenedictKing/claude-proxy/internal/scheduler/channel_scheduler.go:423.3,423.24 1 1
github.com/BenedictKing/claude-proxy/internal/scheduler/channel_scheduler.go:423.24,424.62 1 1
github.com/BenedictKing/claude-proxy/internal/scheduler/channel_scheduler.go:424.62,426.5 1 1
github.com/BenedictKing/claude-proxy/internal/scheduler/channel_scheduler.go:427.4,427.62 1 0
github.com/BenedictKing/claude-proxy/internal/scheduler/channel_scheduler.go:427.62,429.5 1 0
github.com/BenedictKing/claude-proxy/internal/scheduler/channel_scheduler.go:430.4,430.58 1 0
github.com/BenedictKing/claude-proxy/internal/scheduler/channel_scheduler.go:433.3,433.61 1 1
github.com/BenedictKing/claude-proxy/internal/scheduler/channel_scheduler.go:433.61,435.4 1 1
github.com/BenedictKing/claude-proxy/internal/scheduler/channel_scheduler.go:436.3,436.61 1 0
github.com/BenedictKing/claude-proxy/internal/scheduler/channel_scheduler.go:436.61,438.4 1 0
github.com/BenedictKing/claude-proxy/internal/scheduler/channel_scheduler.go:439.3,439.57 1 0
github.com/BenedictKing/claude-proxy/internal/scheduler/channel_scheduler.go:442.2,443.26 2 1
github.com/BenedictKing/claude-proxy/internal/scheduler/channel_scheduler.go:443.26,451.3 2 1
github.com/BenedictKing/claude-proxy/internal/scheduler/channel_scheduler.go:453.2,453.52 1 0
github.com/BenedictKing/claude-proxy/internal/scheduler/channel_scheduler.go:466.78,470.17 3 1
github.com/BenedictKing/claude-proxy/internal/scheduler/channel_scheduler.go:470.17,472.3 1 1
github.com/BenedictKing/claude-proxy/internal/scheduler/channel_scheduler.go:472.8,474.3 1 1
github.com/BenedictKing/claude-proxy/internal/scheduler/channel_scheduler.go:477.2,478.37 2 1
github.com/BenedictKing/claude-proxy/internal/scheduler/channel_scheduler.go:478.37,480.19 2 1
github.com/BenedictKing/claude-proxy/internal/scheduler/channel_scheduler.go:480.19,482.4 1 0
github.com/BenedictKing/claude-proxy/internal/scheduler/channel_scheduler.go:485.3,485.49 1 1
github.com/BenedictKing/claude-proxy/internal/scheduler/channel_scheduler.go:485.49,486.12 1 0
github.com/BenedictKing/claude-proxy/internal/scheduler/channel_scheduler.go:489.3,490.20 2 1
github.com/BenedictKing/claude-proxy/internal/scheduler/channel_scheduler.go:490.20,492.4 1 0
github.com/BenedictKing/claude-proxy/internal/scheduler/channel_scheduler.go:494.3,500.5 1 1
github.com/BenedictKing/claude-proxy/internal/scheduler/channel_scheduler.go:503.2,503.40 1 1
github.com/BenedictKing/claude-proxy/internal/scheduler/channel_scheduler.go:503.40,504.17 1 1
github.com/BenedictKing/claude-proxy/internal/scheduler/channel_scheduler.go:505.17,506.12 1 1
github.com/BenedictKing/claude-proxy/internal/scheduler/channel_scheduler.go:507.19,508.12 1 0
github.com/BenedictKing/claude-proxy/internal/scheduler/channel_scheduler.go:509.11,510.12 1 0
github.com/BenedictKing/claude-proxy/internal/scheduler/channel_scheduler.go:515.2,515.49 1 1
github.com/BenedictKing/claude-proxy/internal/scheduler/channel_scheduler.go:515.49,518.15 3 1
github.com/BenedictKing/claude-proxy/internal/scheduler/channel_scheduler.go:518.15,520.4 1 0
github.com/BenedictKing/claude-proxy/internal/scheduler/channel_scheduler.go:521.3,521.63 1 1
github.com/BenedictKing/claude-proxy/internal/scheduler/channel_scheduler.go:521.63,523.4 1 1
github.com/BenedictKing/claude-proxy/internal/scheduler/channel_scheduler.go:524.3,524.59 1 1
github.com/BenedictKing/claude-proxy/internal/scheduler/channel_scheduler.go:527.2,527.23 1 1
github.com/BenedictKing/claude-proxy/internal/scheduler/channel_scheduler.go:532.99,536.17 3 1
github.com/BenedictKing/claude-proxy/internal/scheduler/channel_scheduler.go:536.17,538.3 1 1
github.com/BenedictKing/claude-proxy/internal/scheduler/channel_scheduler.go:538.8,540.3 1 1
github.com/BenedictKing/claude-proxy/internal/scheduler/channel_scheduler.go:542.2,542.42 1 1
github.com/BenedictKing/claude-proxy/internal/scheduler/channel_scheduler.go:542.42,546.3 2 1
github.com/BenedictKing/claude-proxy/internal/scheduler/channel_scheduler.go:547.2,547.12 1 0
github.com/BenedictKing/claude-proxy/internal/scheduler/channel_scheduler.go:551.84,553.2 1 1
github.com/BenedictKing/claude-proxy/internal/scheduler/channel_scheduler.go:556.144,558.2 1 0
github.com/BenedictKing/claude-proxy/internal/scheduler/channel_scheduler.go:561.84,563.2 1 1
github.com/BenedictKing/claude-proxy/internal/scheduler/channel_scheduler.go:566.78,567.18 1 1
github.com/BenedictKing/claude-proxy/internal/scheduler/channel_scheduler.go:567.18,569.3 1 1
github.com/BenedictKing/claude-proxy/internal/scheduler/channel_scheduler.go:573.63,574.18 1 0
github.com/BenedictKing/claude-proxy/internal/scheduler/channel_scheduler.go:574.18,576.3 1 0
github.com/BenedictKing/claude-proxy/internal/scheduler/channel_scheduler.go:580.80,582.2 1 0
github.com/BenedictKing/claude-proxy/internal/scheduler/channel_scheduler.go:585.81,587.2 1 0
github.com/BenedictKing/claude-proxy/internal/scheduler/channel_scheduler.go:590.84,592.2 1 0
github.com/BenedictKing/claude-proxy/internal/scheduler/channel_scheduler.go:595.84,597.21 2 0
github.com/BenedictKing/claude-proxy/internal/scheduler/channel_scheduler.go:597.21,599.3 1 0
github.com/BenedictKing/claude-proxy/internal/scheduler/channel_scheduler.go:600.2,601.42 2 0
github.com/BenedictKing/claude-proxy/internal/scheduler/channel_scheduler.go:601.42,603.3 1 0
github.com/BenedictKing/claude-proxy/internal/scheduler/channel_scheduler.go:604.2,604.107 1 0
github.com/BenedictKing/claude-proxy/internal/scheduler/channel_scheduler.go:608.86,610.2 1 0
github.com/BenedictKing/claude-proxy/internal/scheduler/channel_scheduler.go:613.72,615.2 1 0
github.com/BenedictKing/claude-proxy/internal/scheduler/channel_scheduler.go:618.70,620.2 1 0
github.com/BenedictKing/claude-proxy/internal/scheduler/channel_scheduler.go:623.39,624.23 1 1
github.com/BenedictKing/claude-proxy/internal/scheduler/channel_scheduler.go:624.23,626.3 1 1
github.com/BenedictKing/claude-proxy/internal/scheduler/channel_scheduler.go:627.2,627.52 1 0
github.com/BenedictKing/claude-proxy/internal/scheduler/channel_scheduler.go:635.29,636.43 1 0
github.com/BenedictKing/claude-proxy/internal/scheduler/channel_scheduler.go:636.43,639.28 2 0
github.com/BenedictKing/claude-proxy/internal/scheduler/channel_scheduler.go:639.28,645.4 1 0
github.com/BenedictKing/claude-proxy/internal/scheduler/channel_scheduler.go:646.3,646.17 1 0
github.com/BenedictKing/claude-proxy/internal/scheduler/channel_scheduler.go:648.2,648.55 1 0
github.com/BenedictKing/claude-proxy/internal/scheduler/channel_scheduler.go:652.73,653.25 1 0
github.com/BenedictKing/claude-proxy/internal/scheduler/channel_scheduler.go:653.25,655.3 1 0
github.com/BenedictKing/claude-proxy/internal/scheduler/channel_scheduler.go:659.73,660.25 1 0
github.com/BenedictKing/claude-proxy/internal/scheduler/channel_scheduler.go:660.25,662.3 1 0
github.com/BenedictKing/claude-proxy/internal/scheduler/channel_scheduler.go:666.65,667.25 1 0
github.com/BenedictKing/claude-proxy/internal/scheduler/channel_scheduler.go:667.25,669.3 1 0
github.com/BenedictKing/claude-proxy/internal/scheduler/channel_scheduler.go:673.72,674.25 1 0
github.com/BenedictKing/claude-proxy/internal/scheduler/channel_scheduler.go:674.25,676.3 1 0
github.com/BenedictKing/claude-proxy/internal/scheduler/channel_scheduler.go:677.2,677.12 1 0
github.com/BenedictKing/claude-proxy/internal/scheduler/channel_scheduler.go:688.29,694.30 4 0
github.com/BenedictKing/claude-proxy/internal/scheduler/channel_scheduler.go:694.30,696.3 1 0
github.com/BenedictKing/claude-proxy/internal/scheduler/channel_scheduler.go:699.2,703.27 3 0
github.com/BenedictKing/claude-proxy/internal/scheduler/channel_scheduler.go:703.27,705.71 2 0
github.com/BenedictKing/claude-proxy/internal/scheduler/channel_scheduler.go:705.71,707.52 2 0
github.com/BenedictKing/claude-proxy/internal/scheduler/channel_scheduler.go:707.52,711.50 3 0
github.com/BenedictKing/claude-proxy/internal/scheduler/channel_scheduler.go:711.50,713.6 1 0
github.com/BenedictKing/claude-proxy/internal/scheduler/channel_scheduler.go:715.5,715.40 1 0
github.com/BenedictKing/claude-proxy/internal/scheduler/channel_scheduler.go:715.40,716.39 1 0
github.com/BenedictKing/claude-proxy/internal/scheduler/channel_scheduler.go:716.39,724.7 2 0
github.com/BenedictKing/claude-proxy/internal/scheduler/channel_scheduler.go:725.6,726.81 1 0
github.com/BenedictKing/claude-proxy/internal/scheduler/channel_scheduler.go:727.11,728.85 1 0
github.com/BenedictKing/claude-proxy/internal/scheduler/channel_scheduler.go:728.85,736.7 2 0
github.com/BenedictKing/claude-proxy/internal/scheduler/channel_scheduler.go:737.6,738.61 1 0
github.com/BenedictKing/claude-proxy/internal/scheduler/channel_scheduler.go:740.10,740.30 1 0
github.com/BenedictKing/claude-proxy/internal/scheduler/channel_scheduler.go:740.30,742.5 1 0
github.com/BenedictKing/claude-proxy/internal/scheduler/channel_scheduler.go:743.9,743.36 1 0
github.com/BenedictKing/claude-proxy/internal/scheduler/channel_scheduler.go:743.36,745.4 1 0
github.com/BenedictKing/claude-proxy/internal/scheduler/channel_scheduler.go:749.2,749.68 1 0
github.com/BenedictKing/claude-proxy/internal/scheduler/channel_scheduler.go:749.68,750.107 1 0
github.com/BenedictKing/claude-proxy/internal/scheduler/channel_scheduler.go:750.107,752.34 2 0
github.com/BenedictKing/claude-proxy/internal/scheduler/channel_scheduler.go:752.34,753.48 1 0
github.com/BenedictKing/claude-proxy/internal/scheduler/channel_scheduler.go:753.48,755.11 2 0
github.com/BenedictKing/claude-proxy/internal/scheduler/channel_scheduler.go:759.4,759.26 1 0
github.com/BenedictKing/claude-proxy/internal/scheduler/channel_scheduler.go:759.26,760.39 1 0
github.com/BenedictKing/claude-proxy/internal/scheduler/channel_scheduler.go:760.39,762.6 1 0
github.com/BenedictKing/claude-proxy/internal/scheduler/channel_scheduler.go:762.11,764.45 2 0
github.com/BenedictKing/claude-proxy/internal/scheduler/channel_scheduler.go:764.45,766.68 2 0
github.com/BenedictKing/claude-proxy/internal/scheduler/channel_scheduler.go:766.68,770.8 2 0
github.com/BenedictKing/claude-proxy/internal/scheduler/channel_scheduler.go:773.6,773.23 1 0
github.com/BenedictKing/claude-proxy/internal/scheduler/channel_scheduler.go:773.23,775.134 2 0
github.com/BenedictKing/claude-proxy/internal/scheduler/channel_scheduler.go:775.134,782.8 2 0
github.com/BenedictKing/claude-proxy/internal/scheduler/channel_scheduler.go:790.2,791.36 2 0
github.com/BenedictKing/claude-proxy/internal/scheduler/channel_scheduler.go:791.36,792.31 1 0
github.com/BenedictKing/claude-proxy/internal/scheduler/channel_scheduler.go:792.31,793.12 1 0
github.com/BenedictKing/claude-proxy/internal/scheduler/channel_scheduler.go:795.3,795.55 1 0
github.com/BenedictKing/claude-proxy/internal/scheduler/channel_scheduler.go:795.55,796.12 1 0
github.com/BenedictKing/claude-proxy/internal/scheduler/channel_scheduler.go:799.3,800.52 2 0
github.com/BenedictKing/claude-proxy/internal/scheduler/channel_scheduler.go:800.52,801.12 1 0
github.com/BenedictKing/claude-proxy/internal/scheduler/channel_scheduler.go:804.3,804.83 1 0
github.com/BenedictKing/claude-proxy/internal/scheduler/channel_scheduler.go:804.83,807.12 3 0
github.com/BenedictKing/claude-proxy/internal/scheduler/channel_scheduler.go:809.3,809.52 1 0
github.com/BenedictKing/claude-proxy/internal/scheduler/channel_scheduler.go:812.2,812.32 1 0
github.com/BenedictKing/claude-proxy/internal/scheduler/channel_scheduler.go:812.32,816.40 4 0
github.com/BenedictKing/claude-proxy/internal/scheduler/channel_scheduler.go:816.40,817.60 1 0
github.com/BenedictKing/claude-proxy/internal/scheduler/channel_scheduler.go:817.60,818.10 1 0
github.com/BenedictKing/claude-proxy/internal/scheduler/channel_scheduler.go:820.4,820.45 1 0
github.com/BenedictKing/claude-proxy/internal/scheduler/channel_scheduler.go:823.3,825.22 3 0
github.com/BenedictKing/claude-proxy/internal/scheduler/channel_scheduler.go:825.22,832.4 2 0
github.com/BenedictKing/claude-proxy/internal/scheduler/channel_scheduler.go:836.2,836.70 1 0
github.com/BenedictKing/claude-proxy/internal/scheduler/channel_scheduler.go:843.15,847.30 3 0
github.com/BenedictKing/claude-proxy/internal/scheduler/channel_scheduler.go:847.30,848.31 1 0
github.com/BenedictKing/claude-proxy/internal/scheduler/channel_scheduler.go:848.31,849.12 1 0
github.com/BenedictKing/claude-proxy/internal/scheduler/channel_scheduler.go:851.3,851.28 1 0
github.com/BenedictKing/claude-proxy/internal/scheduler/channel_scheduler.go:851.28,852.12 1 0
github.com/BenedictKing/claude-proxy/internal/scheduler/channel_scheduler.go:854.3,855.52 2 0
github.com/BenedictKing/claude-proxy/internal/scheduler/channel_scheduler.go:855.52,856.12 1 0
github.com/BenedictKing/claude-proxy/internal/scheduler/channel_scheduler.go:858.3,858.83 1 0
github.com/BenedictKing/claude-proxy/internal/scheduler/channel_scheduler.go:858.83,859.12 1 0
github.com/BenedictKing/claude-proxy/internal/scheduler/channel_scheduler.go:862.3,862.45 1 0
github.com/BenedictKing/claude-proxy/internal/scheduler/channel_scheduler.go:862.45,865.4 2 0
github.com/BenedictKing/claude-proxy/internal/scheduler/channel_scheduler.go:868.2,868.30 1 0
github.com/BenedictKing/claude-proxy/internal/scheduler/channel_scheduler.go:871.104,872.26 1 0
github.com/BenedictKing/claude-proxy/internal/scheduler/channel_scheduler.go:872.26,874.3 1 0
github.com/BenedictKing/claude-proxy/internal/scheduler/channel_scheduler.go:876.2,876.47 1 0
github.com/BenedictKing/claude-proxy/internal/scheduler/channel_scheduler.go:877.33,878.59 1 0
github.com/BenedictKing/claude-proxy/internal/scheduler/channel_scheduler.go:879.29,880.68 1 0
github.com/BenedictKing/claude-proxy/internal/scheduler/channel_scheduler.go:881.10,882.41 1 0
github.com/BenedictKing/claude-proxy/internal/scheduler/channel_scheduler.go:887.97,888.32 1 0
github.com/BenedictKing/claude-proxy/internal/scheduler/channel_scheduler.go:888.32,890.28 2 0
github.com/BenedictKing/claude-proxy/internal/scheduler/channel_scheduler.go:890.28,891.12 1 0
github.com/BenedictKing/claude-proxy/internal/scheduler/channel_scheduler.go:893.3,894.22 2 0
github.com/BenedictKing/claude-proxy/internal/scheduler/channel_scheduler.go:894.22,895.45 1 0
github.com/BenedictKing/claude-proxy/internal/scheduler/channel_scheduler.go:895.45,898.5 2 0
github.com/BenedictKing/claude-proxy/internal/scheduler/channel_scheduler.go:901.2,901.12 1 0
github.com/BenedictKing/claude-proxy/internal/scheduler/channel_scheduler.go:908.29,920.32 5 0
github.com/BenedictKing/claude-proxy/internal/scheduler/channel_scheduler.go:920.32,922.31 2 0
github.com/BenedictKing/claude-proxy/internal/scheduler/channel_scheduler.go:922.31,923.12 1 0
github.com/BenedictKing/claude-proxy/internal/scheduler/channel_scheduler.go:925.3,925.55 1 0
github.com/BenedictKing/claude-proxy/internal/scheduler/channel_scheduler.go:925.55,926.12 1 0
github.com/BenedictKing/claude-proxy/internal/scheduler/channel_scheduler.go:929.3,930.52 2 0
github.com/BenedictKing/claude-proxy/internal/scheduler/channel_scheduler.go:930.52,931.12 1 0
github.com/BenedictKing/claude-proxy/internal/scheduler/channel_scheduler.go:934.3,939.5 2 0
github.com/BenedictKing/claude-proxy/internal/scheduler/channel_scheduler.go:942.2,942.26 1 0
github.com/BenedictKing/claude-proxy/internal/scheduler/channel_scheduler.go:942.26,944.3 1 0
github.com/BenedictKing/claude-proxy/internal/scheduler/channel_scheduler.go:946.2,946.40 1 0
github.com/BenedictKing/claude-proxy/internal/scheduler/channel_scheduler.go:946.40,947.17 1 0
github.com/BenedictKing/claude-proxy/internal/scheduler/channel_scheduler.go:948.17,949.12 1 0
github.com/BenedictKing/claude-proxy/internal/scheduler/channel_scheduler.go:950.19,951.12 1 0
github.com/BenedictKing/claude-proxy/internal/scheduler/channel_scheduler.go:952.11,953.12 1 0
github.com/BenedictKing/claude-proxy/internal/scheduler/channel_scheduler.go:957.2,957.45 1 0
github.com/BenedictKing/claude-proxy/internal/scheduler/channel_scheduler.go:957.45,960.15 3 0
github.com/BenedictKing/claude-proxy/internal/scheduler/channel_scheduler.go:960.15,962.4 1 0
github.com/BenedictKing/claude-proxy/internal/scheduler/channel_scheduler.go:964.3,964.24 1 0
github.com/BenedictKing/claude-proxy/internal/scheduler/channel_scheduler.go:964.24,965.62 1 0
github.com/BenedictKing/claude-proxy/internal/scheduler/channel_scheduler.go:965.62,967.5 1 0
github.com/BenedictKing/claude-proxy/internal/scheduler/channel_scheduler.go:968.4,968.62 1 0
github.com/BenedictKing/claude-proxy/internal/scheduler/channel_scheduler.go:968.62,970.5 1 0
github.com/BenedictKing/claude-proxy/internal/scheduler/channel_scheduler.go:971.4,971.58 1 0
github.com/BenedictKing/claude-proxy/internal/scheduler/channel_scheduler.go:974.3,974.61 1 0
github.com/BenedictKing/claude-proxy/internal/scheduler/channel_scheduler.go:974.61,976.4 1 0
github.com/BenedictKing/claude-proxy/internal/scheduler/channel_scheduler.go:977.3,977.61 1 0
github.com/BenedictKing/claude-proxy/internal/scheduler/channel_scheduler.go:977.61,979.4 1 0
github.com/BenedictKing/claude-proxy/internal/scheduler/channel_scheduler.go:980.3,980.57 1 0
github.com/BenedictKing/claude-proxy/internal/scheduler/channel_scheduler.go:983.2,984.26 2 0
github.com/BenedictKing/claude-proxy/internal/scheduler/channel_scheduler.go:984.26,992.3 2 0
github.com/BenedictKing/claude-proxy/internal/scheduler/channel_scheduler.go:994.2,994.60 1 0
github.com/BenedictKing/claude-proxy/internal/scheduler/channel_scheduler.go:998.68,1003.37 4 0
github.com/BenedictKing/claude-proxy/internal/scheduler/channel_scheduler.go:1003.37,1005.19 2 0
github.com/BenedictKing/claude-proxy/internal/scheduler/channel_scheduler.go:1005.19,1007.4 1 0
github.com/BenedictKing/claude-proxy/internal/scheduler/channel_scheduler.go:1009.3,1009.49 1 0
github.com/BenedictKing/claude-proxy/internal/scheduler/channel_scheduler.go:1009.49,1010.12 1 0
github.com/BenedictKing/claude-proxy/internal/scheduler/channel_scheduler.go:1013.3,1014.20 2 0
github.com/BenedictKing/claude-proxy/internal/scheduler/channel_scheduler.go:1014.20,1016.4 1 0
github.com/BenedictKing/claude-proxy/internal/scheduler/channel_scheduler.go:1018.3,1024.5 1 0
github.com/BenedictKing/claude-proxy/internal/scheduler/channel_scheduler.go:1027.2,1027.40 1 0
github.com/BenedictKing/claude-proxy/internal/scheduler/channel_scheduler.go:1027.40,1028.17 1 0
github.com/BenedictKing/claude-proxy/internal/scheduler/channel_scheduler.go:1029.17,1030.12 1 0
github.com/BenedictKing/claude-proxy/internal/scheduler/channel_scheduler.go:1031.19,1032.12 1 0
github.com/BenedictKing/claude-proxy/internal/scheduler/channel_scheduler.go:1033.11,1034.12 1 0
github.com/BenedictKing/claude-proxy/internal/scheduler/channel_scheduler.go:1038.2,1038.49 1 0
github.com/BenedictKing/claude-proxy/internal/scheduler/channel_scheduler.go:1038.49,1041.15 3 0
github.com/BenedictKing/claude-proxy/internal/scheduler/channel_scheduler.go:1041.15,1043.4 1 0
github.com/BenedictKing/claude-proxy/internal/scheduler/channel_scheduler.go:1044.3,1044.63 1 0
github.com/BenedictKing/claude-proxy/internal/scheduler/channel_scheduler.go:1044.63,1046.4 1 0
github.com/BenedictKing/claude-proxy/internal/scheduler/channel_scheduler.go:1047.3,1047.59 1 0
github.com/BenedictKing/claude-proxy/internal/scheduler/channel_scheduler.go:1050.2,1050.23 1 0
github.com/BenedictKing/claude-proxy/internal/scheduler/channel_scheduler.go:1054.87,1058.42 3 0
github.com/BenedictKing/claude-proxy/internal/scheduler/channel_scheduler.go:1058.42,1061.3 2 0
github.com/BenedictKing/claude-proxy/internal/scheduler/channel_scheduler.go:1062.2,1062.12 1 0
github.com/BenedictKing/claude-proxy/internal/scheduler/channel_scheduler.go:1066.72,1068.2 1 0
github.com/BenedictKing/claude-proxy/internal/scheduler/channel_scheduler.go:1071.132,1073.2 1 0
github.com/BenedictKing/claude-proxy/internal/scheduler/channel_scheduler.go:1076.72,1078.2 1 0
github.com/BenedictKing/claude-proxy/internal/scheduler/channel_scheduler.go:1081.78,1083.2 1 0
github.com/BenedictKing/claude-proxy/internal/scheduler/channel_scheduler.go:1086.72,1088.21 2 0
github.com/BenedictKing/claude-proxy/internal/scheduler/channel_scheduler.go:1088.21,1090.3 1 0
github.com/BenedictKing/claude-proxy/internal/scheduler/channel_scheduler.go:1091.2,1091.42 1 0
github.com/BenedictKing/claude-proxy/internal/scheduler/channel_scheduler.go:1091.42,1093.3 1 0
github.com/BenedictKing/claude-proxy/internal/scheduler/channel_scheduler.go:1094.2,1094.114 1 0
github.com/BenedictKing/claude-proxy/internal/scheduler/channel_scheduler.go:1098.62,1100.2 1 0
github.com/BenedictKing/claude-proxy/internal/scheduler/channel_scheduler.go:1103.60,1105.2 1 0
github.com/BenedictKing/claude-proxy/internal/scheduler/scheduler_config.go:59.47,83.2 1 1
github.com/BenedictKing/claude-proxy/internal/metrics/cache_metrics.go:26.37,28.2 1 1
github.com/BenedictKing/claude-proxy/internal/metrics/cache_metrics.go:30.38,32.2 1 1
github.com/BenedictKing/claude-proxy/internal/metrics/cache_metrics.go:34.38,36.2 1 1
github.com/BenedictKing/claude-proxy/internal/metrics/cache_metrics.go:38.41,40.2 1 1
github.com/BenedictKing/claude-proxy/internal/metrics/cache_metrics.go:42.44,44.2 1 1
github.com/BenedictKing/claude-proxy/internal/metrics/cache_metrics.go:46.45,48.2 1 1
github.com/BenedictKing/claude-proxy/internal/metrics/cache_metrics.go:50.56,59.2 1 1
github.com/BenedictKing/claude-proxy/internal/metrics/channel_metrics.go:95.42,109.2 4 1
github.com/BenedictKing/claude-proxy/internal/metrics/channel_metrics.go:112.92,113.20 1 1
github.com/BenedictKing/claude-proxy/internal/metrics/channel_metrics.go:113.20,115.3 1 1
github.com/BenedictKing/claude-proxy/internal/metrics/channel_metrics.go:116.2,116.51 1 1
github.com/BenedictKing/claude-proxy/internal/metrics/channel_metrics.go:116.51,118.3 1 1
github.com/BenedictKing/claude-proxy/internal/metrics/channel_metrics.go:119.2,131.10 4 1
github.com/BenedictKing/claude-proxy/internal/metrics/channel_metrics.go:135.137,136.20 1 1
github.com/BenedictKing/claude-proxy/internal/metrics/channel_metrics.go:136.20,138.3 1 0
github.com/BenedictKing/claude-proxy/internal/metrics/channel_metrics.go:139.2,139.51 1 1
github.com/BenedictKing/claude-proxy/internal/metrics/channel_metrics.go:139.51,141.3 1 0
github.com/BenedictKing/claude-proxy/internal/metrics/channel_metrics.go:142.2,156.18 3 1
github.com/BenedictKing/claude-proxy/internal/metrics/channel_metrics.go:156.18,157.43 1 1
github.com/BenedictKing/claude-proxy/internal/metrics/channel_metrics.go:157.43,159.4 1 1
github.com/BenedictKing/claude-proxy/internal/metrics/channel_metrics.go:163.2,164.10 2 1
github.com/BenedictKing/claude-proxy/internal/metrics/channel_metrics.go:168.48,169.20 1 1
github.com/BenedictKing/claude-proxy/internal/metrics/channel_metrics.go:169.20,171.3 1 0
github.com/BenedictKing/claude-proxy/internal/metrics/channel_metrics.go:174.2,176.16 3 1
github.com/BenedictKing/claude-proxy/internal/metrics/channel_metrics.go:176.16,178.3 1 1
github.com/BenedictKing/claude-proxy/internal/metrics/channel_metrics.go:180.2,180.23 1 1
github.com/BenedictKing/claude-proxy/internal/metrics/channel_metrics.go:180.23,183.3 2 0
github.com/BenedictKing/claude-proxy/internal/metrics/channel_metrics.go:185.2,189.28 3 1
github.com/BenedictKing/claude-proxy/internal/metrics/channel_metrics.go:189.28,206.16 4 1
github.com/BenedictKing/claude-proxy/internal/metrics/channel_metrics.go:206.16,208.81 2 1
github.com/BenedictKing/claude-proxy/internal/metrics/channel_metrics.go:208.81,211.5 2 1
github.com/BenedictKing/claude-proxy/internal/metrics/channel_metrics.go:212.9,214.81 2 0
github.com/BenedictKing/claude-proxy/internal/metrics/channel_metrics.go:214.81,217.5 2 0
github.com/BenedictKing/claude-proxy/internal/metrics/channel_metrics.go:223.2,224.39 2 1
github.com/BenedictKing/claude-proxy/internal/metrics/channel_metrics.go:224.39,228.49 3 1
github.com/BenedictKing/claude-proxy/internal/metrics/channel_metrics.go:228.49,229.44 1 1
github.com/BenedictKing/claude-proxy/internal/metrics/channel_metrics.go:229.44,231.5 1 0
github.com/BenedictKing/claude-proxy/internal/metrics/channel_metrics.go:234.3,236.23 3 1
github.com/BenedictKing/claude-proxy/internal/metrics/channel_metrics.go:236.23,238.4 1 0
github.com/BenedictKing/claude-proxy/internal/metrics/channel_metrics.go:239.3,239.30 1 1
github.com/BenedictKing/claude-proxy/internal/metrics/channel_metrics.go:239.30,241.4 1 0
github.com/BenedictKing/claude-proxy/internal/metrics/channel_metrics.go:244.2,246.12 2 1
github.com/BenedictKing/claude-proxy/internal/metrics/channel_metrics.go:249.62,257.2 2 1
github.com/BenedictKing/claude-proxy/internal/metrics/channel_metrics.go:260.96,261.57 1 1
github.com/BenedictKing/claude-proxy/internal/metrics/channel_metrics.go:261.57,263.3 1 0
github.com/BenedictKing/claude-proxy/internal/metrics/channel_metrics.go:264.2,272.16 3 1
github.com/BenedictKing/claude-proxy/internal/metrics/channel_metrics.go:276.56,280.2 3 1
github.com/BenedictKing/claude-proxy/internal/metrics/channel_metrics.go:283.77,285.57 2 1
github.com/BenedictKing/claude-proxy/internal/metrics/channel_metrics.go:285.57,287.3 1 1
github.com/BenedictKing/claude-proxy/internal/metrics/channel_metrics.go:288.2,296.16 3 1
github.com/BenedictKing/claude-proxy/internal/metrics/channel_metrics.go:300.64,302.2 1 1
github.com/BenedictKing/claude-proxy/internal/metrics/channel_metrics.go:305.124,317.35 9 1
github.com/BenedictKing/claude-proxy/internal/metrics/channel_metrics.go:317.35,319.3 1 0
github.com/BenedictKing/claude-proxy/internal/metrics/channel_metrics.go:320.2,324.69 4 1
github.com/BenedictKing/claude-proxy/internal/metrics/channel_metrics.go:324.69,328.3 2 1
github.com/BenedictKing/claude-proxy/internal/metrics/channel_metrics.go:330.2,330.26 1 1
github.com/BenedictKing/claude-proxy/internal/metrics/channel_metrics.go:331.21,332.32 1 1
github.com/BenedictKing/claude-proxy/internal/metrics/channel_metrics.go:333.10,334.62 1 1
github.com/BenedictKing/claude-proxy/internal/metrics/channel_metrics.go:338.2,341.83 2 1
github.com/BenedictKing/claude-proxy/internal/metrics/channel_metrics.go:341.83,344.52 3 1
github.com/BenedictKing/claude-proxy/internal/metrics/channel_metrics.go:344.52,347.4 2 0
github.com/BenedictKing/claude-proxy/internal/metrics/channel_metrics.go:351.2,352.18 2 1
github.com/BenedictKing/claude-proxy/internal/metrics/channel_metrics.go:352.18,357.31 4 1
github.com/BenedictKing/claude-proxy/internal/metrics/channel_metrics.go:357.31,359.4 1 1
github.com/BenedictKing/claude-proxy/internal/metrics/channel_metrics.go:360.3,360.54 1 1
github.com/BenedictKing/claude-proxy/internal/metrics/channel_metrics.go:364.2,367.20 2 1
github.com/BenedictKing/claude-proxy/internal/metrics/channel_metrics.go:367.20,382.3 1 0
github.com/BenedictKing/claude-proxy/internal/metrics/channel_metrics.go:386.64,401.35 10 1
github.com/BenedictKing/claude-proxy/internal/metrics/channel_metrics.go:401.35,403.3 1 0
github.com/BenedictKing/claude-proxy/internal/metrics/channel_metrics.go:405.2,409.51 4 1
github.com/BenedictKing/claude-proxy/internal/metrics/channel_metrics.go:409.51,411.31 2 1
github.com/BenedictKing/claude-proxy/internal/metrics/channel_metrics.go:411.31,413.4 1 1
github.com/BenedictKing/claude-proxy/internal/metrics/channel_metrics.go:414.8,414.60 1 1
github.com/BenedictKing/claude-proxy/internal/metrics/channel_metrics.go:414.60,416.3 1 1
github.com/BenedictKing/claude-proxy/internal/metrics/channel_metrics.go:416.8,418.3 1 0
github.com/BenedictKing/claude-proxy/internal/metrics/channel_metrics.go:421.2,424.20 2 1
github.com/BenedictKing/claude-proxy/internal/metrics/channel_metrics.go:424.20,437.3 1 0
github.com/BenedictKing/claude-proxy/internal/metrics/channel_metrics.go:441.87,442.37 1 1
github.com/BenedictKing/claude-proxy/internal/metrics/channel_metrics.go:442.37,444.3 1 0
github.com/BenedictKing/claude-proxy/internal/metrics/channel_metrics.go:445.2,446.48 2 1
github.com/BenedictKing/claude-proxy/internal/metrics/channel_metrics.go:446.48,447.15 1 1
github.com/BenedictKing/claude-proxy/internal/metrics/channel_metrics.go:447.15,449.4 1 1
github.com/BenedictKing/claude-proxy/internal/metrics/channel_metrics.go:451.2,451.64 1 1
github.com/BenedictKing/claude-proxy/internal/metrics/channel_metrics.go:455.79,458.47 2 1
github.com/BenedictKing/claude-proxy/internal/metrics/channel_metrics.go:458.47,460.3 1 1
github.com/BenedictKing/claude-proxy/internal/metrics/channel_metrics.go:464.101,466.2 1 1
github.com/BenedictKing/claude-proxy/internal/metrics/channel_metrics.go:469.212,484.48 4 1
github.com/BenedictKing/claude-proxy/internal/metrics/channel_metrics.go:484.48,485.37 1 1
github.com/BenedictKing/claude-proxy/internal/metrics/channel_metrics.go:485.37,487.9 2 1
github.com/BenedictKing/claude-proxy/internal/metrics/channel_metrics.go:490.2,490.18 1 1
github.com/BenedictKing/claude-proxy/internal/metrics/channel_metrics.go:490.18,492.3 1 0
github.com/BenedictKing/claude-proxy/internal/metrics/channel_metrics.go:492.8,492.62 1 1
github.com/BenedictKing/claude-proxy/internal/metrics/channel_metrics.go:492.62,495.3 1 0
github.com/BenedictKing/claude-proxy/internal/metrics/channel_metrics.go:499.68,505.48 5 1
github.com/BenedictKing/claude-proxy/internal/metrics/channel_metrics.go:505.48,507.3 1 1
github.com/BenedictKing/claude-proxy/internal/metrics/channel_metrics.go:509.2,509.72 1 1
github.com/BenedictKing/claude-proxy/internal/metrics/channel_metrics.go:514.93,515.26 1 1
github.com/BenedictKing/claude-proxy/internal/metrics/channel_metrics.go:515.26,517.3 1 1
github.com/BenedictKing/claude-proxy/internal/metrics/channel_metrics.go:519.2,524.36 4 1
github.com/BenedictKing/claude-proxy/internal/metrics/channel_metrics.go:524.36,526.58 2 1
github.com/BenedictKing/claude-proxy/internal/metrics/channel_metrics.go:526.58,528.4 1 1
github.com/BenedictKing/claude-proxy/internal/metrics/channel_metrics.go:532.2,532.28 1 1
github.com/BenedictKing/claude-proxy/internal/metrics/channel_metrics.go:532.28,534.3 1 1
github.com/BenedictKing/claude-proxy/internal/metrics/channel_metrics.go:537.2,538.21 2 1
github.com/BenedictKing/claude-proxy/internal/metrics/channel_metrics.go:538.21,540.3 1 0
github.com/BenedictKing/claude-proxy/internal/metrics/channel_metrics.go:541.2,541.37 1 1
github.com/BenedictKing/claude-proxy/internal/metrics/channel_metrics.go:541.37,543.3 1 1
github.com/BenedictKing/claude-proxy/internal/metrics/channel_metrics.go:546.2,547.39 2 1
github.com/BenedictKing/claude-proxy/internal/metrics/channel_metrics.go:547.39,548.15 1 1
github.com/BenedictKing/claude-proxy/internal/metrics/channel_metrics.go:548.15,550.4 1 1
github.com/BenedictKing/claude-proxy/internal/metrics/channel_metrics.go:552.2,554.41 2 1
github.com/BenedictKing/claude-proxy/internal/metrics/channel_metrics.go:558.82,564.48 5 1
github.com/BenedictKing/claude-proxy/internal/metrics/channel_metrics.go:564.48,566.3 1 0
github.com/BenedictKing/claude-proxy/internal/metrics/channel_metrics.go:568.2,568.51 1 1
github.com/BenedictKing/claude-proxy/internal/metrics/channel_metrics.go:572.99,573.26 1 1
github.com/BenedictKing/claude-proxy/internal/metrics/channel_metrics.go:573.26,575.3 1 0
github.com/BenedictKing/claude-proxy/internal/metrics/channel_metrics.go:577.2,581.36 4 1
github.com/BenedictKing/claude-proxy/internal/metrics/channel_metrics.go:581.36,583.58 2 1
github.com/BenedictKing/claude-proxy/internal/metrics/channel_metrics.go:583.58,585.4 1 1
github.com/BenedictKing/claude-proxy/internal/metrics/channel_metrics.go:588.2,588.28 1 1
github.com/BenedictKing/claude-proxy/internal/metrics/channel_metrics.go:588.28,590.3 1 0
github.com/BenedictKing/claude-proxy/internal/metrics/channel_metrics.go:592.2,593.39 2 1
github.com/BenedictKing/claude-proxy/internal/metrics/channel_metrics.go:593.39,594.15 1 1
github.com/BenedictKing/claude-proxy/internal/metrics/channel_metrics.go:594.15,596.4 1 1
github.com/BenedictKing/claude-proxy/internal/metrics/channel_metrics.go:599.2,599.55 1 1
github.com/BenedictKing/claude-proxy/internal/metrics/channel_metrics.go:603.76,608.57 4 1
github.com/BenedictKing/claude-proxy/internal/metrics/channel_metrics.go:608.57,622.3 1 1
github.com/BenedictKing/claude-proxy/internal/metrics/channel_metrics.go:623.2,623.12 1 0
github.com/BenedictKing/claude-proxy/internal/metrics/channel_metrics.go:627.125,638.36 6 1
github.com/BenedictKing/claude-proxy/internal/metrics/channel_metrics.go:638.36,640.58 2 1
github.com/BenedictKing/claude-proxy/internal/metrics/channel_metrics.go:640.58,644.60 4 1
github.com/BenedictKing/claude-proxy/internal/metrics/channel_metrics.go:644.60,646.5 1 1
github.com/BenedictKing/claude-proxy/internal/metrics/channel_metrics.go:647.4,651.109 3 1
github.com/BenedictKing/claude-proxy/internal/metrics/channel_metrics.go:651.109,653.5 1 1
github.com/BenedictKing/claude-proxy/internal/metrics/channel_metrics.go:654.4,654.109 1 1
github.com/BenedictKing/claude-proxy/internal/metrics/channel_metrics.go:654.109,656.5 1 1
github.com/BenedictKing/claude-proxy/internal/metrics/channel_metrics.go:657.4,657.125 1 1
github.com/BenedictKing/claude-proxy/internal/metrics/channel_metrics.go:657.125,659.5 1 0
github.com/BenedictKing/claude-proxy/internal/metrics/channel_metrics.go:663.2,668.19 5 1
github.com/BenedictKing/claude-proxy/internal/metrics/channel_metrics.go:681.98,687.33 4 1
github.com/BenedictKing/claude-proxy/internal/metrics/channel_metrics.go:687.33,695.13 6 1
github.com/BenedictKing/claude-proxy/internal/metrics/channel_metrics.go:695.13,699.25 4 1
github.com/BenedictKing/claude-proxy/internal/metrics/channel_metrics.go:699.25,701.5 1 0
github.com/BenedictKing/claude-proxy/internal/metrics/channel_metrics.go:702.9,706.4 2 1
github.com/BenedictKing/claude-proxy/internal/metrics/channel_metrics.go:708.3,713.5 1 1
github.com/BenedictKing/claude-proxy/internal/metrics/channel_metrics.go:717.2,717.40 1 1
github.com/BenedictKing/claude-proxy/internal/metrics/channel_metrics.go:717.40,718.63 1 1
github.com/BenedictKing/claude-proxy/internal/metrics/channel_metrics.go:718.63,720.4 1 0
github.com/BenedictKing/claude-proxy/internal/metrics/channel_metrics.go:721.3,721.33 1 1
github.com/BenedictKing/claude-proxy/internal/metrics/channel_metrics.go:721.33,723.4 1 1
github.com/BenedictKing/claude-proxy/internal/metrics/channel_metrics.go:724.3,724.33 1 1
github.com/BenedictKing/claude-proxy/internal/metrics/channel_metrics.go:724.33,726.4 1 0
github.com/BenedictKing/claude-proxy/internal/metrics/channel_metrics.go:727.3,727.57 1 1
github.com/BenedictKing/claude-proxy/internal/metrics/channel_metrics.go:730.2,730.14 1 1
github.com/BenedictKing/claude-proxy/internal/metrics/channel_metrics.go:734.109,735.24 1 0
github.com/BenedictKing/claude-proxy/internal/metrics/channel_metrics.go:735.24,737.3 1 0
github.com/BenedictKing/claude-proxy/internal/metrics/channel_metrics.go:739.2,744.33 4 0
github.com/BenedictKing/claude-proxy/internal/metrics/channel_metrics.go:744.33,751.36 5 0
github.com/BenedictKing/claude-proxy/internal/metrics/channel_metrics.go:751.36,753.59 2 0
github.com/BenedictKing/claude-proxy/internal/metrics/channel_metrics.go:753.59,755.22 2 0
github.com/BenedictKing/claude-proxy/internal/metrics/channel_metrics.go:755.22,757.6 1 0
github.com/BenedictKing/claude-proxy/internal/metrics/channel_metrics.go:758.5,762.37 3 0
github.com/BenedictKing/claude-proxy/internal/metrics/channel_metrics.go:762.37,764.6 1 0
github.com/BenedictKing/claude-proxy/internal/metrics/channel_metrics.go:765.5,765.22 1 0
github.com/BenedictKing/claude-proxy/internal/metrics/channel_metrics.go:765.22,767.6 1 0
github.com/BenedictKing/claude-proxy/internal/metrics/channel_metrics.go:768.5,768.74 1 0
github.com/BenedictKing/claude-proxy/internal/metrics/channel_metrics.go:768.74,770.6 1 0
github.com/BenedictKing/claude-proxy/internal/metrics/channel_metrics.go:774.3,774.18 1 0
github.com/BenedictKing/claude-proxy/internal/metrics/channel_metrics.go:774.18,778.4 2 0
github.com/BenedictKing/claude-proxy/internal/metrics/channel_metrics.go:780.3,785.5 1 0
github.com/BenedictKing/claude-proxy/internal/metrics/channel_metrics.go:789.2,789.40 1 0
github.com/BenedictKing/claude-proxy/internal/metrics/channel_metrics.go:789.40,790.63 1 0
github.com/BenedictKing/claude-proxy/internal/metrics/channel_metrics.go:790.63,792.4 1 0
github.com/BenedictKing/claude-proxy/internal/metrics/channel_metrics.go:793.3,793.33 1 0
github.com/BenedictKing/claude-proxy/internal/metrics/channel_metrics.go:793.33,795.4 1 0
github.com/BenedictKing/claude-proxy/internal/metrics/channel_metrics.go:796.3,796.33 1 0
github.com/BenedictKing/claude-proxy/internal/metrics/channel_metrics.go:796.33,798.4 1 0
github.com/BenedictKing/claude-proxy/internal/metrics/channel_metrics.go:799.3,799.57 1 0
github.com/BenedictKing/claude-proxy/internal/metrics/channel_metrics.go:802.2,802.14 1 0
github.com/BenedictKing/claude-proxy/internal/metrics/channel_metrics.go:807.73,808.30 1 1
github.com/BenedictKing/claude-proxy/internal/metrics/channel_metrics.go:808.30,810.3 1 1
github.com/BenedictKing/claude-proxy/internal/metrics/channel_metrics.go:813.2,816.29 3 1
github.com/BenedictKing/claude-proxy/internal/metrics/channel_metrics.go:816.29,817.12 1 1
github.com/BenedictKing/claude-proxy/internal/metrics/channel_metrics.go:817.12,819.4 1 1
github.com/BenedictKing/claude-proxy/internal/metrics/channel_metrics.go:819.9,821.4 1 1
github.com/BenedictKing/claude-proxy/internal/metrics/channel_metrics.go:825.2,825.44 1 1
github.com/BenedictKing/claude-proxy/internal/metrics/channel_metrics.go:825.44,827.3 1 1
github.com/BenedictKing/claude-proxy/internal/metrics/channel_metrics.go:830.2,834.41 4 1
github.com/BenedictKing/claude-proxy/internal/metrics/channel_metrics.go:834.41,835.33 1 1
github.com/BenedictKing/claude-proxy/internal/metrics/channel_metrics.go:835.33,837.4 1 1
github.com/BenedictKing/claude-proxy/internal/metrics/channel_metrics.go:838.3,838.40 1 1
github.com/BenedictKing/claude-proxy/internal/metrics/channel_metrics.go:841.2,841.15 1 1
github.com/BenedictKing/claude-proxy/internal/metrics/channel_metrics.go:845.59,850.39 4 1
github.com/BenedictKing/claude-proxy/internal/metrics/channel_metrics.go:850.39,863.3 1 1
github.com/BenedictKing/claude-proxy/internal/metrics/channel_metrics.go:864.2,864.15 1 1
github.com/BenedictKing/claude-proxy/internal/metrics/channel_metrics.go:868.115,874.13 5 1
github.com/BenedictKing/claude-proxy/internal/metrics/channel_metrics.go:874.13,876.3 1 0
github.com/BenedictKing/claude-proxy/internal/metrics/channel_metrics.go:878.2,881.48 3 1
github.com/BenedictKing/claude-proxy/internal/metrics/channel_metrics.go:881.48,882.37 1 1
github.com/BenedictKing/claude-proxy/internal/metrics/channel_metrics.go:882.37,884.22 2 1
github.com/BenedictKing/claude-proxy/internal/metrics/channel_metrics.go:884.22,886.5 1 1
github.com/BenedictKing/claude-proxy/internal/metrics/channel_metrics.go:886.10,888.5 1 1
github.com/BenedictKing/claude-proxy/internal/metrics/channel_metrics.go:892.2,893.22 2 1
github.com/BenedictKing/claude-proxy/internal/metrics/channel_metrics.go:893.22,895.3 1 1
github.com/BenedictKing/claude-proxy/internal/metrics/channel_metrics.go:897.2,902.3 1 1
github.com/BenedictKing/claude-proxy/internal/metrics/channel_metrics.go:906.105,913.2 1 1
github.com/BenedictKing/claude-proxy/internal/metrics/channel_metrics.go:916.59,921.57 4 1
github.com/BenedictKing/claude-proxy/internal/metrics/channel_metrics.go:921.57,934.3 11 1
github.com/BenedictKing/claude-proxy/internal/metrics/channel_metrics.go:938.37,943.2 3 1
github.com/BenedictKing/claude-proxy/internal/metrics/channel_metrics.go:946.33,948.2 1 1
github.com/BenedictKing/claude-proxy/internal/metrics/channel_metrics.go:951.51,959.6 5 1
github.com/BenedictKing/claude-proxy/internal/metrics/channel_metrics.go:959.6,960.10 1 1
github.com/BenedictKing/claude-proxy/internal/metrics/channel_metrics.go:961.19,962.37 1 0
github.com/BenedictKing/claude-proxy/internal/metrics/channel_metrics.go:963.26,964.24 1 0
github.com/BenedictKing/claude-proxy/internal/metrics/channel_metrics.go:965.19,966.10 1 1
github.com/BenedictKing/claude-proxy/internal/metrics/channel_metrics.go:972.58,977.39 4 1
github.com/BenedictKing/claude-proxy/internal/metrics/channel_metrics.go:977.39,979.70 1 1
github.com/BenedictKing/claude-proxy/internal/metrics/channel_metrics.go:979.70,983.4 3 0
github.com/BenedictKing/claude-proxy/internal/metrics/channel_metrics.go:984.3,984.36 1 1
github.com/BenedictKing/claude-proxy/internal/metrics/channel_metrics.go:984.36,985.12 1 0
github.com/BenedictKing/claude-proxy/internal/metrics/channel_metrics.go:988.3,989.54 2 1
github.com/BenedictKing/claude-proxy/internal/metrics/channel_metrics.go:989.54,991.4 1 1
github.com/BenedictKing/claude-proxy/internal/metrics/channel_metrics.go:991.9,993.4 1 0
github.com/BenedictKing/claude-proxy/internal/metrics/channel_metrics.go:998.45,1006.41 6 1
github.com/BenedictKing/claude-proxy/internal/metrics/channel_metrics.go:1006.41,1009.35 2 1
github.com/BenedictKing/claude-proxy/internal/metrics/channel_metrics.go:1009.35,1011.4 1 1
github.com/BenedictKing/claude-proxy/internal/metrics/channel_metrics.go:1012.3,1012.80 1 1
github.com/BenedictKing/claude-proxy/internal/metrics/channel_metrics.go:1012.80,1014.4 1 1
github.com/BenedictKing/claude-proxy/internal/metrics/channel_metrics.go:1017.3,1017.70 1 1
github.com/BenedictKing/claude-proxy/internal/metrics/channel_metrics.go:1017.70,1020.4 2 0
github.com/BenedictKing/claude-proxy/internal/metrics/channel_metrics.go:1023.2,1023.22 1 1
github.com/BenedictKing/claude-proxy/internal/metrics/channel_metrics.go:1023.22,1025.3 1 0
github.com/BenedictKing/claude-proxy/internal/metrics/channel_metrics.go:1029.65,1031.2 1 1
github.com/BenedictKing/claude-proxy/internal/metrics/channel_metrics.go:1034.56,1036.2 1 1
github.com/BenedictKing/claude-proxy/internal/metrics/channel_metrics.go:1039.46,1041.2 1 1
github.com/BenedictKing/claude-proxy/internal/metrics/channel_metrics.go:1075.135,1077.24 1 0
github.com/BenedictKing/claude-proxy/internal/metrics/channel_metrics.go:1077.24,1084.3 1 0
github.com/BenedictKing/claude-proxy/internal/metrics/channel_metrics.go:1086.2,1094.26 4 0
github.com/BenedictKing/claude-proxy/internal/metrics/channel_metrics.go:1094.26,1098.3 3 0
github.com/BenedictKing/claude-proxy/internal/metrics/channel_metrics.go:1101.2,1116.35 6 0
github.com/BenedictKing/claude-proxy/internal/metrics/channel_metrics.go:1116.35,1117.37 1 0
github.com/BenedictKing/claude-proxy/internal/metrics/channel_metrics.go:1117.37,1119.59 2 0
github.com/BenedictKing/claude-proxy/internal/metrics/channel_metrics.go:1119.59,1123.61 4 0
github.com/BenedictKing/claude-proxy/internal/metrics/channel_metrics.go:1123.61,1125.6 1 0
github.com/BenedictKing/claude-proxy/internal/metrics/channel_metrics.go:1126.5,1129.110 2 0
github.com/BenedictKing/claude-proxy/internal/metrics/channel_metrics.go:1129.110,1131.6 1 0
github.com/BenedictKing/claude-proxy/internal/metrics/channel_metrics.go:1132.5,1132.110 1 0
github.com/BenedictKing/claude-proxy/internal/metrics/channel_metrics.go:1132.110,1134.6 1 0
github.com/BenedictKing/claude-proxy/internal/metrics/channel_metrics.go:1135.5,1135.126 1 0
github.com/BenedictKing/claude-proxy/internal/metrics/channel_metrics.go:1135.126,1137.6 1 0
github.com/BenedictKing/claude-proxy/internal/metrics/channel_metrics.go:1140.5,1140.41 1 0
github.com/BenedictKing/claude-proxy/internal/metrics/channel_metrics.go:1140.41,1144.63 4 0
github.com/BenedictKing/claude-proxy/internal/metrics/channel_metrics.go:1144.63,1146.7 1 0
github.com/BenedictKing/claude-proxy/internal/metrics/channel_metrics.go:1147.6,1147.40 1 0
github.com/BenedictKing/claude-proxy/internal/metrics/channel_metrics.go:1147.40,1149.7 1 0
github.com/BenedictKing/claude-proxy/internal/metrics/channel_metrics.go:1150.11,1159.6 1 0
github.com/BenedictKing/claude-proxy/internal/metrics/channel_metrics.go:1165.2,1166.36 2 0
github.com/BenedictKing/claude-proxy/internal/metrics/channel_metrics.go:1166.36,1167.39 1 0
github.com/BenedictKing/claude-proxy/internal/metrics/channel_metrics.go:1167.39,1169.28 2 0
github.com/BenedictKing/claude-proxy/internal/metrics/channel_metrics.go:1169.28,1171.5 1 0
github.com/BenedictKing/claude-proxy/internal/metrics/channel_metrics.go:1172.4,1180.6 1 0
github.com/BenedictKing/claude-proxy/internal/metrics/channel_metrics.go:1185.2,1187.27 2 0
github.com/BenedictKing/claude-proxy/internal/metrics/channel_metrics.go:1187.27,1189.40 2 0
github.com/BenedictKing/claude-proxy/internal/metrics/channel_metrics.go:1189.40,1190.16 1 0
github.com/BenedictKing/claude-proxy/internal/metrics/channel_metrics.go:1190.16,1192.5 1 0
github.com/BenedictKing/claude-proxy/internal/metrics/channel_metrics.go:1194.3,1196.37 3 0
github.com/BenedictKing/claude-proxy/internal/metrics/channel_metrics.go:1197.8,1200.3 2 0
github.com/BenedictKing/claude-proxy/internal/metrics/channel_metrics.go:1202.2,1202.26 1 0
github.com/BenedictKing/claude-proxy/internal/metrics/channel_metrics.go:1202.26,1205.3 2 0
github.com/BenedictKing/claude-proxy/internal/metrics/channel_metrics.go:1206.2,1206.26 1 0
github.com/BenedictKing/claude-proxy/internal/metrics/channel_metrics.go:1206.26,1209.3 2 0
github.com/BenedictKing/claude-proxy/internal/metrics/channel_metrics.go:1210.2,1210.32 1 0
github.com/BenedictKing/claude-proxy/internal/metrics/channel_metrics.go:1210.32,1213.3 2 0
github.com/BenedictKing/claude-proxy/internal/metrics/channel_metrics.go:1215.2,1220.13 3 0
github.com/BenedictKing/claude-proxy/internal/metrics/channel_metrics.go:1224.124,1233.26 4 1
github.com/BenedictKing/claude-proxy/internal/metrics/channel_metrics.go:1233.26,1237.3 3 0
github.com/BenedictKing/claude-proxy/internal/metrics/channel_metrics.go:1239.2,1244.36 5 1
github.com/BenedictKing/claude-proxy/internal/metrics/channel_metrics.go:1244.36,1246.58 2 1
github.com/BenedictKing/claude-proxy/internal/metrics/channel_metrics.go:1246.58,1250.60 4 1
github.com/BenedictKing/claude-proxy/internal/metrics/channel_metrics.go:1250.60,1252.5 1 1
github.com/BenedictKing/claude-proxy/internal/metrics/channel_metrics.go:1253.4,1256.109 2 1
github.com/BenedictKing/claude-proxy/internal/metrics/channel_metrics.go:1256.109,1258.5 1 1
github.com/BenedictKing/claude-proxy/internal/metrics/channel_metrics.go:1259.4,1259.109 1 1
github.com/BenedictKing/claude-proxy/internal/metrics/channel_metrics.go:1259.109,1261.5 1 1
github.com/BenedictKing/claude-proxy/internal/metrics/channel_metrics.go:1262.4,1262.125 1 1
github.com/BenedictKing/claude-proxy/internal/metrics/channel_metrics.go:1262.125,1264.5 1 0
github.com/BenedictKing/claude-proxy/internal/metrics/channel_metrics.go:1267.4,1268.32 2 1
github.com/BenedictKing/claude-proxy/internal/metrics/channel_metrics.go:1268.32,1270.5 1 1
github.com/BenedictKing/claude-proxy/internal/metrics/channel_metrics.go:1271.4,1279.6 1 1
github.com/BenedictKing/claude-proxy/internal/metrics/channel_metrics.go:1284.2,1286.27 2 1
github.com/BenedictKing/claude-proxy/internal/metrics/channel_metrics.go:1286.27,1288.40 2 1
github.com/BenedictKing/claude-proxy/internal/metrics/channel_metrics.go:1288.40,1289.16 1 1
github.com/BenedictKing/claude-proxy/internal/metrics/channel_metrics.go:1289.16,1291.5 1 1
github.com/BenedictKing/claude-proxy/internal/metrics/channel_metrics.go:1293.3,1295.37 3 1
github.com/BenedictKing/claude-proxy/internal/metrics/channel_metrics.go:1296.8,1299.3 2 0
github.com/BenedictKing/claude-proxy/internal/metrics/channel_metrics.go:1301.2,1301.26 1 1
github.com/BenedictKing/claude-proxy/internal/metrics/channel_metrics.go:1301.26,1304.3 2 1
github.com/BenedictKing/claude-proxy/internal/metrics/channel_metrics.go:1305.2,1305.26 1 1
github.com/BenedictKing/claude-proxy/internal/metrics/channel_metrics.go:1305.26,1308.3 2 1
github.com/BenedictKing/claude-proxy/internal/metrics/channel_metrics.go:1309.2,1309.32 1 1
github.com/BenedictKing/claude-proxy/internal/metrics/channel_metrics.go:1309.32,1312.3 2 0
github.com/BenedictKing/claude-proxy/internal/metrics/channel_metrics.go:1314.2,1319.13 3 1
github.com/BenedictKing/claude-proxy/internal/metrics/channel_metrics.go:1323.129,1334.39 4 1
github.com/BenedictKing/claude-proxy/internal/metrics/channel_metrics.go:1334.39,1339.37 4 1
github.com/BenedictKing/claude-proxy/internal/metrics/channel_metrics.go:1339.37,1341.59 2 1
github.com/BenedictKing/claude-proxy/internal/metrics/channel_metrics.go:1341.59,1342.51 1 1
github.com/BenedictKing/claude-proxy/internal/metrics/channel_metrics.go:1342.51,1343.40 1 1
github.com/BenedictKing/claude-proxy/internal/metrics/channel_metrics.go:1343.40,1345.25 2 1
github.com/BenedictKing/claude-proxy/internal/metrics/channel_metrics.go:1345.25,1347.8 1 1
github.com/BenedictKing/claude-proxy/internal/metrics/channel_metrics.go:1347.13,1349.8 1 1
github.com/BenedictKing/claude-proxy/internal/metrics/channel_metrics.go:1350.7,1353.53 4 1
github.com/BenedictKing/claude-proxy/internal/metrics/channel_metrics.go:1359.3,1360.23 2 1
github.com/BenedictKing/claude-proxy/internal/metrics/channel_metrics.go:1360.23,1362.4 1 1
github.com/BenedictKing/claude-proxy/internal/metrics/channel_metrics.go:1364.3,1366.16 3 1
github.com/BenedictKing/claude-proxy/internal/metrics/channel_metrics.go:1366.16,1368.4 1 1
github.com/BenedictKing/claude-proxy/internal/metrics/channel_metrics.go:1370.3,1380.4 1 1
github.com/BenedictKing/claude-proxy/internal/metrics/channel_metrics.go:1383.2,1383.15 1 1
github.com/BenedictKing/claude-proxy/internal/metrics/channel_metrics.go:1387.132,1398.39 4 0
github.com/BenedictKing/claude-proxy/internal/metrics/channel_metrics.go:1398.39,1404.36 4 0
github.com/BenedictKing/claude-proxy/internal/metrics/channel_metrics.go:1404.36,1405.38 1 0
github.com/BenedictKing/claude-proxy/internal/metrics/channel_metrics.go:1405.38,1407.60 2 0
github.com/BenedictKing/claude-proxy/internal/metrics/channel_metrics.go:1407.60,1408.52 1 0
github.com/BenedictKing/claude-proxy/internal/metrics/channel_metrics.go:1408.52,1409.41 1 0
github.com/BenedictKing/claude-proxy/internal/metrics/channel_metrics.go:1409.41,1411.26 2 0
github.com/BenedictKing/claude-proxy/internal/metrics/channel_metrics.go:1411.26,1413.9 1 0
github.com/BenedictKing/claude-proxy/internal/metrics/channel_metrics.go:1413.14,1415.9 1 0
github.com/BenedictKing/claude-proxy/internal/metrics/channel_metrics.go:1416.8,1419.54 4 0
github.com/BenedictKing/claude-proxy/internal/metrics/channel_metrics.go:1426.3,1427.23 2 0
github.com/BenedictKing/claude-proxy/internal/metrics/channel_metrics.go:1427.23,1429.4 1 0
github.com/BenedictKing/claude-proxy/internal/metrics/channel_metrics.go:1431.3,1433.16 3 0
github.com/BenedictKing/claude-proxy/internal/metrics/channel_metrics.go:1433.16,1435.4 1 0
github.com/BenedictKing/claude-proxy/internal/metrics/channel_metrics.go:1437.3,1447.4 1 0
github.com/BenedictKing/claude-proxy/internal/metrics/channel_metrics.go:1450.2,1450.15 1 0
github.com/BenedictKing/claude-proxy/internal/metrics/channel_metrics.go:1458.66,1461.2 2 1
github.com/BenedictKing/claude-proxy/internal/metrics/channel_metrics.go:1464.73,1466.2 1 1
github.com/BenedictKing/claude-proxy/internal/metrics/channel_metrics.go:1469.73,1471.2 1 1
github.com/BenedictKing/claude-proxy/internal/metrics/channel_metrics.go:1474.50,1476.2 1 1
github.com/BenedictKing/claude-proxy/internal/metrics/channel_metrics.go:1479.71,1481.2 1 1
github.com/BenedictKing/claude-proxy/internal/metrics/channel_metrics.go:1484.60,1486.2 1 1
github.com/BenedictKing/claude-proxy/internal/metrics/channel_metrics.go:1489.103,1491.2 1 1
github.com/BenedictKing/claude-proxy/internal/metrics/channel_metrics.go:1494.93,1501.2 1 1
github.com/BenedictKing/claude-proxy/internal/metrics/channel_metrics.go:1504.63,1506.2 1 1
github.com/BenedictKing/claude-proxy/internal/metrics/channel_metrics.go:1509.72,1515.13 5 1
github.com/BenedictKing/claude-proxy/internal/metrics/channel_metrics.go:1515.13,1517.3 1 0
github.com/BenedictKing/claude-proxy/internal/metrics/channel_metrics.go:1519.2,1519.35 1 1
github.com/BenedictKing/claude-proxy/internal/metrics/channel_metrics.go:1519.35,1521.3 1 0
github.com/BenedictKing/claude-proxy/internal/metrics/channel_metrics.go:1523.2,1526.53 3 1
github.com/BenedictKing/claude-proxy/internal/metrics/channel_metrics.go:1526.53,1528.3 1 0
github.com/BenedictKing/claude-proxy/internal/metrics/channel_metrics.go:1528.8,1530.3 1 1
github.com/BenedictKing/claude-proxy/internal/metrics/channel_metrics.go:1532.2,1532.17 1 1
github.com/BenedictKing/claude-proxy/internal/metrics/channel_metrics.go:1563.135,1565.36 1 1
github.com/BenedictKing/claude-proxy/internal/metrics/channel_metrics.go:1565.36,1567.3 1 1
github.com/BenedictKing/claude-proxy/internal/metrics/channel_metrics.go:1569.2,1580.20 7 1
github.com/BenedictKing/claude-proxy/internal/metrics/channel_metrics.go:1580.20,1582.3 1 0
github.com/BenedictKing/claude-proxy/internal/metrics/channel_metrics.go:1583.2,1587.33 3 1
github.com/BenedictKing/claude-proxy/internal/metrics/channel_metrics.go:1587.33,1589.3 1 1
github.com/BenedictKing/claude-proxy/internal/metrics/channel_metrics.go:1592.2,1592.36 1 1
github.com/BenedictKing/claude-proxy/internal/metrics/channel_metrics.go:1592.36,1594.58 2 1
github.com/BenedictKing/claude-proxy/internal/metrics/channel_metrics.go:1594.58,1595.50 1 1
github.com/BenedictKing/claude-proxy/internal/metrics/channel_metrics.go:1595.50,1597.80 1 1
github.com/BenedictKing/claude-proxy/internal/metrics/channel_metrics.go:1597.80,1600.50 2 1
github.com/BenedictKing/claude-proxy/internal/metrics/channel_metrics.go:1600.50,1603.25 3 1
github.com/BenedictKing/claude-proxy/internal/metrics/channel_metrics.go:1603.25,1605.8 1 1
github.com/BenedictKing/claude-proxy/internal/metrics/channel_metrics.go:1605.13,1607.8 1 1
github.com/BenedictKing/claude-proxy/internal/metrics/channel_metrics.go:1615.2,1616.33 2 1
github.com/BenedictKing/claude-proxy/internal/metrics/channel_metrics.go:1616.33,1620.25 3 1
github.com/BenedictKing/claude-proxy/internal/metrics/channel_metrics.go:1620.25,1622.4 1 1
github.com/BenedictKing/claude-proxy/internal/metrics/channel_metrics.go:1623.3,1629.4 1 1
github.com/BenedictKing/claude-proxy/internal/metrics/channel_metrics.go:1632.2,1632.15 1 1
github.com/BenedictKing/claude-proxy/internal/metrics/channel_metrics.go:1636.146,1638.58 1 0
github.com/BenedictKing/claude-proxy/internal/metrics/channel_metrics.go:1638.58,1640.3 1 0
github.com/BenedictKing/claude-proxy/internal/metrics/channel_metrics.go:1642.2,1653.20 7 0
github.com/BenedictKing/claude-proxy/internal/metrics/channel_metrics.go:1653.20,1655.3 1 0
github.com/BenedictKing/claude-proxy/internal/metrics/channel_metrics.go:1656.2,1660.33 3 0
github.com/BenedictKing/claude-proxy/internal/metrics/channel_metrics.go:1660.33,1662.3 1 0
github.com/BenedictKing/claude-proxy/internal/metrics/channel_metrics.go:1665.2,1665.35 1 0
github.com/BenedictKing/claude-proxy/internal/metrics/channel_metrics.go:1665.35,1666.37 1 0
github.com/BenedictKing/claude-proxy/internal/metrics/channel_metrics.go:1666.37,1668.59 2 0
github.com/BenedictKing/claude-proxy/internal/metrics/channel_metrics.go:1668.59,1669.51 1 0
github.com/BenedictKing/claude-proxy/internal/metrics/channel_metrics.go:1669.51,1671.81 1 0
github.com/BenedictKing/claude-proxy/internal/metrics/channel_metrics.go:1671.81,1674.51 2 0
github.com/BenedictKing/claude-proxy/internal/metrics/channel_metrics.go:1674.51,1677.26 3 0
github.com/BenedictKing/claude-proxy/internal/metrics/channel_metrics.go:1677.26,1679.9 1 0
github.com/BenedictKing/claude-proxy/internal/metrics/channel_metrics.go:1679.14,1681.9 1 0
github.com/BenedictKing/claude-proxy/internal/metrics/channel_metrics.go:1690.2,1691.33 2 0
github.com/BenedictKing/claude-proxy/internal/metrics/channel_metrics.go:1691.33,1695.25 3 0
github.com/BenedictKing/claude-proxy/internal/metrics/channel_metrics.go:1695.25,1697.4 1 0
github.com/BenedictKing/claude-proxy/internal/metrics/channel_metrics.go:1698.3,1704.4 1 0
github.com/BenedictKing/claude-proxy/internal/metrics/channel_metrics.go:1707.2,1707.15 1 0
github.com/BenedictKing/claude-proxy/internal/metrics/channel_metrics.go:1711.167,1712.58 1 0
github.com/BenedictKing/claude-proxy/internal/metrics/channel_metrics.go:1712.58,1714.3 1 0
github.com/BenedictKing/claude-proxy/internal/metrics/channel_metrics.go:1717.2,1717.30 1 0
github.com/BenedictKing/claude-proxy/internal/metrics/channel_metrics.go:1717.30,1719.3 1 0
github.com/BenedictKing/claude-proxy/internal/metrics/channel_metrics.go:1721.2,1722.25 2 0
github.com/BenedictKing/claude-proxy/internal/metrics/channel_metrics.go:1722.25,1724.3 1 0
github.com/BenedictKing/claude-proxy/internal/metrics/channel_metrics.go:1727.2,1727.32 1 0
github.com/BenedictKing/claude-proxy/internal/metrics/channel_metrics.go:1727.32,1729.3 1 0
github.com/BenedictKing/claude-proxy/internal/metrics/channel_metrics.go:1731.2,1731.100 1 0
github.com/BenedictKing/claude-proxy/internal/metrics/channel_metrics.go:1735.194,1741.20 5 0
github.com/BenedictKing/claude-proxy/internal/metrics/channel_metrics.go:1741.20,1743.3 1 0
github.com/BenedictKing/claude-proxy/internal/metrics/channel_metrics.go:1744.2,1748.35 3 0
github.com/BenedictKing/claude-proxy/internal/metrics/channel_metrics.go:1748.35,1749.37 1 0
github.com/BenedictKing/claude-proxy/internal/metrics/channel_metrics.go:1749.37,1751.4 1 0
github.com/BenedictKing/claude-proxy/internal/metrics/channel_metrics.go:1754.2,1755.16 2 0
github.com/BenedictKing/claude-proxy/internal/metrics/channel_metrics.go:1755.16,1757.3 1 0
github.com/BenedictKing/claude-proxy/internal/metrics/channel_metrics.go:1759.2,1760.33 2 0
github.com/BenedictKing/claude-proxy/internal/metrics/channel_metrics.go:1760.33,1763.27 3 0
github.com/BenedictKing/claude-proxy/internal/metrics/channel_metrics.go:1763.27,1765.4 1 0
github.com/BenedictKing/claude-proxy/internal/metrics/channel_metrics.go:1766.3,1772.4 1 0
github.com/BenedictKing/claude-proxy/internal/metrics/channel_metrics.go:1774.2,1774.19 1 0
github.com/BenedictKing/claude-proxy/internal/metrics/channel_metrics.go:1778.198,1789.35 8 0
github.com/BenedictKing/claude-proxy/internal/metrics/channel_metrics.go:1789.35,1790.37 1 0
github.com/BenedictKing/claude-proxy/internal/metrics/channel_metrics.go:1790.37,1792.4 1 0
github.com/BenedictKing/claude-proxy/internal/metrics/channel_metrics.go:1795.2,1797.43 3 0
github.com/BenedictKing/claude-proxy/internal/metrics/channel_metrics.go:1797.43,1801.17 4 0
github.com/BenedictKing/claude-proxy/internal/metrics/channel_metrics.go:1801.17,1803.4 1 0
github.com/BenedictKing/claude-proxy/internal/metrics/channel_metrics.go:1804.3,1804.19 1 0
github.com/BenedictKing/claude-proxy/internal/metrics/channel_metrics.go:1807.2,1808.32 2 0
github.com/BenedictKing/claude-proxy/internal/metrics/channel_metrics.go:1808.32,1810.31 2 0
github.com/BenedictKing/claude-proxy/internal/metrics/channel_metrics.go:1810.31,1812.4 1 0
github.com/BenedictKing/claude-proxy/internal/metrics/channel_metrics.go:1813.3,1814.17 2 0
github.com/BenedictKing/claude-proxy/internal/metrics/channel_metrics.go:1814.17,1816.4 1 0
github.com/BenedictKing/claude-proxy/internal/metrics/channel_metrics.go:1817.3,1817.21 1 0
github.com/BenedictKing/claude-proxy/internal/metrics/channel_metrics.go:1820.2,1821.16 2 0
github.com/BenedictKing/claude-proxy/internal/metrics/channel_metrics.go:1821.16,1823.3 1 0
github.com/BenedictKing/claude-proxy/internal/metrics/channel_metrics.go:1825.2,1826.99 2 0
github.com/BenedictKing/claude-proxy/internal/metrics/channel_metrics.go:1826.99,1831.10 4 0
github.com/BenedictKing/claude-proxy/internal/metrics/channel_metrics.go:1832.63,1834.29 2 0
github.com/BenedictKing/claude-proxy/internal/metrics/channel_metrics.go:1834.29,1835.69 1 0
github.com/BenedictKing/claude-proxy/internal/metrics/channel_metrics.go:1835.69,1837.23 2 0
github.com/BenedictKing/claude-proxy/internal/metrics/channel_metrics.go:1837.23,1839.7 1 0
github.com/BenedictKing/claude-proxy/internal/metrics/channel_metrics.go:1842.35,1843.22 1 0
github.com/BenedictKing/claude-proxy/internal/metrics/channel_metrics.go:1844.11,1845.29 1 0
github.com/BenedictKing/claude-proxy/internal/metrics/channel_metrics.go:1848.3,1849.27 2 0
github.com/BenedictKing/claude-proxy/internal/metrics/channel_metrics.go:1849.27,1851.4 1 0
github.com/BenedictKing/claude-proxy/internal/metrics/channel_metrics.go:1853.3,1859.5 1 0
github.com/BenedictKing/claude-proxy/internal/metrics/channel_metrics.go:1862.2,1862.24 1 0
github.com/BenedictKing/claude-proxy/internal/metrics/channel_metrics.go:1865.156,1866.36 1 1
github.com/BenedictKing/claude-proxy/internal/metrics/channel_metrics.go:1866.36,1868.3 1 0
github.com/BenedictKing/claude-proxy/internal/metrics/channel_metrics.go:1870.2,1870.30 1 1
github.com/BenedictKing/claude-proxy/internal/metrics/channel_metrics.go:1870.30,1872.3 1 1
github.com/BenedictKing/claude-proxy/internal/metrics/channel_metrics.go:1874.2,1875.25 2 1
github.com/BenedictKing/claude-proxy/internal/metrics/channel_metrics.go:1875.25,1877.3 1 0
github.com/BenedictKing/claude-proxy/internal/metrics/channel_metrics.go:1879.2,1879.32 1 1
github.com/BenedictKing/claude-proxy/internal/metrics/channel_metrics.go:1879.32,1881.3 1 1
github.com/BenedictKing/claude-proxy/internal/metrics/channel_metrics.go:1883.2,1883.91 1 1
github.com/BenedictKing/claude-proxy/internal/metrics/channel_metrics.go:1886.183,1892.20 5 1
github.com/BenedictKing/claude-proxy/internal/metrics/channel_metrics.go:1892.20,1894.3 1 0
github.com/BenedictKing/claude-proxy/internal/metrics/channel_metrics.go:1895.2,1898.36 3 1
github.com/BenedictKing/claude-proxy/internal/metrics/channel_metrics.go:1898.36,1900.3 1 1
github.com/BenedictKing/claude-proxy/internal/metrics/channel_metrics.go:1902.2,1903.16 2 1
github.com/BenedictKing/claude-proxy/internal/metrics/channel_metrics.go:1903.16,1905.3 1 1
github.com/BenedictKing/claude-proxy/internal/metrics/channel_metrics.go:1907.2,1908.33 2 1
github.com/BenedictKing/claude-proxy/internal/metrics/channel_metrics.go:1908.33,1911.27 3 1
github.com/BenedictKing/claude-proxy/internal/metrics/channel_metrics.go:1911.27,1913.4 1 1
github.com/BenedictKing/claude-proxy/internal/metrics/channel_metrics.go:1914.3,1920.4 1 1
github.com/BenedictKing/claude-proxy/internal/metrics/channel_metrics.go:1922.2,1922.19 1 1
github.com/BenedictKing/claude-proxy/internal/metrics/channel_metrics.go:1925.187,1935.36 8 1
github.com/BenedictKing/claude-proxy/internal/metrics/channel_metrics.go:1935.36,1937.3 1 1
github.com/BenedictKing/claude-proxy/internal/metrics/channel_metrics.go:1939.2,1941.43 3 1
github.com/BenedictKing/claude-proxy/internal/metrics/channel_metrics.go:1941.43,1945.17 4 1
github.com/BenedictKing/claude-proxy/internal/metrics/channel_metrics.go:1945.17,1947.4 1 0
github.com/BenedictKing/claude-proxy/internal/metrics/channel_metrics.go:1948.3,1948.19 1 1
github.com/BenedictKing/claude-proxy/internal/metrics/channel_metrics.go:1951.2,1952.32 2 1
github.com/BenedictKing/claude-proxy/internal/metrics/channel_metrics.go:1952.32,1954.31 2 1
github.com/BenedictKing/claude-proxy/internal/metrics/channel_metrics.go:1954.31,1956.4 1 0
github.com/BenedictKing/claude-proxy/internal/metrics/channel_metrics.go:1957.3,1958.17 2 1
github.com/BenedictKing/claude-proxy/internal/metrics/channel_metrics.go:1958.17,1960.4 1 0
github.com/BenedictKing/claude-proxy/internal/metrics/channel_metrics.go:1961.3,1961.21 1 1
github.com/BenedictKing/claude-proxy/internal/metrics/channel_metrics.go:1964.2,1965.16 2 1
github.com/BenedictKing/claude-proxy/internal/metrics/channel_metrics.go:1965.16,1967.3 1 0
github.com/BenedictKing/claude-proxy/internal/metrics/channel_metrics.go:1969.2,1970.99 2 1
github.com/BenedictKing/claude-proxy/internal/metrics/channel_metrics.go:1970.99,1975.10 4 1
github.com/BenedictKing/claude-proxy/internal/metrics/channel_metrics.go:1976.63,1978.29 2 1
github.com/BenedictKing/claude-proxy/internal/metrics/channel_metrics.go:1978.29,1979.69 1 1
github.com/BenedictKing/claude-proxy/internal/metrics/channel_metrics.go:1979.69,1981.23 2 1
github.com/BenedictKing/claude-proxy/internal/metrics/channel_metrics.go:1981.23,1983.7 1 1
github.com/BenedictKing/claude-proxy/internal/metrics/channel_metrics.go:1986.35,1987.22 1 1
github.com/BenedictKing/claude-proxy/internal/metrics/channel_metrics.go:1988.11,1989.29 1 1
github.com/BenedictKing/claude-proxy/internal/metrics/channel_metrics.go:1992.3,1993.27 2 1
github.com/BenedictKing/claude-proxy/internal/metrics/channel_metrics.go:1993.27,1995.4 1 1
github.com/BenedictKing/claude-proxy/internal/metrics/channel_metrics.go:1996.3,2002.5 1 1
github.com/BenedictKing/claude-proxy/internal/metrics/channel_metrics.go:2005.2,2005.24 1 1
github.com/BenedictKing/claude-proxy/internal/metrics/channel_metrics.go:2015.105,2017.36 1 1
github.com/BenedictKing/claude-proxy/internal/metrics/channel_metrics.go:2017.36,2019.3 1 0
github.com/BenedictKing/claude-proxy/internal/metrics/channel_metrics.go:2021.2,2031.20 7 1
github.com/BenedictKing/claude-proxy/internal/metrics/channel_metrics.go:2031.20,2033.3 1 0
github.com/BenedictKing/claude-proxy/internal/metrics/channel_metrics.go:2034.2,2038.33 3 1
github.com/BenedictKing/claude-proxy/internal/metrics/channel_metrics.go:2038.33,2040.3 1 1
github.com/BenedictKing/claude-proxy/internal/metrics/channel_metrics.go:2043.2,2043.39 1 1
github.com/BenedictKing/claude-proxy/internal/metrics/channel_metrics.go:2043.39,2044.49 1 1
github.com/BenedictKing/claude-proxy/internal/metrics/channel_metrics.go:2044.49,2046.79 1 1
github.com/BenedictKing/claude-proxy/internal/metrics/channel_metrics.go:2046.79,2048.49 2 1
github.com/BenedictKing/claude-proxy/internal/metrics/channel_metrics.go:2048.49,2051.24 3 1
github.com/BenedictKing/claude-proxy/internal/metrics/channel_metrics.go:2051.24,2053.7 1 1
github.com/BenedictKing/claude-proxy/internal/metrics/channel_metrics.go:2053.12,2055.7 1 1
github.com/BenedictKing/claude-proxy/internal/metrics/channel_metrics.go:2062.2,2063.33 2 1
github.com/BenedictKing/claude-proxy/internal/metrics/channel_metrics.go:2063.33,2067.25 3 1
github.com/BenedictKing/claude-proxy/internal/metrics/channel_metrics.go:2067.25,2069.4 1 1
github.com/BenedictKing/claude-proxy/internal/metrics/channel_metrics.go:2070.3,2076.4 1 1
github.com/BenedictKing/claude-proxy/internal/metrics/channel_metrics.go:2079.2,2079.15 1 1
github.com/BenedictKing/claude-proxy/internal/metrics/channel_metrics.go:2083.128,2085.36 1 1
github.com/BenedictKing/claude-proxy/internal/metrics/channel_metrics.go:2085.36,2087.3 1 1
github.com/BenedictKing/claude-proxy/internal/metrics/channel_metrics.go:2089.2,2099.20 7 1
github.com/BenedictKing/claude-proxy/internal/metrics/channel_metrics.go:2099.20,2101.3 1 0
github.com/BenedictKing/claude-proxy/internal/metrics/channel_metrics.go:2102.2,2106.33 3 1
github.com/BenedictKing/claude-proxy/internal/metrics/channel_metrics.go:2106.33,2108.3 1 1
github.com/BenedictKing/claude-proxy/internal/metrics/channel_metrics.go:2111.2,2113.13 3 1
github.com/BenedictKing/claude-proxy/internal/metrics/channel_metrics.go:2113.13,2116.34 2 1
github.com/BenedictKing/claude-proxy/internal/metrics/channel_metrics.go:2116.34,2120.4 1 1
github.com/BenedictKing/claude-proxy/internal/metrics/channel_metrics.go:2121.3,2121.16 1 1
github.com/BenedictKing/claude-proxy/internal/metrics/channel_metrics.go:2125.2,2125.48 1 1
github.com/BenedictKing/claude-proxy/internal/metrics/channel_metrics.go:2125.48,2127.76 1 1
github.com/BenedictKing/claude-proxy/internal/metrics/channel_metrics.go:2127.76,2129.48 2 1
[...]
github.com/BenedictKing/claude-proxy/internal/metrics/channel_metrics.go:2728.3,2728.19 1 1
github.com/BenedictKing/claude-proxy/internal/metrics/channel_metrics.go:2731.2,2732.32 2 1
github.com/BenedictKing/claude-proxy/internal/metrics/channel_metrics.go:2732.32,2734.31 2 1
github.com/BenedictKing/claude-proxy/internal/metrics/channel_metrics.go:2734.31,2736.4 1 0
github.com/BenedictKing/claude-proxy/internal/metrics/channel_metrics.go:2737.3,2738.17 2 1
github.com/BenedictKing/claude-proxy/internal/metrics/channel_metrics.go:2738.17,2740.4 1 0
github.com/BenedictKing/claude-proxy/internal/metrics/channel_metrics.go:2741.3,2741.21 1 1
github.com/BenedictKing/claude-proxy/internal/metrics/channel_metrics.go:2744.2,2745.16 2 1
github.com/BenedictKing/claude-proxy/internal/metrics/channel_metrics.go:2745.16,2747.3 1 0
github.com/BenedictKing/claude-proxy/internal/metrics/channel_metrics.go:2749.2,2754.99 5 1
github.com/BenedictKing/claude-proxy/internal/metrics/channel_metrics.go:2754.99,2759.10 4 1
github.com/BenedictKing/claude-proxy/internal/metrics/channel_metrics.go:2760.63,2762.29 2 1
github.com/BenedictKing/claude-proxy/internal/metrics/channel_metrics.go:2762.29,2763.69 1 1
github.com/BenedictKing/claude-proxy/internal/metrics/channel_metrics.go:2763.69,2765.23 2 1
github.com/BenedictKing/claude-proxy/internal/metrics/channel_metrics.go:2765.23,2767.7 1 1
github.com/BenedictKing/claude-proxy/internal/metrics/channel_metrics.go:2770.35,2771.22 1 1
github.com/BenedictKing/claude-proxy/internal/metrics/channel_metrics.go:2772.11,2773.29 1 1
github.com/BenedictKing/claude-proxy/internal/metrics/channel_metrics.go:2776.3,2777.27 2 1
github.com/BenedictKing/claude-proxy/internal/metrics/channel_metrics.go:2777.27,2779.4 1 1
github.com/BenedictKing/claude-proxy/internal/metrics/channel_metrics.go:2781.3,2801.34 9 1
github.com/BenedictKing/claude-proxy/internal/metrics/channel_metrics.go:2804.2,2805.23 2 1
github.com/BenedictKing/claude-proxy/internal/metrics/channel_metrics.go:2805.23,2807.3 1 1
github.com/BenedictKing/claude-proxy/internal/metrics/channel_metrics.go:2809.2,2826.8 2 1
github.com/BenedictKing/claude-proxy/internal/metrics/channel_metrics.go:2842.45,2846.2 3 1
github.com/BenedictKing/claude-proxy/internal/metrics/circuit_breaker.go:42.66,43.59 1 1
github.com/BenedictKing/claude-proxy/internal/metrics/circuit_breaker.go:43.59,45.3 1 1
github.com/BenedictKing/claude-proxy/internal/metrics/circuit_breaker.go:46.2,46.33 1 1
github.com/BenedictKing/claude-proxy/internal/metrics/circuit_breaker.go:46.33,48.3 1 1
github.com/BenedictKing/claude-proxy/internal/metrics/circuit_breaker.go:49.2,49.26 1 1
github.com/BenedictKing/claude-proxy/internal/metrics/circuit_breaker.go:49.26,51.3 1 1
github.com/BenedictKing/claude-proxy/internal/metrics/circuit_breaker.go:52.2,52.61 1 1
github.com/BenedictKing/claude-proxy/internal/metrics/circuit_breaker.go:52.61,54.3 1 1
github.com/BenedictKing/claude-proxy/internal/metrics/circuit_breaker.go:56.2,59.3 1 1
github.com/BenedictKing/claude-proxy/internal/metrics/circuit_breaker.go:62.47,64.2 1 1
github.com/BenedictKing/claude-proxy/internal/metrics/circuit_breaker.go:66.48,68.2 1 1
github.com/BenedictKing/claude-proxy/internal/metrics/circuit_breaker.go:71.58,72.17 1 1
github.com/BenedictKing/claude-proxy/internal/metrics/circuit_breaker.go:73.21,74.14 1 1
github.com/BenedictKing/claude-proxy/internal/metrics/circuit_breaker.go:75.23,76.14 1 0
github.com/BenedictKing/claude-proxy/internal/metrics/circuit_breaker.go:77.19,78.24 1 1
github.com/BenedictKing/claude-proxy/internal/metrics/circuit_breaker.go:78.24,81.4 2 1
github.com/BenedictKing/claude-proxy/internal/metrics/circuit_breaker.go:82.3,82.48 1 1
github.com/BenedictKing/claude-proxy/internal/metrics/circuit_breaker.go:82.48,85.4 2 1
github.com/BenedictKing/claude-proxy/internal/metrics/circuit_breaker.go:86.3,86.15 1 1
github.com/BenedictKing/claude-proxy/internal/metrics/circuit_breaker.go:87.10,88.14 1 0
github.com/BenedictKing/claude-proxy/internal/metrics/circuit_breaker.go:93.55,94.17 1 1
github.com/BenedictKing/claude-proxy/internal/metrics/circuit_breaker.go:95.21,96.9 1 1
github.com/BenedictKing/claude-proxy/internal/metrics/circuit_breaker.go:97.19,99.17 1 1
github.com/BenedictKing/claude-proxy/internal/metrics/circuit_breaker.go:100.23,100.23 0 1
github.com/BenedictKing/claude-proxy/internal/metrics/circuit_breaker.go:103.2,105.27 3 1
github.com/BenedictKing/claude-proxy/internal/metrics/circuit_breaker.go:109.93,110.17 1 1
github.com/BenedictKing/claude-proxy/internal/metrics/circuit_breaker.go:111.21,112.88 1 1
github.com/BenedictKing/claude-proxy/internal/metrics/circuit_breaker.go:112.88,114.4 1 1
github.com/BenedictKing/claude-proxy/internal/metrics/circuit_breaker.go:115.3,115.9 1 1
github.com/BenedictKing/claude-proxy/internal/metrics/circuit_breaker.go:116.19,119.9 2 1
github.com/BenedictKing/claude-proxy/internal/metrics/circuit_breaker.go:120.23,123.9 2 1
github.com/BenedictKing/claude-proxy/internal/metrics/circuit_breaker.go:124.10,125.9 1 0
github.com/BenedictKing/claude-proxy/internal/metrics/circuit_breaker.go:129.48,135.2 5 1
github.com/BenedictKing/claude-proxy/internal/metrics/circuit_breaker.go:137.39,141.2 3 1
github.com/BenedictKing/claude-proxy/internal/metrics/circuit_breaker.go:143.37,148.2 4 1
github.com/BenedictKing/claude-proxy/internal/metrics/circuit_breaker.go:150.60,151.52 1 1
github.com/BenedictKing/claude-proxy/internal/metrics/circuit_breaker.go:151.52,153.3 1 1
github.com/BenedictKing/claude-proxy/internal/metrics/circuit_breaker.go:154.2,155.44 2 1
github.com/BenedictKing/claude-proxy/internal/metrics/circuit_breaker.go:155.44,158.3 2 1
github.com/BenedictKing/claude-proxy/internal/metrics/circuit_breaker.go:159.2,159.15 1 0
github.com/BenedictKing/claude-proxy/internal/metrics/sqlite_store.go:54.67,55.16 1 1
github.com/BenedictKing/claude-proxy/internal/metrics/sqlite_store.go:55.16,60.3 1 0
github.com/BenedictKing/claude-proxy/internal/metrics/sqlite_store.go:63.2,63.27 1 1
github.com/BenedictKing/claude-proxy/internal/metrics/sqlite_store.go:63.27,65.3 1 1
github.com/BenedictKing/claude-proxy/internal/metrics/sqlite_store.go:65.8,65.35 1 1
github.com/BenedictKing/claude-proxy/internal/metrics/sqlite_store.go:65.35,67.3 1 0
github.com/BenedictKing/claude-proxy/internal/metrics/sqlite_store.go:70.2,71.47 2 1
github.com/BenedictKing/claude-proxy/internal/metrics/sqlite_store.go:71.47,73.3 1 0
github.com/BenedictKing/claude-proxy/internal/metrics/sqlite_store.go:77.2,79.16 3 1
github.com/BenedictKing/claude-proxy/internal/metrics/sqlite_store.go:79.16,81.3 1 0
github.com/BenedictKing/claude-proxy/internal/metrics/sqlite_store.go:84.2,89.39 4 1
github.com/BenedictKing/claude-proxy/internal/metrics/sqlite_store.go:89.39,92.3 2 0
github.com/BenedictKing/claude-proxy/internal/metrics/sqlite_store.go:94.2,113.19 7 1
github.com/BenedictKing/claude-proxy/internal/metrics/sqlite_store.go:117.35,195.16 3 1
github.com/BenedictKing/claude-proxy/internal/metrics/sqlite_store.go:195.16,197.3 1 0
github.com/BenedictKing/claude-proxy/internal/metrics/sqlite_store.go:200.2,205.31 2 1
github.com/BenedictKing/claude-proxy/internal/metrics/sqlite_store.go:205.31,208.3 1 1
github.com/BenedictKing/claude-proxy/internal/metrics/sqlite_store.go:210.2,210.12 1 1
github.com/BenedictKing/claude-proxy/internal/metrics/sqlite_store.go:215.64,217.16 2 1
github.com/BenedictKing/claude-proxy/internal/metrics/sqlite_store.go:217.16,219.3 1 0
github.com/BenedictKing/claude-proxy/internal/metrics/sqlite_store.go:221.2,256.16 5 1
github.com/BenedictKing/claude-proxy/internal/metrics/sqlite_store.go:256.16,258.3 1 0
github.com/BenedictKing/claude-proxy/internal/metrics/sqlite_store.go:259.2,259.12 1 1
github.com/BenedictKing/claude-proxy/internal/metrics/sqlite_store.go:263.58,265.14 2 1
github.com/BenedictKing/claude-proxy/internal/metrics/sqlite_store.go:265.14,268.3 2 1
github.com/BenedictKing/claude-proxy/internal/metrics/sqlite_store.go:270.2,271.54 2 1
github.com/BenedictKing/claude-proxy/internal/metrics/sqlite_store.go:271.54,275.3 3 1
github.com/BenedictKing/claude-proxy/internal/metrics/sqlite_store.go:277.2,281.17 4 1
github.com/BenedictKing/claude-proxy/internal/metrics/sqlite_store.go:281.17,283.13 2 1
github.com/BenedictKing/claude-proxy/internal/metrics/sqlite_store.go:283.13,286.4 2 1
github.com/BenedictKing/claude-proxy/internal/metrics/sqlite_store.go:292.34,294.2 1 1
github.com/BenedictKing/claude-proxy/internal/metrics/sqlite_store.go:297.31,299.29 2 1
github.com/BenedictKing/claude-proxy/internal/metrics/sqlite_store.go:299.29,302.3 2 1
github.com/BenedictKing/claude-proxy/internal/metrics/sqlite_store.go:305.2,310.56 4 1
github.com/BenedictKing/claude-proxy/internal/metrics/sqlite_store.go:310.56,313.3 2 0
github.com/BenedictKing/claude-proxy/internal/metrics/sqlite_store.go:316.78,319.58 3 1
github.com/BenedictKing/claude-proxy/internal/metrics/sqlite_store.go:319.58,320.55 1 1
github.com/BenedictKing/claude-proxy/internal/metrics/sqlite_store.go:320.55,322.4 1 1
github.com/BenedictKing/claude-proxy/internal/metrics/sqlite_store.go:322.9,324.4 1 1
github.com/BenedictKing/claude-proxy/internal/metrics/sqlite_store.go:326.3,326.32 1 1
github.com/BenedictKing/claude-proxy/internal/metrics/sqlite_store.go:326.32,329.4 2 1
github.com/BenedictKing/claude-proxy/internal/metrics/sqlite_store.go:331.2,331.16 1 1
github.com/BenedictKing/claude-proxy/internal/metrics/sqlite_store.go:334.74,339.20 4 1
github.com/BenedictKing/claude-proxy/internal/metrics/sqlite_store.go:339.20,342.3 2 1
github.com/BenedictKing/claude-proxy/internal/metrics/sqlite_store.go:345.2,346.20 2 1
github.com/BenedictKing/claude-proxy/internal/metrics/sqlite_store.go:346.20,350.3 3 1
github.com/BenedictKing/claude-proxy/internal/metrics/sqlite_store.go:352.2,353.30 2 1
github.com/BenedictKing/claude-proxy/internal/metrics/sqlite_store.go:353.30,359.3 4 1
github.com/BenedictKing/claude-proxy/internal/metrics/sqlite_store.go:361.2,361.48 1 1
github.com/BenedictKing/claude-proxy/internal/metrics/sqlite_store.go:365.76,366.23 1 1
github.com/BenedictKing/claude-proxy/internal/metrics/sqlite_store.go:366.23,368.3 1 1
github.com/BenedictKing/claude-proxy/internal/metrics/sqlite_store.go:370.2,371.16 2 1
github.com/BenedictKing/claude-proxy/internal/metrics/sqlite_store.go:371.16,373.3 1 1
github.com/BenedictKing/claude-proxy/internal/metrics/sqlite_store.go:374.2,374.15 1 1
github.com/BenedictKing/claude-proxy/internal/metrics/sqlite_store.go:374.15,374.36 1 1
github.com/BenedictKing/claude-proxy/internal/metrics/sqlite_store.go:376.2,382.16 2 1
github.com/BenedictKing/claude-proxy/internal/metrics/sqlite_store.go:382.16,384.3 1 0
github.com/BenedictKing/claude-proxy/internal/metrics/sqlite_store.go:385.2,387.28 2 1
github.com/BenedictKing/claude-proxy/internal/metrics/sqlite_store.go:387.28,389.16 2 1
github.com/BenedictKing/claude-proxy/internal/metrics/sqlite_store.go:389.16,391.4 1 1
github.com/BenedictKing/claude-proxy/internal/metrics/sqlite_store.go:392.3,396.17 2 1
github.com/BenedictKing/claude-proxy/internal/metrics/sqlite_store.go:396.17,398.4 1 0
github.com/BenedictKing/claude-proxy/internal/metrics/sqlite_store.go:401.2,401.20 1 1
github.com/BenedictKing/claude-proxy/internal/metrics/sqlite_store.go:405.96,414.16 2 1
github.com/BenedictKing/claude-proxy/internal/metrics/sqlite_store.go:414.16,416.3 1 1
github.com/BenedictKing/claude-proxy/internal/metrics/sqlite_store.go:417.2,420.18 3 1
github.com/BenedictKing/claude-proxy/internal/metrics/sqlite_store.go:420.18,430.17 5 1
github.com/BenedictKing/claude-proxy/internal/metrics/sqlite_store.go:430.17,432.4 1 0
github.com/BenedictKing/claude-proxy/internal/metrics/sqlite_store.go:434.3,437.31 4 1
github.com/BenedictKing/claude-proxy/internal/metrics/sqlite_store.go:440.2,440.28 1 1
github.com/BenedictKing/claude-proxy/internal/metrics/sqlite_store.go:444.74,449.16 2 1
github.com/BenedictKing/claude-proxy/internal/metrics/sqlite_store.go:449.16,451.3 1 0
github.com/BenedictKing/claude-proxy/internal/metrics/sqlite_store.go:452.2,452.30 1 1
github.com/BenedictKing/claude-proxy/internal/metrics/sqlite_store.go:456.35,461.6 4 1
github.com/BenedictKing/claude-proxy/internal/metrics/sqlite_store.go:461.6,462.10 1 1
github.com/BenedictKing/claude-proxy/internal/metrics/sqlite_store.go:463.19,464.13 1 0
github.com/BenedictKing/claude-proxy/internal/metrics/sqlite_store.go:465.19,467.10 2 1
github.com/BenedictKing/claude-proxy/internal/metrics/sqlite_store.go:473.37,479.6 4 1
github.com/BenedictKing/claude-proxy/internal/metrics/sqlite_store.go:479.6,480.10 1 1
github.com/BenedictKing/claude-proxy/internal/metrics/sqlite_store.go:481.19,482.17 1 0
github.com/BenedictKing/claude-proxy/internal/metrics/sqlite_store.go:483.19,484.10 1 1
github.com/BenedictKing/claude-proxy/internal/metrics/sqlite_store.go:490.35,493.16 3 1
github.com/BenedictKing/claude-proxy/internal/metrics/sqlite_store.go:493.16,495.3 1 0
github.com/BenedictKing/claude-proxy/internal/metrics/sqlite_store.go:495.8,495.24 1 1
github.com/BenedictKing/claude-proxy/internal/metrics/sqlite_store.go:495.24,497.3 1 1
github.com/BenedictKing/claude-proxy/internal/metrics/sqlite_store.go:499.2,500.19 2 1
github.com/BenedictKing/claude-proxy/internal/metrics/sqlite_store.go:500.19,502.3 1 0
github.com/BenedictKing/claude-proxy/internal/metrics/sqlite_store.go:502.8,502.27 1 1
github.com/BenedictKing/claude-proxy/internal/metrics/sqlite_store.go:502.27,504.3 1 1
github.com/BenedictKing/claude-proxy/internal/metrics/sqlite_store.go:508.37,522.39 7 1
github.com/BenedictKing/claude-proxy/internal/metrics/sqlite_store.go:522.39,526.12 4 1
github.com/BenedictKing/claude-proxy/internal/metrics/sqlite_store.go:526.12,527.9 1 1
github.com/BenedictKing/claude-proxy/internal/metrics/sqlite_store.go:529.3,529.12 1 0
github.com/BenedictKing/claude-proxy/internal/metrics/sqlite_store.go:532.2,532.21 1 1
github.com/BenedictKing/claude-proxy/internal/metrics/sqlite_store.go:543.62,549.19 5 1
github.com/BenedictKing/claude-proxy/internal/metrics/sqlite_store.go:549.19,551.3 1 1
github.com/BenedictKing/claude-proxy/internal/metrics/sqlite_store.go:553.2,558.3 1 1
github.com/BenedictKing/claude-proxy/internal/metrics/sqlite_store.go:573.133,591.26 4 1
github.com/BenedictKing/claude-proxy/internal/metrics/sqlite_store.go:591.26,595.33 4 1
github.com/BenedictKing/claude-proxy/internal/metrics/sqlite_store.go:595.33,597.4 1 1
github.com/BenedictKing/claude-proxy/internal/metrics/sqlite_store.go:600.2,611.16 3 1
github.com/BenedictKing/claude-proxy/internal/metrics/sqlite_store.go:611.16,613.3 1 0
github.com/BenedictKing/claude-proxy/internal/metrics/sqlite_store.go:614.2,614.17 1 1
github.com/BenedictKing/claude-proxy/internal/metrics/sqlite_store.go:617.172,619.26 2 1
github.com/BenedictKing/claude-proxy/internal/metrics/sqlite_store.go:619.26,621.3 1 1
github.com/BenedictKing/claude-proxy/internal/metrics/sqlite_store.go:623.2,643.26 6 1
github.com/BenedictKing/claude-proxy/internal/metrics/sqlite_store.go:643.26,647.33 4 1
github.com/BenedictKing/claude-proxy/internal/metrics/sqlite_store.go:647.33,649.4 1 1
github.com/BenedictKing/claude-proxy/internal/metrics/sqlite_store.go:652.2,655.16 3 1
github.com/BenedictKing/claude-proxy/internal/metrics/sqlite_store.go:655.16,657.3 1 1
github.com/BenedictKing/claude-proxy/internal/metrics/sqlite_store.go:658.2,661.18 3 1
github.com/BenedictKing/claude-proxy/internal/metrics/sqlite_store.go:661.18,674.17 3 1
github.com/BenedictKing/claude-proxy/internal/metrics/sqlite_store.go:674.17,676.4 1 0
github.com/BenedictKing/claude-proxy/internal/metrics/sqlite_store.go:677.3,677.23 1 1
github.com/BenedictKing/claude-proxy/internal/metrics/sqlite_store.go:679.2,679.35 1 1
github.com/BenedictKing/claude-proxy/internal/metrics/sqlite_store.go:679.35,681.3 1 0
github.com/BenedictKing/claude-proxy/internal/metrics/sqlite_store.go:682.2,682.20 1 1
github.com/BenedictKing/claude-proxy/internal/metrics/sqlite_store.go:685.134,704.26 4 1
github.com/BenedictKing/claude-proxy/internal/metrics/sqlite_store.go:704.26,708.33 4 1
github.com/BenedictKing/claude-proxy/internal/metrics/sqlite_store.go:708.33,710.4 1 1
github.com/BenedictKing/claude-proxy/internal/metrics/sqlite_store.go:713.2,716.16 3 1
github.com/BenedictKing/claude-proxy/internal/metrics/sqlite_store.go:716.16,718.3 1 0
github.com/BenedictKing/claude-proxy/internal/metrics/sqlite_store.go:719.2,722.18 3 1
github.com/BenedictKing/claude-proxy/internal/metrics/sqlite_store.go:722.18,735.17 3 1
github.com/BenedictKing/claude-proxy/internal/metrics/sqlite_store.go:735.17,737.4 1 0
github.com/BenedictKing/claude-proxy/internal/metrics/sqlite_store.go:738.3,738.24 1 1
github.com/BenedictKing/claude-proxy/internal/metrics/sqlite_store.go:740.2,740.35 1 1
github.com/BenedictKing/claude-proxy/internal/metrics/sqlite_store.go:740.35,742.3 1 0
github.com/BenedictKing/claude-proxy/internal/metrics/sqlite_store.go:743.2,743.20 1 1
github.com/BenedictKing/claude-proxy/internal/metrics/sqlite_store.go:747.55,751.2 3 1
github.com/BenedictKing/claude-proxy/internal/metrics/sqlite_store.go:753.71,754.29 1 1
github.com/BenedictKing/claude-proxy/internal/metrics/sqlite_store.go:754.29,756.3 1 1
github.com/BenedictKing/claude-proxy/internal/metrics/sqlite_store.go:757.2,757.31 1 1
github.com/BenedictKing/claude-proxy/internal/metrics/sqlite_store.go:757.31,759.3 1 1
github.com/BenedictKing/claude-proxy/internal/metrics/sqlite_store.go:761.2,764.12 4 1
github.com/BenedictKing/claude-proxy/internal/metrics/sqlite_store.go:764.12,766.3 1 1
github.com/BenedictKing/claude-proxy/internal/metrics/sqlite_store.go:768.2,769.23 2 1
github.com/BenedictKing/claude-proxy/internal/metrics/sqlite_store.go:769.23,771.3 1 1
github.com/BenedictKing/claude-proxy/internal/metrics/sqlite_store.go:773.2,798.16 2 1
github.com/BenedictKing/claude-proxy/internal/metrics/sqlite_store.go:798.16,800.3 1 0
github.com/BenedictKing/claude-proxy/internal/metrics/sqlite_store.go:801.2,801.12 1 1
github.com/BenedictKing/claude-proxy/internal/metrics/sqlite_store.go:804.110,805.19 1 1
github.com/BenedictKing/claude-proxy/internal/metrics/sqlite_store.go:805.19,807.3 1 1
github.com/BenedictKing/claude-proxy/internal/metrics/sqlite_store.go:808.2,808.16 1 1
github.com/BenedictKing/claude-proxy/internal/metrics/sqlite_store.go:808.16,810.3 1 1
github.com/BenedictKing/claude-proxy/internal/metrics/sqlite_store.go:811.2,811.17 1 1
github.com/BenedictKing/claude-proxy/internal/metrics/sqlite_store.go:811.17,813.3 1 1
github.com/BenedictKing/claude-proxy/internal/metrics/sqlite_store.go:814.2,814.16 1 1
github.com/BenedictKing/claude-proxy/internal/metrics/sqlite_store.go:814.16,816.3 1 1
github.com/BenedictKing/claude-proxy/internal/metrics/sqlite_store.go:818.2,819.116 2 1
github.com/BenedictKing/claude-proxy/internal/metrics/sqlite_store.go:819.116,821.3 1 0
github.com/BenedictKing/claude-proxy/internal/metrics/sqlite_store.go:823.2,839.16 2 1
github.com/BenedictKing/claude-proxy/internal/metrics/sqlite_store.go:839.16,841.3 1 0
github.com/BenedictKing/claude-proxy/internal/metrics/sqlite_store.go:842.2,845.18 3 1
github.com/BenedictKing/claude-proxy/internal/metrics/sqlite_store.go:845.18,867.17 4 1
github.com/BenedictKing/claude-proxy/internal/metrics/sqlite_store.go:867.17,869.4 1 0
github.com/BenedictKing/claude-proxy/internal/metrics/sqlite_store.go:871.3,874.25 4 1
github.com/BenedictKing/claude-proxy/internal/metrics/sqlite_store.go:876.2,876.35 1 1
github.com/BenedictKing/claude-proxy/internal/metrics/sqlite_store.go:876.35,878.3 1 0
github.com/BenedictKing/claude-proxy/internal/metrics/sqlite_store.go:880.2,880.25 1 1
github.com/BenedictKing/claude-proxy/internal/metrics/sqlite_store.go:883.62,886.16 3 1
github.com/BenedictKing/claude-proxy/internal/metrics/sqlite_store.go:886.16,888.3 1 0
github.com/BenedictKing/claude-proxy/internal/metrics/sqlite_store.go:889.2,889.30 1 1
